Generalplus u'nSP Assembler - Ver. 1.14.13.0
              Listing File Has Been Relocated
                            	// GCC for GeneralPlus u'nSP version 1.1.0.3
                            	// Command: C:\GENERA~1\UNSPID~1.4\toolchain\cc1.exe C:\Users\XIANGX~1.LIU\AppData\Local\Temp\ccbqU4Oj.i -fkeep-inline-functions -quiet -dumpbase isr.c -mglobal-var-iram -gstabs -Wall -o .\Debug/isr.asm
                            		.external __sn_func_ptr_sec
                            	
                            	// gcc2_compiled.:
                            	
00000000                    	.debug
00000000 2E 00 73 00        		.dw '.stabs "C:/Users/xiangxiang.liu/Desktop/Ex09/",0x64,0,3,',0,0,offset Ltext0,seg Ltext0,0x0d,0x0a
         74 00 61 00
         62 00 73 00
         20 00 22 00
         43 00 3A 00
         2F 00 55 00
         73 00 65 00
         72 00 73 00
         2F 00 78 00
         69 00 61 00
         6E 00 67 00
         78 00 69 00
         61 00 6E 00
         67 00 2E 00
         6C 00 69 00
         75 00 2F 00
         44 00 65 00
         73 00 6B 00
         74 00 6F 00
         70 00 2F 00
         45 00 78 00
         30 00 39 00
         2F 00 22 00
         2C 00 30 00
         78 00 36 00
         34 00 2C 00
         30 00 2C 00
         33 00 2C 00
         00 00 00 00
         00 00 00 00
         0D 00 0A 00
00000000                    	.code
0000003E                    	.debug
0000003E 2E 00 73 00        		.dw '.stabs "C:/Users/xiangxiang.liu/Desktop/Ex09/isr.c",0x64,0,3,',0,0,offset Ltext0,seg Ltext0,0x0d,0x0a
         74 00 61 00
         62 00 73 00
         20 00 22 00
         43 00 3A 00
         2F 00 55 00
         73 00 65 00
         72 00 73 00
         2F 00 78 00
         69 00 61 00
         6E 00 67 00
         78 00 69 00
         61 00 6E 00
         67 00 2E 00
         6C 00 69 00
         75 00 2F 00
         44 00 65 00
         73 00 6B 00
         74 00 6F 00
         70 00 2F 00
         45 00 78 00
         30 00 39 00
         2F 00 69 00
         73 00 72 00
         2E 00 63 00
         22 00 2C 00
         30 00 78 00
         36 00 34 00
         2C 00 30 00
         2C 00 33 00
         2C 00 00 00
         00 00 00 00
         00 00 0D 00
         0A 00      
00000000                    	.code
00000000                    	.code
                            	Ltext0:
00000081                    	.debug
00000081 2E 00 73 00        		.dw '.stabs "int:t1=r1;-32768;32767;",128,0,0,0',0x0d,0x0a
         74 00 61 00
         62 00 73 00
         20 00 22 00
         69 00 6E 00
         74 00 3A 00
         74 00 31 00
         3D 00 72 00
         31 00 3B 00
         2D 00 33 00
         32 00 37 00
         36 00 38 00
         3B 00 33 00
         32 00 37 00
         36 00 37 00
         3B 00 22 00
         2C 00 31 00
         32 00 38 00
         2C 00 30 00
         2C 00 30 00
         2C 00 30 00
         0D 00 0A 00
00000000                    	.CODE
000000AD                    	.debug
000000AD 2E 00 73 00        		.dw '.stabs "char:t2=r2;0;127;",128,0,0,0',0x0d,0x0a
         74 00 61 00
         62 00 73 00
         20 00 22 00
         63 00 68 00
         61 00 72 00
         3A 00 74 00
         32 00 3D 00
         72 00 32 00
         3B 00 30 00
         3B 00 31 00
         32 00 37 00
         3B 00 22 00
         2C 00 31 00
         32 00 38 00
         2C 00 30 00
         2C 00 30 00
         2C 00 30 00
         0D 00 0A 00
00000000                    	.CODE
000000D3                    	.debug
000000D3 2E 00 73 00        		.dw '.stabs "long int:t3=r3;-2147483648;2147483647;",128,0,0,0',0x0d,0x0a
         74 00 61 00
         62 00 73 00
         20 00 22 00
         6C 00 6F 00
         6E 00 67 00
         20 00 69 00
         6E 00 74 00
         3A 00 74 00
         33 00 3D 00
         72 00 33 00
         3B 00 2D 00
         32 00 31 00
         34 00 37 00
         34 00 38 00
         33 00 36 00
         34 00 38 00
         3B 00 32 00
         31 00 34 00
         37 00 34 00
         38 00 33 00
         36 00 34 00
         37 00 3B 00
         22 00 2C 00
         31 00 32 00
         38 00 2C 00
         30 00 2C 00
         30 00 2C 00
         30 00 0D 00
         0A 00      
00000000                    	.CODE
0000010E                    	.debug
0000010E 2E 00 73 00        		.dw '.stabs "unsigned int:t4=r4;0;65535;",128,0,0,0',0x0d,0x0a
         74 00 61 00
         62 00 73 00
         20 00 22 00
         75 00 6E 00
         73 00 69 00
         67 00 6E 00
         65 00 64 00
         20 00 69 00
         6E 00 74 00
         3A 00 74 00
         34 00 3D 00
         72 00 34 00
         3B 00 30 00
         3B 00 36 00
         35 00 35 00
         33 00 35 00
         3B 00 22 00
         2C 00 31 00
         32 00 38 00
         2C 00 30 00
         2C 00 30 00
         2C 00 30 00
         0D 00 0A 00
00000000                    	.CODE
0000013E                    	.debug
0000013E 2E 00 73 00        		.dw '.stabs "long unsigned int:t5=r5;0;4294967295;",128,0,0,0',0x0d,0x0a
         74 00 61 00
         62 00 73 00
         20 00 22 00
         6C 00 6F 00
         6E 00 67 00
         20 00 75 00
         6E 00 73 00
         69 00 67 00
         6E 00 65 00
         64 00 20 00
         69 00 6E 00
         74 00 3A 00
         74 00 35 00
         3D 00 72 00
         35 00 3B 00
         30 00 3B 00
         34 00 32 00
         39 00 34 00
         39 00 36 00
         37 00 32 00
         39 00 35 00
         3B 00 22 00
         2C 00 31 00
         32 00 38 00
         2C 00 30 00
         2C 00 30 00
         2C 00 30 00
         0D 00 0A 00
00000000                    	.CODE
00000178                    	.debug
00000178 2E 00 73 00        		.dw '.stabs "long long int:t6=r6;-2147483648;2147483647;",128,0,0,0',0x0d,0x0a
         74 00 61 00
         62 00 73 00
         20 00 22 00
         6C 00 6F 00
         6E 00 67 00
         20 00 6C 00
         6F 00 6E 00
         67 00 20 00
         69 00 6E 00
         74 00 3A 00
         74 00 36 00
         3D 00 72 00
         36 00 3B 00
         2D 00 32 00
         31 00 34 00
         37 00 34 00
         38 00 33 00
         36 00 34 00
         38 00 3B 00
         32 00 31 00
         34 00 37 00
         34 00 38 00
         33 00 36 00
         34 00 37 00
         3B 00 22 00
         2C 00 31 00
         32 00 38 00
         2C 00 30 00
         2C 00 30 00
         2C 00 30 00
         0D 00 0A 00
00000000                    	.CODE
000001B8                    	.debug
000001B8 2E 00 73 00        		.dw '.stabs "long long unsigned int:t7=r7;0;4294967295;",128,0,0,0',0x0d,0x0a
         74 00 61 00
         62 00 73 00
         20 00 22 00
         6C 00 6F 00
         6E 00 67 00
         20 00 6C 00
         6F 00 6E 00
         67 00 20 00
         75 00 6E 00
         73 00 69 00
         67 00 6E 00
         65 00 64 00
         20 00 69 00
         6E 00 74 00
         3A 00 74 00
         37 00 3D 00
         72 00 37 00
         3B 00 30 00
         3B 00 34 00
         32 00 39 00
         34 00 39 00
         36 00 37 00
         32 00 39 00
         35 00 3B 00
         22 00 2C 00
         31 00 32 00
         38 00 2C 00
         30 00 2C 00
         30 00 2C 00
         30 00 0D 00
         0A 00      
00000000                    	.CODE
000001F7                    	.debug
000001F7 2E 00 73 00        		.dw '.stabs "short int:t8=r8;-32768;32767;",128,0,0,0',0x0d,0x0a
         74 00 61 00
         62 00 73 00
         20 00 22 00
         73 00 68 00
         6F 00 72 00
         74 00 20 00
         69 00 6E 00
         74 00 3A 00
         74 00 38 00
         3D 00 72 00
         38 00 3B 00
         2D 00 33 00
         32 00 37 00
         36 00 38 00
         3B 00 33 00
         32 00 37 00
         36 00 37 00
         3B 00 22 00
         2C 00 31 00
         32 00 38 00
         2C 00 30 00
         2C 00 30 00
         2C 00 30 00
         0D 00 0A 00
00000000                    	.CODE
00000229                    	.debug
00000229 2E 00 73 00        		.dw '.stabs "short unsigned int:t9=r9;0;65535;",128,0,0,0',0x0d,0x0a
         74 00 61 00
         62 00 73 00
         20 00 22 00
         73 00 68 00
         6F 00 72 00
         74 00 20 00
         75 00 6E 00
         73 00 69 00
         67 00 6E 00
         65 00 64 00
         20 00 69 00
         6E 00 74 00
         3A 00 74 00
         39 00 3D 00
         72 00 39 00
         3B 00 30 00
         3B 00 36 00
         35 00 35 00
         33 00 35 00
         3B 00 22 00
         2C 00 31 00
         32 00 38 00
         2C 00 30 00
         2C 00 30 00
         2C 00 30 00
         0D 00 0A 00
00000000                    	.CODE
0000025F                    	.debug
0000025F 2E 00 73 00        		.dw '.stabs "signed char:t10=r10;-32768;32767;",128,0,0,0',0x0d,0x0a
         74 00 61 00
         62 00 73 00
         20 00 22 00
         73 00 69 00
         67 00 6E 00
         65 00 64 00
         20 00 63 00
         68 00 61 00
         72 00 3A 00
         74 00 31 00
         30 00 3D 00
         72 00 31 00
         30 00 3B 00
         2D 00 33 00
         32 00 37 00
         36 00 38 00
         3B 00 33 00
         32 00 37 00
         36 00 37 00
         3B 00 22 00
         2C 00 31 00
         32 00 38 00
         2C 00 30 00
         2C 00 30 00
         2C 00 30 00
         0D 00 0A 00
00000000                    	.CODE
00000295                    	.debug
00000295 2E 00 73 00        		.dw '.stabs "unsigned char:t11=r11;0;65535;",128,0,0,0',0x0d,0x0a
         74 00 61 00
         62 00 73 00
         20 00 22 00
         75 00 6E 00
         73 00 69 00
         67 00 6E 00
         65 00 64 00
         20 00 63 00
         68 00 61 00
         72 00 3A 00
         74 00 31 00
         31 00 3D 00
         72 00 31 00
         31 00 3B 00
         30 00 3B 00
         36 00 35 00
         35 00 33 00
         35 00 3B 00
         22 00 2C 00
         31 00 32 00
         38 00 2C 00
         30 00 2C 00
         30 00 2C 00
         30 00 0D 00
         0A 00      
00000000                    	.CODE
000002C8                    	.debug
000002C8 2E 00 73 00        		.dw '.stabs "float:t12=r1;2;0;",128,0,0,0',0x0d,0x0a
         74 00 61 00
         62 00 73 00
         20 00 22 00
         66 00 6C 00
         6F 00 61 00
         74 00 3A 00
         74 00 31 00
         32 00 3D 00
         72 00 31 00
         3B 00 32 00
         3B 00 30 00
         3B 00 22 00
         2C 00 31 00
         32 00 38 00
         2C 00 30 00
         2C 00 30 00
         2C 00 30 00
         0D 00 0A 00
00000000                    	.CODE
000002EE                    	.debug
000002EE 2E 00 73 00        		.dw '.stabs "double:t13=r1;2;0;",128,0,0,0',0x0d,0x0a
         74 00 61 00
         62 00 73 00
         20 00 22 00
         64 00 6F 00
         75 00 62 00
         6C 00 65 00
         3A 00 74 00
         31 00 33 00
         3D 00 72 00
         31 00 3B 00
         32 00 3B 00
         30 00 3B 00
         22 00 2C 00
         31 00 32 00
         38 00 2C 00
         30 00 2C 00
         30 00 2C 00
         30 00 0D 00
         0A 00      
00000000                    	.CODE
00000315                    	.debug
00000315 2E 00 73 00        		.dw '.stabs "long double:t14=r1;2;0;",128,0,0,0',0x0d,0x0a
         74 00 61 00
         62 00 73 00
         20 00 22 00
         6C 00 6F 00
         6E 00 67 00
         20 00 64 00
         6F 00 75 00
         62 00 6C 00
         65 00 3A 00
         74 00 31 00
         34 00 3D 00
         72 00 31 00
         3B 00 32 00
         3B 00 30 00
         3B 00 22 00
         2C 00 31 00
         32 00 38 00
         2C 00 30 00
         2C 00 30 00
         2C 00 30 00
         0D 00 0A 00
00000000                    	.CODE
00000341                    	.debug
00000341 2E 00 73 00        		.dw '.stabs "complex int:t15=s2real:1,0,16;imag:1,16,16;;",128,0,0,0',0x0d,0x0a
         74 00 61 00
         62 00 73 00
         20 00 22 00
         63 00 6F 00
         6D 00 70 00
         6C 00 65 00
         78 00 20 00
         69 00 6E 00
         74 00 3A 00
         74 00 31 00
         35 00 3D 00
         73 00 32 00
         72 00 65 00
         61 00 6C 00
         3A 00 31 00
         2C 00 30 00
         2C 00 31 00
         36 00 3B 00
         69 00 6D 00
         61 00 67 00
         3A 00 31 00
         2C 00 31 00
         36 00 2C 00
         31 00 36 00
         3B 00 3B 00
         22 00 2C 00
         31 00 32 00
         38 00 2C 00
         30 00 2C 00
         30 00 2C 00
         30 00 0D 00
         0A 00      
00000000                    	.CODE
00000382                    	.debug
00000382 2E 00 73 00        		.dw '.stabs "complex float:t16=r16;2;0;",128,0,0,0',0x0d,0x0a
         74 00 61 00
         62 00 73 00
         20 00 22 00
         63 00 6F 00
         6D 00 70 00
         6C 00 65 00
         78 00 20 00
         66 00 6C 00
         6F 00 61 00
         74 00 3A 00
         74 00 31 00
         36 00 3D 00
         72 00 31 00
         36 00 3B 00
         32 00 3B 00
         30 00 3B 00
         22 00 2C 00
         31 00 32 00
         38 00 2C 00
         30 00 2C 00
         30 00 2C 00
         30 00 0D 00
         0A 00      
00000000                    	.CODE
000003B1                    	.debug
000003B1 2E 00 73 00        		.dw '.stabs "complex double:t17=r17;2;0;",128,0,0,0',0x0d,0x0a
         74 00 61 00
         62 00 73 00
         20 00 22 00
         63 00 6F 00
         6D 00 70 00
         6C 00 65 00
         78 00 20 00
         64 00 6F 00
         75 00 62 00
         6C 00 65 00
         3A 00 74 00
         31 00 37 00
         3D 00 72 00
         31 00 37 00
         3B 00 32 00
         3B 00 30 00
         3B 00 22 00
         2C 00 31 00
         32 00 38 00
         2C 00 30 00
         2C 00 30 00
         2C 00 30 00
         0D 00 0A 00
00000000                    	.CODE
000003E1                    	.debug
000003E1 2E 00 73 00        		.dw '.stabs "complex long double:t18=r18;2;0;",128,0,0,0',0x0d,0x0a
         74 00 61 00
         62 00 73 00
         20 00 22 00
         63 00 6F 00
         6D 00 70 00
         6C 00 65 00
         78 00 20 00
         6C 00 6F 00
         6E 00 67 00
         20 00 64 00
         6F 00 75 00
         62 00 6C 00
         65 00 3A 00
         74 00 31 00
         38 00 3D 00
         72 00 31 00
         38 00 3B 00
         32 00 3B 00
         30 00 3B 00
         22 00 2C 00
         31 00 32 00
         38 00 2C 00
         30 00 2C 00
         30 00 2C 00
         30 00 0D 00
         0A 00      
00000000                    	.CODE
00000416                    	.debug
00000416 2E 00 73 00        		.dw '.stabs "void:t19=19",128,0,0,0',0x0d,0x0a
         74 00 61 00
         62 00 73 00
         20 00 22 00
         76 00 6F 00
         69 00 64 00
         3A 00 74 00
         31 00 39 00
         3D 00 31 00
         39 00 22 00
         2C 00 31 00
         32 00 38 00
         2C 00 30 00
         2C 00 30 00
         2C 00 30 00
         0D 00 0A 00
00000000                    	.CODE
00000436                    	.debug
00000436 2E 00 73 00        		.dw '.stabs " :T20=eBaudRate300:0,BaudRate600:1,BaudRate1200:2,\\",128,0,0,0',0x0d,0x0a
         74 00 61 00
         62 00 73 00
         20 00 22 00
         20 00 3A 00
         54 00 32 00
         30 00 3D 00
         65 00 42 00
         61 00 75 00
         64 00 52 00
         61 00 74 00
         65 00 33 00
         30 00 30 00
         3A 00 30 00
         2C 00 42 00
         61 00 75 00
         64 00 52 00
         61 00 74 00
         65 00 36 00
         30 00 30 00
         3A 00 31 00
         2C 00 42 00
         61 00 75 00
         64 00 52 00
         61 00 74 00
         65 00 31 00
         32 00 30 00
         30 00 3A 00
         32 00 2C 00
         5C 00 5C 00
         22 00 2C 00
         31 00 32 00
         38 00 2C 00
         30 00 2C 00
         30 00 2C 00
         30 00 0D 00
         0A 00      
0000047F 2E 00 73 00        		.DW '.stabs "BaudRate2400:3,BaudRate4096:4,BaudRate4800:5,\\",128,0,0,0',0x0d,0x0a
         74 00 61 00
         62 00 73 00
         20 00 22 00
         42 00 61 00
         75 00 64 00
         52 00 61 00
         74 00 65 00
         32 00 34 00
         30 00 30 00
         3A 00 33 00
         2C 00 42 00
         61 00 75 00
         64 00 52 00
         61 00 74 00
         65 00 34 00
         30 00 39 00
         36 00 3A 00
         34 00 2C 00
         42 00 61 00
         75 00 64 00
         52 00 61 00
         74 00 65 00
         34 00 38 00
         30 00 30 00
         3A 00 35 00
         2C 00 5C 00
         5C 00 22 00
         2C 00 31 00
         32 00 38 00
         2C 00 30 00
         2C 00 30 00
         2C 00 30 00
         0D 00 0A 00
000004C3 2E 00 73 00        		.DW '.stabs "BaudRate9600:6,BaudRate14400:7,BaudRate19200:8,\\",128,0,0,0',0x0d,0x0a
         74 00 61 00
         62 00 73 00
         20 00 22 00
         42 00 61 00
         75 00 64 00
         52 00 61 00
         74 00 65 00
         39 00 36 00
         30 00 30 00
         3A 00 36 00
         2C 00 42 00
         61 00 75 00
         64 00 52 00
         61 00 74 00
         65 00 31 00
         34 00 34 00
         30 00 30 00
         3A 00 37 00
         2C 00 42 00
         61 00 75 00
         64 00 52 00
         61 00 74 00
         65 00 31 00
         39 00 32 00
         30 00 30 00
         3A 00 38 00
         2C 00 5C 00
         5C 00 22 00
         2C 00 31 00
         32 00 38 00
         2C 00 30 00
         2C 00 30 00
         2C 00 30 00
         0D 00 0A 00
00000509 2E 00 73 00        		.DW '.stabs "BaudRate28800:9,BaudRate38400:10,BaudRate57600:11,\\",128,0,0,0',0x0d,0x0a
         74 00 61 00
         62 00 73 00
         20 00 22 00
         42 00 61 00
         75 00 64 00
         52 00 61 00
         74 00 65 00
         32 00 38 00
         38 00 30 00
         30 00 3A 00
         39 00 2C 00
         42 00 61 00
         75 00 64 00
         52 00 61 00
         74 00 65 00
         33 00 38 00
         34 00 30 00
         30 00 3A 00
         31 00 30 00
         2C 00 42 00
         61 00 75 00
         64 00 52 00
         61 00 74 00
         65 00 35 00
         37 00 36 00
         30 00 30 00
         3A 00 31 00
         31 00 2C 00
         5C 00 5C 00
         22 00 2C 00
         31 00 32 00
         38 00 2C 00
         30 00 2C 00
         30 00 2C 00
         30 00 0D 00
         0A 00      
00000552 2E 00 73 00        		.DW '.stabs "BaudRate115200:12,MaxBaudRate:13,;",128,0,0,0',0x0d,0x0a
         74 00 61 00
         62 00 73 00
         20 00 22 00
         42 00 61 00
         75 00 64 00
         52 00 61 00
         74 00 65 00
         31 00 31 00
         35 00 32 00
         30 00 30 00
         3A 00 31 00
         32 00 2C 00
         4D 00 61 00
         78 00 42 00
         61 00 75 00
         64 00 52 00
         61 00 74 00
         65 00 3A 00
         31 00 33 00
         2C 00 3B 00
         22 00 2C 00
         31 00 32 00
         38 00 2C 00
         30 00 2C 00
         30 00 2C 00
         30 00 0D 00
         0A 00      
00000000                    	.CODE
00000589                    	.debug
00000589 2E 00 73 00        		.dw '.stabs "BAUDRATE:t21=20",128,0,0,0',0x0d,0x0a
         74 00 61 00
         62 00 73 00
         20 00 22 00
         42 00 41 00
         55 00 44 00
         52 00 41 00
         54 00 45 00
         3A 00 74 00
         32 00 31 00
         3D 00 32 00
         30 00 22 00
         2C 00 31 00
         32 00 38 00
         2C 00 30 00
         2C 00 30 00
         2C 00 30 00
         0D 00 0A 00
00000000                    	.CODE
000005AD                    	.debug
000005AD 2E 00 73 00        		.dw '.stabs " :T22=eSTAMODE:0,APMODE:1,APSTAMODE:2,;",128,0,0,0',0x0d,0x0a
         74 00 61 00
         62 00 73 00
         20 00 22 00
         20 00 3A 00
         54 00 32 00
         32 00 3D 00
         65 00 53 00
         54 00 41 00
         4D 00 4F 00
         44 00 45 00
         3A 00 30 00
         2C 00 41 00
         50 00 4D 00
         4F 00 44 00
         45 00 3A 00
         31 00 2C 00
         41 00 50 00
         53 00 54 00
         41 00 4D 00
         4F 00 44 00
         45 00 3A 00
         32 00 2C 00
         3B 00 22 00
         2C 00 31 00
         32 00 38 00
         2C 00 30 00
         2C 00 30 00
         2C 00 30 00
         0D 00 0A 00
00000000                    	.CODE
000005E9                    	.debug
000005E9 2E 00 73 00        		.dw '.stabs " :T23=eNONKEY:0,WEPKEY:1,WPAKEY:2,\\",128,0,0,0',0x0d,0x0a
         74 00 61 00
         62 00 73 00
         20 00 22 00
         20 00 3A 00
         54 00 32 00
         33 00 3D 00
         65 00 4E 00
         4F 00 4E 00
         4B 00 45 00
         59 00 3A 00
         30 00 2C 00
         57 00 45 00
         50 00 4B 00
         45 00 59 00
         3A 00 31 00
         2C 00 57 00
         50 00 41 00
         4B 00 45 00
         59 00 3A 00
         32 00 2C 00
         5C 00 5C 00
         22 00 2C 00
         31 00 32 00
         38 00 2C 00
         30 00 2C 00
         30 00 2C 00
         30 00 0D 00
         0A 00      
00000622 2E 00 73 00        		.DW '.stabs "WPA2KEY:3,;",128,0,0,0',0x0d,0x0a
         74 00 61 00
         62 00 73 00
         20 00 22 00
         57 00 50 00
         41 00 32 00
         4B 00 45 00
         59 00 3A 00
         33 00 2C 00
         3B 00 22 00
         2C 00 31 00
         32 00 38 00
         2C 00 30 00
         2C 00 30 00
         2C 00 30 00
         0D 00 0A 00
00000000                    	.CODE
00000642                    	.debug
00000642 2E 00 73 00        		.dw '.stabs "WaitInfo:T24=s4next:25=*24,0,16;tick:5,16,32;\\",128,0,0,0',0x0d,0x0a
         74 00 61 00
         62 00 73 00
         20 00 22 00
         57 00 61 00
         69 00 74 00
         49 00 6E 00
         66 00 6F 00
         3A 00 54 00
         32 00 34 00
         3D 00 73 00
         34 00 6E 00
         65 00 78 00
         74 00 3A 00
         32 00 35 00
         3D 00 2A 00
         32 00 34 00
         2C 00 30 00
         2C 00 31 00
         36 00 3B 00
         74 00 69 00
         63 00 6B 00
         3A 00 35 00
         2C 00 31 00
         36 00 2C 00
         33 00 32 00
         3B 00 5C 00
         5C 00 22 00
         2C 00 31 00
         32 00 38 00
         2C 00 30 00
         2C 00 30 00
         2C 00 30 00
         0D 00 0A 00
00000686 2E 00 73 00        		.DW '.stabs "flag:1,48,16;;",128,0,0,0',0x0d,0x0a
         74 00 61 00
         62 00 73 00
         20 00 22 00
         66 00 6C 00
         61 00 67 00
         3A 00 31 00
         2C 00 34 00
         38 00 2C 00
         31 00 36 00
         3B 00 3B 00
         22 00 2C 00
         31 00 32 00
         38 00 2C 00
         30 00 2C 00
         30 00 2C 00
         30 00 0D 00
         0A 00      
00000000                    	.CODE
000006A9                    	.debug
000006A9 2E 00 73 00        		.dw '.stabs "WaitInfo:t26=24",128,0,0,0',0x0d,0x0a
         74 00 61 00
         62 00 73 00
         20 00 22 00
         57 00 61 00
         69 00 74 00
         49 00 6E 00
         66 00 6F 00
         3A 00 74 00
         32 00 36 00
         3D 00 32 00
         34 00 22 00
         2C 00 31 00
         32 00 38 00
         2C 00 30 00
         2C 00 30 00
         2C 00 30 00
         0D 00 0A 00
00000000                    	.CODE
                            	// ISR ATTRIBUTE FUNCTION, LOCATE in .text SECTION
000080B2                    	.text
000006CD                    	.debug
000006CD 2E 00 73 00        		.dw '.stabs "IRQ4:F19",36,0,0,',0,0,offset _IRQ4,seg _IRQ4,0x0d,0x0a
         74 00 61 00
         62 00 73 00
         20 00 22 00
         49 00 52 00
         51 00 34 00
         3A 00 46 00
         31 00 39 00
         22 00 2C 00
         33 00 36 00
         2C 00 30 00
         2C 00 30 00
         2C 00 00 00
         00 00 00 00
         00 00 0D 00
         0A 00      
000080B2                    	.TEXT
                            	.public _IRQ4
                            	_IRQ4:	.proc
000006EC                    	.debug
000006EC 2E 00 73 00        		.dw '.stabn 0x44,0,13,',0,0
         74 00 61 00
         62 00 6E 00
         20 00 30 00
         78 00 34 00
         34 00 2C 00
         30 00 2C 00
         31 00 33 00
         2C 00 00 00
         00 00      
000006FF 00 00 00 00        		.dd LM1-_IRQ4
00000701 0D 00 0A 00        		.dw 0x0d,0x0a
000080B2                    	.text
                            	LM1:
                            		// ISR ATTRIBUTE FUNCTION, PUSH R1,BP
000080B2 A8 DA              		PUSH R1,BP to [SP]
                            	
                            		// total=1, vars=1
                            		// frame_pointer_needed: 1
00000703                    	.debug
00000703 2E 00 73 00        		.dw '.stabn 0xa6,0,0,1',0x0d, 0x0a
         74 00 61 00
         62 00 6E 00
         20 00 30 00
         78 00 61 00
         36 00 2C 00
         30 00 2C 00
         30 00 2C 00
         31 00 0D 00
         0A 00      
000080B3                    	.text
000080B3 41 20              		SP-=1
000080B4 08 0B 01 00        		BP=SP+1
                            	
000080B6 0D 03 04 00        		R1=BP+4
000080B8 C5 D2              		[BP]=R1	// QImode move
00000716                    	.debug
00000716 2E 00 73 00        		.dw '.stabn 0x44,0,14,',0,0
         74 00 61 00
         62 00 6E 00
         20 00 30 00
         78 00 34 00
         34 00 2C 00
         30 00 2C 00
         31 00 34 00
         2C 00 00 00
         00 00      
00000729 07 00 00 00        		.dd LM2-_IRQ4
0000072B 0D 00 0A 00        		.dw 0x0d,0x0a
000080B9                    	.text
                            	LM2:
000080B9 12 95 10 70        		R2=[28688]	// QImode move
000080BB 0A B3 10 00        		R1=R2&16
000080BD 40 42              		CMP R1,0	// QImode test
000080BE 07 5E 01 EE        		NSJZ L3	//QImode EQ
         00 EE      
0000072D                    	.debug
0000072D 2E 00 73 00        		.dw '.stabn 0x44,0,16,',0,0
         74 00 61 00
         62 00 6E 00
         20 00 30 00
         78 00 34 00
         34 00 2C 00
         30 00 2C 00
         31 00 36 00
         2C 00 00 00
         00 00      
00000740 0F 00 00 00        		.dd LM3-_IRQ4
00000742 0D 00 0A 00        		.dw 0x0d,0x0a
000080C1                    	.text
                            	LM3:
000080C1 40 F0 E1 A4        		CALL _SystemTickISR	// call without return value
00000744                    	.debug
00000744 2E 00 73 00        		.dw '.stabn 0x44,0,17,',0,0
         74 00 61 00
         62 00 6E 00
         20 00 30 00
         78 00 34 00
         34 00 2C 00
         30 00 2C 00
         31 00 37 00
         2C 00 00 00
         00 00      
00000757 11 00 00 00        		.dd LM4-_IRQ4
00000759 0D 00 0A 00        		.dw 0x0d,0x0a
000080C3                    	.text
                            	LM4:
000080C3 50 92              		R1=16	// QImode move
000080C4 19 D3 11 70        		[28689]=R1	// QImode move
                            	L3:
0000075B                    	.debug
0000075B 2E 00 73 00        		.dw '.stabn 0x44,0,19,',0,0
         74 00 61 00
         62 00 6E 00
         20 00 30 00
         78 00 34 00
         34 00 2C 00
         30 00 2C 00
         31 00 39 00
         2C 00 00 00
         00 00      
0000076E 14 00 00 00        		.dd LM5-_IRQ4
00000770 0D 00 0A 00        		.dw 0x0d,0x0a
000080C6                    	.text
                            	LM5:
00000772                    	.debug
00000772 2E 00 73 00        		.dw '.stabn 0x44,0,19,',0,0
         74 00 61 00
         62 00 6E 00
         20 00 30 00
         78 00 34 00
         34 00 2C 00
         30 00 2C 00
         31 00 39 00
         2C 00 00 00
         00 00      
00000785 14 00 00 00        		.dd LM6-_IRQ4
00000787 0D 00 0A 00        		.dw 0x0d,0x0a
000080C6                    	.text
                            	LM6:
                            	L2:
                            	
000080C6 41 00              		SP+=1
                            		// ISR ATTRIBUTE FUNCTION, POP R1,BP
000080C7 A8 90              		POP R1,BP from [SP]
000080C8 98 9A              		RETI
                            		.endp	// end of IRQ4
                            	
00000789                    	.debug
00000789 2E 00 73 00        		.dw '.stabf ',0,0
         74 00 61 00
         62 00 66 00
         20 00 00 00
         00 00      
00000792 17 00 00 00        		.dd LME1-_IRQ4
00000794 0D 00 0A 00        		.dw 0x0d,0x0a
000080C9                    	.text
                            	LME1:
                            	// ISR ATTRIBUTE FUNCTION, LOCATE in .text SECTION
000080C9                    	.text
00000796                    	.debug
00000796 2E 00 73 00        		.dw '.stabs "IRQ5:F19",36,0,0,',0,0,offset _IRQ5,seg _IRQ5,0x0d,0x0a
         74 00 61 00
         62 00 73 00
         20 00 22 00
         49 00 52 00
         51 00 35 00
         3A 00 46 00
         31 00 39 00
         22 00 2C 00
         33 00 36 00
         2C 00 30 00
         2C 00 30 00
         2C 00 00 00
         00 00 17 00
         00 00 0D 00
         0A 00      
000080C9                    	.TEXT
                            	.public _IRQ5
                            	_IRQ5:	.proc
000007B5                    	.debug
000007B5 2E 00 73 00        		.dw '.stabn 0x44,0,28,',0,0
         74 00 61 00
         62 00 6E 00
         20 00 30 00
         78 00 34 00
         34 00 2C 00
         30 00 2C 00
         32 00 38 00
         2C 00 00 00
         00 00      
000007C8 00 00 00 00        		.dd LM7-_IRQ5
000007CA 0D 00 0A 00        		.dw 0x0d,0x0a
000080C9                    	.text
                            	LM7:
                            		// ISR ATTRIBUTE FUNCTION, PUSH R1,BP
000080C9 A8 DA              		PUSH R1,BP to [SP]
                            	
                            		// total=0, vars=0
                            		// frame_pointer_needed: 1
000007CC                    	.debug
000007CC 2E 00 73 00        		.dw '.stabn 0xa6,0,0,0',0x0d, 0x0a
         74 00 61 00
         62 00 6E 00
         20 00 30 00
         78 00 61 00
         36 00 2C 00
         30 00 2C 00
         30 00 2C 00
         30 00 0D 00
         0A 00      
000080CA                    	.text
000080CA 08 0B 01 00        		BP=SP+1
                            	
000080CC 0D 03 03 00        		R1=BP+3
000007DF                    	.debug
000007DF 2E 00 73 00        		.dw '.stabn 0x44,0,29,',0,0
         74 00 61 00
         62 00 6E 00
         20 00 30 00
         78 00 34 00
         34 00 2C 00
         30 00 2C 00
         32 00 39 00
         2C 00 00 00
         00 00      
000007F2 05 00 00 00        		.dd LM8-_IRQ5
000007F4 0D 00 0A 00        		.dw 0x0d,0x0a
000080CE                    	.text
                            	LM8:
000080CE 41 94              		R2=1	// QImode move
000080CF 1A D5 12 70        		[28690]=R2	// QImode move
000007F6                    	.debug
000007F6 2E 00 73 00        		.dw '.stabn 0x44,0,30,',0,0
         74 00 61 00
         62 00 6E 00
         20 00 30 00
         78 00 34 00
         34 00 2C 00
         30 00 2C 00
         33 00 30 00
         2C 00 00 00
         00 00      
00000809 08 00 00 00        		.dd LM9-_IRQ5
0000080B 0D 00 0A 00        		.dw 0x0d,0x0a
000080D1                    	.text
                            	LM9:
000080D1 44 94              		R2=4	// QImode move
000080D2 1A D5 11 70        		[28689]=R2	// QImode move
0000080D                    	.debug
0000080D 2E 00 73 00        		.dw '.stabn 0x44,0,31,',0,0
         74 00 61 00
         62 00 6E 00
         20 00 30 00
         78 00 34 00
         34 00 2C 00
         30 00 2C 00
         33 00 31 00
         2C 00 00 00
         00 00      
00000820 0B 00 00 00        		.dd LM10-_IRQ5
00000822 0D 00 0A 00        		.dw 0x0d,0x0a
000080D4                    	.text
                            	LM10:
00000824                    	.debug
00000824 2E 00 73 00        		.dw '.stabn 0x44,0,31,',0,0
         74 00 61 00
         62 00 6E 00
         20 00 30 00
         78 00 34 00
         34 00 2C 00
         30 00 2C 00
         33 00 31 00
         2C 00 00 00
         00 00      
00000837 0B 00 00 00        		.dd LM11-_IRQ5
00000839 0D 00 0A 00        		.dw 0x0d,0x0a
000080D4                    	.text
                            	LM11:
                            	L5:
                            	
                            		// ISR ATTRIBUTE FUNCTION, POP R1,BP
000080D4 A8 90              		POP R1,BP from [SP]
000080D5 98 9A              		RETI
                            		.endp	// end of IRQ5
                            	
0000083B                    	.debug
0000083B 2E 00 73 00        		.dw '.stabf ',0,0
         74 00 61 00
         62 00 66 00
         20 00 00 00
         00 00      
00000844 0D 00 00 00        		.dd LME2-_IRQ5
00000846 0D 00 0A 00        		.dw 0x0d,0x0a
000080D6                    	.text
                            	LME2:
                            	.external _SystemTickISR
                            		.end
0 error(s), 0 warning(s).


