Generalplus u'nSP Assembler - Ver. 1.14.13.0
              Listing File Has Been Relocated
                            	// GCC for GeneralPlus u'nSP version 1.1.0.3
                            	// Command: C:\GENERA~1\UNSPID~1.4\toolchain\cc1.exe C:\Users\XIANGX~1.LIU\AppData\Local\Temp\cchHrpHH.i -fkeep-inline-functions -quiet -dumpbase main.c -mglobal-var-iram -gstabs -Wall -o .\Debug/main.asm
                            		.external __sn_func_ptr_sec
                            	
                            	// gcc2_compiled.:
                            	
00000000                    	.debug
00000000 2E 00 73 00        		.dw '.stabs "C:/Users/xiangxiang.liu/Desktop/Ex09/",0x64,0,3,',0,0,offset Ltext0,seg Ltext0,0x0d,0x0a
         74 00 61 00
         62 00 73 00
         20 00 22 00
         43 00 3A 00
         2F 00 55 00
         73 00 65 00
         72 00 73 00
         2F 00 78 00
         69 00 61 00
         6E 00 67 00
         78 00 69 00
         61 00 6E 00
         67 00 2E 00
         6C 00 69 00
         75 00 2F 00
         44 00 65 00
         73 00 6B 00
         74 00 6F 00
         70 00 2F 00
         45 00 78 00
         30 00 39 00
         2F 00 22 00
         2C 00 30 00
         78 00 36 00
         34 00 2C 00
         30 00 2C 00
         33 00 2C 00
         00 00 00 00
         00 00 00 00
         0D 00 0A 00
0000AFFF                    	.code
0000003E                    	.debug
0000003E 2E 00 73 00        		.dw '.stabs "C:/Users/xiangxiang.liu/Desktop/Ex09/main.c",0x64,0,3,',0,0,offset Ltext0,seg Ltext0,0x0d,0x0a
         74 00 61 00
         62 00 73 00
         20 00 22 00
         43 00 3A 00
         2F 00 55 00
         73 00 65 00
         72 00 73 00
         2F 00 78 00
         69 00 61 00
         6E 00 67 00
         78 00 69 00
         61 00 6E 00
         67 00 2E 00
         6C 00 69 00
         75 00 2F 00
         44 00 65 00
         73 00 6B 00
         74 00 6F 00
         70 00 2F 00
         45 00 78 00
         30 00 39 00
         2F 00 6D 00
         61 00 69 00
         6E 00 2E 00
         63 00 22 00
         2C 00 30 00
         78 00 36 00
         34 00 2C 00
         30 00 2C 00
         33 00 2C 00
         00 00 00 00
         00 00 00 00
         0D 00 0A 00
0000AFFF                    	.code
0000AFFF                    	.code
                            	Ltext0:
00000082                    	.debug
00000082 2E 00 73 00        		.dw '.stabs "int:t1=r1;-32768;32767;",128,0,0,0',0x0d,0x0a
         74 00 61 00
         62 00 73 00
         20 00 22 00
         69 00 6E 00
         74 00 3A 00
         74 00 31 00
         3D 00 72 00
         31 00 3B 00
         2D 00 33 00
         32 00 37 00
         36 00 38 00
         3B 00 33 00
         32 00 37 00
         36 00 37 00
         3B 00 22 00
         2C 00 31 00
         32 00 38 00
         2C 00 30 00
         2C 00 30 00
         2C 00 30 00
         0D 00 0A 00
0000AFFF                    	.CODE
000000AE                    	.debug
000000AE 2E 00 73 00        		.dw '.stabs "char:t2=r2;0;127;",128,0,0,0',0x0d,0x0a
         74 00 61 00
         62 00 73 00
         20 00 22 00
         63 00 68 00
         61 00 72 00
         3A 00 74 00
         32 00 3D 00
         72 00 32 00
         3B 00 30 00
         3B 00 31 00
         32 00 37 00
         3B 00 22 00
         2C 00 31 00
         32 00 38 00
         2C 00 30 00
         2C 00 30 00
         2C 00 30 00
         0D 00 0A 00
0000AFFF                    	.CODE
000000D4                    	.debug
000000D4 2E 00 73 00        		.dw '.stabs "long int:t3=r3;-2147483648;2147483647;",128,0,0,0',0x0d,0x0a
         74 00 61 00
         62 00 73 00
         20 00 22 00
         6C 00 6F 00
         6E 00 67 00
         20 00 69 00
         6E 00 74 00
         3A 00 74 00
         33 00 3D 00
         72 00 33 00
         3B 00 2D 00
         32 00 31 00
         34 00 37 00
         34 00 38 00
         33 00 36 00
         34 00 38 00
         3B 00 32 00
         31 00 34 00
         37 00 34 00
         38 00 33 00
         36 00 34 00
         37 00 3B 00
         22 00 2C 00
         31 00 32 00
         38 00 2C 00
         30 00 2C 00
         30 00 2C 00
         30 00 0D 00
         0A 00      
0000AFFF                    	.CODE
0000010F                    	.debug
0000010F 2E 00 73 00        		.dw '.stabs "unsigned int:t4=r4;0;65535;",128,0,0,0',0x0d,0x0a
         74 00 61 00
         62 00 73 00
         20 00 22 00
         75 00 6E 00
         73 00 69 00
         67 00 6E 00
         65 00 64 00
         20 00 69 00
         6E 00 74 00
         3A 00 74 00
         34 00 3D 00
         72 00 34 00
         3B 00 30 00
         3B 00 36 00
         35 00 35 00
         33 00 35 00
         3B 00 22 00
         2C 00 31 00
         32 00 38 00
         2C 00 30 00
         2C 00 30 00
         2C 00 30 00
         0D 00 0A 00
0000AFFF                    	.CODE
0000013F                    	.debug
0000013F 2E 00 73 00        		.dw '.stabs "long unsigned int:t5=r5;0;4294967295;",128,0,0,0',0x0d,0x0a
         74 00 61 00
         62 00 73 00
         20 00 22 00
         6C 00 6F 00
         6E 00 67 00
         20 00 75 00
         6E 00 73 00
         69 00 67 00
         6E 00 65 00
         64 00 20 00
         69 00 6E 00
         74 00 3A 00
         74 00 35 00
         3D 00 72 00
         35 00 3B 00
         30 00 3B 00
         34 00 32 00
         39 00 34 00
         39 00 36 00
         37 00 32 00
         39 00 35 00
         3B 00 22 00
         2C 00 31 00
         32 00 38 00
         2C 00 30 00
         2C 00 30 00
         2C 00 30 00
         0D 00 0A 00
0000AFFF                    	.CODE
00000179                    	.debug
00000179 2E 00 73 00        		.dw '.stabs "long long int:t6=r6;-2147483648;2147483647;",128,0,0,0',0x0d,0x0a
         74 00 61 00
         62 00 73 00
         20 00 22 00
         6C 00 6F 00
         6E 00 67 00
         20 00 6C 00
         6F 00 6E 00
         67 00 20 00
         69 00 6E 00
         74 00 3A 00
         74 00 36 00
         3D 00 72 00
         36 00 3B 00
         2D 00 32 00
         31 00 34 00
         37 00 34 00
         38 00 33 00
         36 00 34 00
         38 00 3B 00
         32 00 31 00
         34 00 37 00
         34 00 38 00
         33 00 36 00
         34 00 37 00
         3B 00 22 00
         2C 00 31 00
         32 00 38 00
         2C 00 30 00
         2C 00 30 00
         2C 00 30 00
         0D 00 0A 00
0000AFFF                    	.CODE
000001B9                    	.debug
000001B9 2E 00 73 00        		.dw '.stabs "long long unsigned int:t7=r7;0;4294967295;",128,0,0,0',0x0d,0x0a
         74 00 61 00
         62 00 73 00
         20 00 22 00
         6C 00 6F 00
         6E 00 67 00
         20 00 6C 00
         6F 00 6E 00
         67 00 20 00
         75 00 6E 00
         73 00 69 00
         67 00 6E 00
         65 00 64 00
         20 00 69 00
         6E 00 74 00
         3A 00 74 00
         37 00 3D 00
         72 00 37 00
         3B 00 30 00
         3B 00 34 00
         32 00 39 00
         34 00 39 00
         36 00 37 00
         32 00 39 00
         35 00 3B 00
         22 00 2C 00
         31 00 32 00
         38 00 2C 00
         30 00 2C 00
         30 00 2C 00
         30 00 0D 00
         0A 00      
0000AFFF                    	.CODE
000001F8                    	.debug
000001F8 2E 00 73 00        		.dw '.stabs "short int:t8=r8;-32768;32767;",128,0,0,0',0x0d,0x0a
         74 00 61 00
         62 00 73 00
         20 00 22 00
         73 00 68 00
         6F 00 72 00
         74 00 20 00
         69 00 6E 00
         74 00 3A 00
         74 00 38 00
         3D 00 72 00
         38 00 3B 00
         2D 00 33 00
         32 00 37 00
         36 00 38 00
         3B 00 33 00
         32 00 37 00
         36 00 37 00
         3B 00 22 00
         2C 00 31 00
         32 00 38 00
         2C 00 30 00
         2C 00 30 00
         2C 00 30 00
         0D 00 0A 00
0000AFFF                    	.CODE
0000022A                    	.debug
0000022A 2E 00 73 00        		.dw '.stabs "short unsigned int:t9=r9;0;65535;",128,0,0,0',0x0d,0x0a
         74 00 61 00
         62 00 73 00
         20 00 22 00
         73 00 68 00
         6F 00 72 00
         74 00 20 00
         75 00 6E 00
         73 00 69 00
         67 00 6E 00
         65 00 64 00
         20 00 69 00
         6E 00 74 00
         3A 00 74 00
         39 00 3D 00
         72 00 39 00
         3B 00 30 00
         3B 00 36 00
         35 00 35 00
         33 00 35 00
         3B 00 22 00
         2C 00 31 00
         32 00 38 00
         2C 00 30 00
         2C 00 30 00
         2C 00 30 00
         0D 00 0A 00
0000AFFF                    	.CODE
00000260                    	.debug
00000260 2E 00 73 00        		.dw '.stabs "signed char:t10=r10;-32768;32767;",128,0,0,0',0x0d,0x0a
         74 00 61 00
         62 00 73 00
         20 00 22 00
         73 00 69 00
         67 00 6E 00
         65 00 64 00
         20 00 63 00
         68 00 61 00
         72 00 3A 00
         74 00 31 00
         30 00 3D 00
         72 00 31 00
         30 00 3B 00
         2D 00 33 00
         32 00 37 00
         36 00 38 00
         3B 00 33 00
         32 00 37 00
         36 00 37 00
         3B 00 22 00
         2C 00 31 00
         32 00 38 00
         2C 00 30 00
         2C 00 30 00
         2C 00 30 00
         0D 00 0A 00
0000AFFF                    	.CODE
00000296                    	.debug
00000296 2E 00 73 00        		.dw '.stabs "unsigned char:t11=r11;0;65535;",128,0,0,0',0x0d,0x0a
         74 00 61 00
         62 00 73 00
         20 00 22 00
         75 00 6E 00
         73 00 69 00
         67 00 6E 00
         65 00 64 00
         20 00 63 00
         68 00 61 00
         72 00 3A 00
         74 00 31 00
         31 00 3D 00
         72 00 31 00
         31 00 3B 00
         30 00 3B 00
         36 00 35 00
         35 00 33 00
         35 00 3B 00
         22 00 2C 00
         31 00 32 00
         38 00 2C 00
         30 00 2C 00
         30 00 2C 00
         30 00 0D 00
         0A 00      
0000AFFF                    	.CODE
000002C9                    	.debug
000002C9 2E 00 73 00        		.dw '.stabs "float:t12=r1;2;0;",128,0,0,0',0x0d,0x0a
         74 00 61 00
         62 00 73 00
         20 00 22 00
         66 00 6C 00
         6F 00 61 00
         74 00 3A 00
         74 00 31 00
         32 00 3D 00
         72 00 31 00
         3B 00 32 00
         3B 00 30 00
         3B 00 22 00
         2C 00 31 00
         32 00 38 00
         2C 00 30 00
         2C 00 30 00
         2C 00 30 00
         0D 00 0A 00
0000AFFF                    	.CODE
000002EF                    	.debug
000002EF 2E 00 73 00        		.dw '.stabs "double:t13=r1;2;0;",128,0,0,0',0x0d,0x0a
         74 00 61 00
         62 00 73 00
         20 00 22 00
         64 00 6F 00
         75 00 62 00
         6C 00 65 00
         3A 00 74 00
         31 00 33 00
         3D 00 72 00
         31 00 3B 00
         32 00 3B 00
         30 00 3B 00
         22 00 2C 00
         31 00 32 00
         38 00 2C 00
         30 00 2C 00
         30 00 2C 00
         30 00 0D 00
         0A 00      
0000AFFF                    	.CODE
00000316                    	.debug
00000316 2E 00 73 00        		.dw '.stabs "long double:t14=r1;2;0;",128,0,0,0',0x0d,0x0a
         74 00 61 00
         62 00 73 00
         20 00 22 00
         6C 00 6F 00
         6E 00 67 00
         20 00 64 00
         6F 00 75 00
         62 00 6C 00
         65 00 3A 00
         74 00 31 00
         34 00 3D 00
         72 00 31 00
         3B 00 32 00
         3B 00 30 00
         3B 00 22 00
         2C 00 31 00
         32 00 38 00
         2C 00 30 00
         2C 00 30 00
         2C 00 30 00
         0D 00 0A 00
0000AFFF                    	.CODE
00000342                    	.debug
00000342 2E 00 73 00        		.dw '.stabs "complex int:t15=s2real:1,0,16;imag:1,16,16;;",128,0,0,0',0x0d,0x0a
         74 00 61 00
         62 00 73 00
         20 00 22 00
         63 00 6F 00
         6D 00 70 00
         6C 00 65 00
         78 00 20 00
         69 00 6E 00
         74 00 3A 00
         74 00 31 00
         35 00 3D 00
         73 00 32 00
         72 00 65 00
         61 00 6C 00
         3A 00 31 00
         2C 00 30 00
         2C 00 31 00
         36 00 3B 00
         69 00 6D 00
         61 00 67 00
         3A 00 31 00
         2C 00 31 00
         36 00 2C 00
         31 00 36 00
         3B 00 3B 00
         22 00 2C 00
         31 00 32 00
         38 00 2C 00
         30 00 2C 00
         30 00 2C 00
         30 00 0D 00
         0A 00      
0000AFFF                    	.CODE
00000383                    	.debug
00000383 2E 00 73 00        		.dw '.stabs "complex float:t16=r16;2;0;",128,0,0,0',0x0d,0x0a
         74 00 61 00
         62 00 73 00
         20 00 22 00
         63 00 6F 00
         6D 00 70 00
         6C 00 65 00
         78 00 20 00
         66 00 6C 00
         6F 00 61 00
         74 00 3A 00
         74 00 31 00
         36 00 3D 00
         72 00 31 00
         36 00 3B 00
         32 00 3B 00
         30 00 3B 00
         22 00 2C 00
         31 00 32 00
         38 00 2C 00
         30 00 2C 00
         30 00 2C 00
         30 00 0D 00
         0A 00      
0000AFFF                    	.CODE
000003B2                    	.debug
000003B2 2E 00 73 00        		.dw '.stabs "complex double:t17=r17;2;0;",128,0,0,0',0x0d,0x0a
         74 00 61 00
         62 00 73 00
         20 00 22 00
         63 00 6F 00
         6D 00 70 00
         6C 00 65 00
         78 00 20 00
         64 00 6F 00
         75 00 62 00
         6C 00 65 00
         3A 00 74 00
         31 00 37 00
         3D 00 72 00
         31 00 37 00
         3B 00 32 00
         3B 00 30 00
         3B 00 22 00
         2C 00 31 00
         32 00 38 00
         2C 00 30 00
         2C 00 30 00
         2C 00 30 00
         0D 00 0A 00
0000AFFF                    	.CODE
000003E2                    	.debug
000003E2 2E 00 73 00        		.dw '.stabs "complex long double:t18=r18;2;0;",128,0,0,0',0x0d,0x0a
         74 00 61 00
         62 00 73 00
         20 00 22 00
         63 00 6F 00
         6D 00 70 00
         6C 00 65 00
         78 00 20 00
         6C 00 6F 00
         6E 00 67 00
         20 00 64 00
         6F 00 75 00
         62 00 6C 00
         65 00 3A 00
         74 00 31 00
         38 00 3D 00
         72 00 31 00
         38 00 3B 00
         32 00 3B 00
         30 00 3B 00
         22 00 2C 00
         31 00 32 00
         38 00 2C 00
         30 00 2C 00
         30 00 2C 00
         30 00 0D 00
         0A 00      
0000AFFF                    	.CODE
00000417                    	.debug
00000417 2E 00 73 00        		.dw '.stabs "void:t19=19",128,0,0,0',0x0d,0x0a
         74 00 61 00
         62 00 73 00
         20 00 22 00
         76 00 6F 00
         69 00 64 00
         3A 00 74 00
         31 00 39 00
         3D 00 31 00
         39 00 22 00
         2C 00 31 00
         32 00 38 00
         2C 00 30 00
         2C 00 30 00
         2C 00 30 00
         0D 00 0A 00
0000AFFF                    	.CODE
00000437                    	.debug
00000437 2E 00 73 00        		.dw '.stabs " :T20=eBaudRate300:0,BaudRate600:1,BaudRate1200:2,\\",128,0,0,0',0x0d,0x0a
         74 00 61 00
         62 00 73 00
         20 00 22 00
         20 00 3A 00
         54 00 32 00
         30 00 3D 00
         65 00 42 00
         61 00 75 00
         64 00 52 00
         61 00 74 00
         65 00 33 00
         30 00 30 00
         3A 00 30 00
         2C 00 42 00
         61 00 75 00
         64 00 52 00
         61 00 74 00
         65 00 36 00
         30 00 30 00
         3A 00 31 00
         2C 00 42 00
         61 00 75 00
         64 00 52 00
         61 00 74 00
         65 00 31 00
         32 00 30 00
         30 00 3A 00
         32 00 2C 00
         5C 00 5C 00
         22 00 2C 00
         31 00 32 00
         38 00 2C 00
         30 00 2C 00
         30 00 2C 00
         30 00 0D 00
         0A 00      
00000480 2E 00 73 00        		.DW '.stabs "BaudRate2400:3,BaudRate4096:4,BaudRate4800:5,\\",128,0,0,0',0x0d,0x0a
         74 00 61 00
         62 00 73 00
         20 00 22 00
         42 00 61 00
         75 00 64 00
         52 00 61 00
         74 00 65 00
         32 00 34 00
         30 00 30 00
         3A 00 33 00
         2C 00 42 00
         61 00 75 00
         64 00 52 00
         61 00 74 00
         65 00 34 00
         30 00 39 00
         36 00 3A 00
         34 00 2C 00
         42 00 61 00
         75 00 64 00
         52 00 61 00
         74 00 65 00
         34 00 38 00
         30 00 30 00
         3A 00 35 00
         2C 00 5C 00
         5C 00 22 00
         2C 00 31 00
         32 00 38 00
         2C 00 30 00
         2C 00 30 00
         2C 00 30 00
         0D 00 0A 00
000004C4 2E 00 73 00        		.DW '.stabs "BaudRate9600:6,BaudRate14400:7,BaudRate19200:8,\\",128,0,0,0',0x0d,0x0a
         74 00 61 00
         62 00 73 00
         20 00 22 00
         42 00 61 00
         75 00 64 00
         52 00 61 00
         74 00 65 00
         39 00 36 00
         30 00 30 00
         3A 00 36 00
         2C 00 42 00
         61 00 75 00
         64 00 52 00
         61 00 74 00
         65 00 31 00
         34 00 34 00
         30 00 30 00
         3A 00 37 00
         2C 00 42 00
         61 00 75 00
         64 00 52 00
         61 00 74 00
         65 00 31 00
         39 00 32 00
         30 00 30 00
         3A 00 38 00
         2C 00 5C 00
         5C 00 22 00
         2C 00 31 00
         32 00 38 00
         2C 00 30 00
         2C 00 30 00
         2C 00 30 00
         0D 00 0A 00
0000050A 2E 00 73 00        		.DW '.stabs "BaudRate28800:9,BaudRate38400:10,BaudRate57600:11,\\",128,0,0,0',0x0d,0x0a
         74 00 61 00
         62 00 73 00
         20 00 22 00
         42 00 61 00
         75 00 64 00
         52 00 61 00
         74 00 65 00
         32 00 38 00
         38 00 30 00
         30 00 3A 00
         39 00 2C 00
         42 00 61 00
         75 00 64 00
         52 00 61 00
         74 00 65 00
         33 00 38 00
         34 00 30 00
         30 00 3A 00
         31 00 30 00
         2C 00 42 00
         61 00 75 00
         64 00 52 00
         61 00 74 00
         65 00 35 00
         37 00 36 00
         30 00 30 00
         3A 00 31 00
         31 00 2C 00
         5C 00 5C 00
         22 00 2C 00
         31 00 32 00
         38 00 2C 00
         30 00 2C 00
         30 00 2C 00
         30 00 0D 00
         0A 00      
00000553 2E 00 73 00        		.DW '.stabs "BaudRate115200:12,MaxBaudRate:13,;",128,0,0,0',0x0d,0x0a
         74 00 61 00
         62 00 73 00
         20 00 22 00
         42 00 61 00
         75 00 64 00
         52 00 61 00
         74 00 65 00
         31 00 31 00
         35 00 32 00
         30 00 30 00
         3A 00 31 00
         32 00 2C 00
         4D 00 61 00
         78 00 42 00
         61 00 75 00
         64 00 52 00
         61 00 74 00
         65 00 3A 00
         31 00 33 00
         2C 00 3B 00
         22 00 2C 00
         31 00 32 00
         38 00 2C 00
         30 00 2C 00
         30 00 2C 00
         30 00 0D 00
         0A 00      
0000AFFF                    	.CODE
0000058A                    	.debug
0000058A 2E 00 73 00        		.dw '.stabs "BAUDRATE:t21=20",128,0,0,0',0x0d,0x0a
         74 00 61 00
         62 00 73 00
         20 00 22 00
         42 00 41 00
         55 00 44 00
         52 00 41 00
         54 00 45 00
         3A 00 74 00
         32 00 31 00
         3D 00 32 00
         30 00 22 00
         2C 00 31 00
         32 00 38 00
         2C 00 30 00
         2C 00 30 00
         2C 00 30 00
         0D 00 0A 00
0000AFFF                    	.CODE
000005AE                    	.debug
000005AE 2E 00 73 00        		.dw '.stabs " :T22=eSTAMODE:0,APMODE:1,APSTAMODE:2,;",128,0,0,0',0x0d,0x0a
         74 00 61 00
         62 00 73 00
         20 00 22 00
         20 00 3A 00
         54 00 32 00
         32 00 3D 00
         65 00 53 00
         54 00 41 00
         4D 00 4F 00
         44 00 45 00
         3A 00 30 00
         2C 00 41 00
         50 00 4D 00
         4F 00 44 00
         45 00 3A 00
         31 00 2C 00
         41 00 50 00
         53 00 54 00
         41 00 4D 00
         4F 00 44 00
         45 00 3A 00
         32 00 2C 00
         3B 00 22 00
         2C 00 31 00
         32 00 38 00
         2C 00 30 00
         2C 00 30 00
         2C 00 30 00
         0D 00 0A 00
0000AFFF                    	.CODE
000005EA                    	.debug
000005EA 2E 00 73 00        		.dw '.stabs " :T23=eNONKEY:0,WEPKEY:1,WPAKEY:2,\\",128,0,0,0',0x0d,0x0a
         74 00 61 00
         62 00 73 00
         20 00 22 00
         20 00 3A 00
         54 00 32 00
         33 00 3D 00
         65 00 4E 00
         4F 00 4E 00
         4B 00 45 00
         59 00 3A 00
         30 00 2C 00
         57 00 45 00
         50 00 4B 00
         45 00 59 00
         3A 00 31 00
         2C 00 57 00
         50 00 41 00
         4B 00 45 00
         59 00 3A 00
         32 00 2C 00
         5C 00 5C 00
         22 00 2C 00
         31 00 32 00
         38 00 2C 00
         30 00 2C 00
         30 00 2C 00
         30 00 0D 00
         0A 00      
00000623 2E 00 73 00        		.DW '.stabs "WPA2KEY:3,;",128,0,0,0',0x0d,0x0a
         74 00 61 00
         62 00 73 00
         20 00 22 00
         57 00 50 00
         41 00 32 00
         4B 00 45 00
         59 00 3A 00
         33 00 2C 00
         3B 00 22 00
         2C 00 31 00
         32 00 38 00
         2C 00 30 00
         2C 00 30 00
         2C 00 30 00
         0D 00 0A 00
0000AFFF                    	.CODE
00000643                    	.debug
00000643 2E 00 73 00        		.dw '.stabs "SndIndex:T24=e_LIANJIE_72K_SA:0,_FAIL_72K_SA:1,\\",128,0,0,0',0x0d,0x0a
         74 00 61 00
         62 00 73 00
         20 00 22 00
         53 00 6E 00
         64 00 49 00
         6E 00 64 00
         65 00 78 00
         3A 00 54 00
         32 00 34 00
         3D 00 65 00
         5F 00 4C 00
         49 00 41 00
         4E 00 4A 00
         49 00 45 00
         5F 00 37 00
         32 00 4B 00
         5F 00 53 00
         41 00 3A 00
         30 00 2C 00
         5F 00 46 00
         41 00 49 00
         4C 00 5F 00
         37 00 32 00
         4B 00 5F 00
         53 00 41 00
         3A 00 31 00
         2C 00 5C 00
         5C 00 22 00
         2C 00 31 00
         32 00 38 00
         2C 00 30 00
         2C 00 30 00
         2C 00 30 00
         0D 00 0A 00
00000689 2E 00 73 00        		.DW '.stabs "_SUCCESS_72K_SA:2,_AT_FINISH_72K_SA:3,_STATUS_INQ_72K_SA:4,\\",128,0,0,0',0x0d,0x0a
         74 00 61 00
         62 00 73 00
         20 00 22 00
         5F 00 53 00
         55 00 43 00
         43 00 45 00
         53 00 53 00
         5F 00 37 00
         32 00 4B 00
         5F 00 53 00
         41 00 3A 00
         32 00 2C 00
         5F 00 41 00
         54 00 5F 00
         46 00 49 00
         4E 00 49 00
         53 00 48 00
         5F 00 37 00
         32 00 4B 00
         5F 00 53 00
         41 00 3A 00
         33 00 2C 00
         5F 00 53 00
         54 00 41 00
         54 00 55 00
         53 00 5F 00
         49 00 4E 00
         51 00 5F 00
         37 00 32 00
         4B 00 5F 00
         53 00 41 00
         3A 00 34 00
         2C 00 5C 00
         5C 00 22 00
         2C 00 31 00
         32 00 38 00
         2C 00 30 00
         2C 00 30 00
         2C 00 30 00
         0D 00 0A 00
000006DB 2E 00 73 00        		.DW '.stabs "_CUR_NET_72K_SA:5,_ASS_72K_SA:6,_NO_ASS_72K_SA:7,;",128,0,0,0',0x0d,0x0a
         74 00 61 00
         62 00 73 00
         20 00 22 00
         5F 00 43 00
         55 00 52 00
         5F 00 4E 00
         45 00 54 00
         5F 00 37 00
         32 00 4B 00
         5F 00 53 00
         41 00 3A 00
         35 00 2C 00
         5F 00 41 00
         53 00 53 00
         5F 00 37 00
         32 00 4B 00
         5F 00 53 00
         41 00 3A 00
         36 00 2C 00
         5F 00 4E 00
         4F 00 5F 00
         41 00 53 00
         53 00 5F 00
         37 00 32 00
         4B 00 5F 00
         53 00 41 00
         3A 00 37 00
         2C 00 3B 00
         22 00 2C 00
         31 00 32 00
         38 00 2C 00
         30 00 2C 00
         30 00 2C 00
         30 00 0D 00
         0A 00      
0000AFFF                    	.CODE
0000804E                    	.text
                            	LC0:
0000804E 41 00 54 00        		.str 'A', 'T', 'E', '0', 13, 10, 0
         45 00 30 00
         0D 00 0A 00
         00 00      
                            		// length = 7
                            	LC1:
00008055 41 00 54 00        		.str 'A', 'T', '+', 'C', 'I', 'O', 'W', 'R', 'I', 'T', 'E', '=', '4', ',', '1', 13, 10, 0
         2B 00 43 00
         49 00 4F 00
         57 00 52 00
         49 00 54 00
         45 00 3D 00
         34 00 2C 00
         31 00 0D 00
         0A 00 00 00
                            		// length = 18
                            	LC2:
00008067 41 00 54 00        		.str 'A', 'T', '+', 'C', 'I', 'O', 'W', 'R', 'I', 'T', 'E', '=', '5', ',', '1', 13, 10, 0
         2B 00 43 00
         49 00 4F 00
         57 00 52 00
         49 00 54 00
         45 00 3D 00
         35 00 2C 00
         31 00 0D 00
         0A 00 00 00
                            		// length = 18
                            	LC3:
00008079 31 00 32 00        		.str '1', '2', '3', '4', '5', '6', '7', '8', 0
         33 00 34 00
         35 00 36 00
         37 00 38 00
         00 00      
                            		// length = 9
                            	LC4:
00008082 73 00 75 00        		.str 's', 'u', 'n', 'p', 'l', 'u', 's', '_', '0', '0', '1', 0
         6E 00 70 00
         6C 00 75 00
         73 00 5F 00
         30 00 30 00
         31 00 00 00
                            		// length = 12
                            	LC5:
0000808E 41 00 54 00        		.str 'A', 'T', '+', 'C', 'I', 'O', 'W', 'R', 'I', 'T', 'E', '=', '4', ',', '0', 13, 10, 0
         2B 00 43 00
         49 00 4F 00
         57 00 52 00
         49 00 54 00
         45 00 3D 00
         34 00 2C 00
         30 00 0D 00
         0A 00 00 00
                            		// length = 18
                            	LC6:
000080A0 41 00 54 00        		.str 'A', 'T', '+', 'C', 'I', 'O', 'W', 'R', 'I', 'T', 'E', '=', '5', ',', '0', 13, 10, 0
         2B 00 43 00
         49 00 4F 00
         57 00 52 00
         49 00 54 00
         45 00 3D 00
         35 00 2C 00
         30 00 0D 00
         0A 00 00 00
                            		// length = 18
0000AFFF                    	.code
00000722                    	.debug
00000722 2E 00 73 00        		.dw '.stabs "main:F1",36,0,0,',0,0,offset _main,seg _main,0x0d,0x0a
         74 00 61 00
         62 00 73 00
         20 00 22 00
         6D 00 61 00
         69 00 6E 00
         3A 00 46 00
         31 00 22 00
         2C 00 33 00
         36 00 2C 00
         30 00 2C 00
         30 00 2C 00
         00 00 00 00
         00 00 00 00
         0D 00 0A 00
0000AFFF                    	.CODE
                            	.public _main
                            	_main:	.proc
00000740                    	.debug
00000740 2E 00 73 00        		.dw '.stabn 0x44,0,38,',0,0
         74 00 61 00
         62 00 6E 00
         20 00 30 00
         78 00 34 00
         34 00 2C 00
         30 00 2C 00
         33 00 38 00
         2C 00 00 00
         00 00      
00000753 00 00 00 00        		.dd LM1-_main
00000755 0D 00 0A 00        		.dw 0x0d,0x0a
0000AFFF                    	.code
                            	LM1:
                            		// total=2, vars=2
                            		// frame_pointer_needed: 1
00000757                    	.debug
00000757 2E 00 73 00        		.dw '.stabn 0xa6,0,0,2',0x0d, 0x0a
         74 00 61 00
         62 00 6E 00
         20 00 30 00
         78 00 61 00
         36 00 2C 00
         30 00 2C 00
         30 00 2C 00
         32 00 0D 00
         0A 00      
0000AFFF                    	.code
0000AFFF 88 DA              		PUSH BP to [SP]
0000B000 42 20              		SP-=2
0000B001 08 0B 01 00        		BP=SP+1
                            	
0000B003 0D 03 05 00        		R1=BP+5
0000B005 01 D2              		[BP+1]=R1	// QImode move
                            	LBB2:
0000076A                    	.debug
0000076A 2E 00 73 00        		.dw '.stabn 0x44,0,40,',0,0
         74 00 61 00
         62 00 6E 00
         20 00 30 00
         78 00 34 00
         34 00 2C 00
         30 00 2C 00
         34 00 30 00
         2C 00 00 00
         00 00      
0000077D 07 00 00 00        		.dd LM2-_main
0000077F 0D 00 0A 00        		.dw 0x0d,0x0a
0000B006                    	.code
                            	LM2:
0000B006 09 93 88 00        		R1=136	// QImode move
0000B008 19 D3 13 70        		[28691]=R1	// QImode move
00000781                    	.debug
00000781 2E 00 73 00        		.dw '.stabn 0x44,0,41,',0,0
         74 00 61 00
         62 00 6E 00
         20 00 30 00
         78 00 34 00
         34 00 2C 00
         30 00 2C 00
         34 00 31 00
         2C 00 00 00
         00 00      
00000794 0B 00 00 00        		.dd LM3-_main
00000796 0D 00 0A 00        		.dw 0x0d,0x0a
0000B00A                    	.code
                            	LM3:
0000B00A 54 92              		R1=20	// QImode move
0000B00B 19 D3 10 70        		[28688]=R1	// QImode move
00000798                    	.debug
00000798 2E 00 73 00        		.dw '.stabn 0x44,0,42,',0,0
         74 00 61 00
         62 00 6E 00
         20 00 30 00
         78 00 34 00
         34 00 2C 00
         30 00 2C 00
         34 00 32 00
         2C 00 00 00
         00 00      
000007AB 0E 00 00 00        		.dd LM4-_main
000007AD 0D 00 0A 00        		.dw 0x0d,0x0a
0000B00D                    	.code
                            	LM4:
                            	// GCC inline ASM start
0000B00D 49 F1              		IRQ ON
                            	// GCC inline ASM end
000007AF                    	.debug
000007AF 2E 00 73 00        		.dw '.stabn 0x44,0,44,',0,0
         74 00 61 00
         62 00 6E 00
         20 00 30 00
         78 00 34 00
         34 00 2C 00
         30 00 2C 00
         34 00 34 00
         2C 00 00 00
         00 00      
000007C2 0F 00 00 00        		.dd LM5-_main
000007C4 0D 00 0A 00        		.dw 0x0d,0x0a
0000B00E                    	.code
                            	LM5:
0000B00E 40 F0 42 8B        		CALL _Wifi_BasicInit	// call with return value
000007C6                    	.debug
000007C6 2E 00 73 00        		.dw '.stabn 0x44,0,46,',0,0
         74 00 61 00
         62 00 6E 00
         20 00 30 00
         78 00 34 00
         34 00 2C 00
         30 00 2C 00
         34 00 36 00
         2C 00 00 00
         00 00      
000007D9 11 00 00 00        		.dd LM6-_main
000007DB 0D 00 0A 00        		.dw 0x0d,0x0a
0000B010                    	.code
                            	LM6:
0000B010 46 92              		R1=6	// QImode move
0000B011 C8 D2              		[SP--]=R1	// QImode move
0000B012 09 93 4E 80        		R1=LC0	// QImode move
0000B014 C8 D2              		[SP--]=R1	// QImode move
0000B015 40 F0 02 B1        		CALL _UART_Send	// call with return value
0000B017 42 00              		SP = SP + 2	//SP
000007DD                    	.debug
000007DD 2E 00 73 00        		.dw '.stabn 0x44,0,47,',0,0
         74 00 61 00
         62 00 6E 00
         20 00 30 00
         78 00 34 00
         34 00 2C 00
         30 00 2C 00
         34 00 37 00
         2C 00 00 00
         00 00      
000007F0 19 00 00 00        		.dd LM7-_main
000007F2 0D 00 0A 00        		.dw 0x0d,0x0a
0000B018                    	.code
                            	LM7:
0000B018 09 93 E8 03        		R1=1000	// QImode move
0000B01A C8 D2              		[SP--]=R1	// QImode move
0000B01B 40 F0 BB A5        		CALL _SystemTickWait	// call with return value
0000B01D 41 00              		SP = SP + 1	//SP
000007F4                    	.debug
000007F4 2E 00 73 00        		.dw '.stabn 0x44,0,48,',0,0
         74 00 61 00
         62 00 6E 00
         20 00 30 00
         78 00 34 00
         34 00 2C 00
         30 00 2C 00
         34 00 38 00
         2C 00 00 00
         00 00      
00000807 1F 00 00 00        		.dd LM8-_main
00000809 0D 00 0A 00        		.dw 0x0d,0x0a
0000B01E                    	.code
                            	LM8:
0000B01E 51 92              		R1=17	// QImode move
0000B01F C8 D2              		[SP--]=R1	// QImode move
0000B020 09 93 55 80        		R1=LC1	// QImode move
0000B022 C8 D2              		[SP--]=R1	// QImode move
0000B023 40 F0 02 B1        		CALL _UART_Send	// call with return value
0000B025 42 00              		SP = SP + 2	//SP
0000080B                    	.debug
0000080B 2E 00 73 00        		.dw '.stabn 0x44,0,49,',0,0
         74 00 61 00
         62 00 6E 00
         20 00 30 00
         78 00 34 00
         34 00 2C 00
         30 00 2C 00
         34 00 39 00
         2C 00 00 00
         00 00      
0000081E 27 00 00 00        		.dd LM9-_main
00000820 0D 00 0A 00        		.dw 0x0d,0x0a
0000B026                    	.code
                            	LM9:
0000B026 09 93 F4 01        		R1=500	// QImode move
0000B028 C8 D2              		[SP--]=R1	// QImode move
0000B029 40 F0 BB A5        		CALL _SystemTickWait	// call with return value
0000B02B 41 00              		SP = SP + 1	//SP
00000822                    	.debug
00000822 2E 00 73 00        		.dw '.stabn 0x44,0,50,',0,0
         74 00 61 00
         62 00 6E 00
         20 00 30 00
         78 00 34 00
         34 00 2C 00
         30 00 2C 00
         35 00 30 00
         2C 00 00 00
         00 00      
00000835 2D 00 00 00        		.dd LM10-_main
00000837 0D 00 0A 00        		.dw 0x0d,0x0a
0000B02C                    	.code
                            	LM10:
0000B02C 51 92              		R1=17	// QImode move
0000B02D C8 D2              		[SP--]=R1	// QImode move
0000B02E 09 93 67 80        		R1=LC2	// QImode move
0000B030 C8 D2              		[SP--]=R1	// QImode move
0000B031 40 F0 02 B1        		CALL _UART_Send	// call with return value
0000B033 42 00              		SP = SP + 2	//SP
00000839                    	.debug
00000839 2E 00 73 00        		.dw '.stabn 0x44,0,51,',0,0
         74 00 61 00
         62 00 6E 00
         20 00 30 00
         78 00 34 00
         34 00 2C 00
         30 00 2C 00
         35 00 31 00
         2C 00 00 00
         00 00      
0000084C 35 00 00 00        		.dd LM11-_main
0000084E 0D 00 0A 00        		.dw 0x0d,0x0a
0000B034                    	.code
                            	LM11:
0000B034 09 93 F4 01        		R1=500	// QImode move
0000B036 C8 D2              		[SP--]=R1	// QImode move
0000B037 40 F0 BB A5        		CALL _SystemTickWait	// call with return value
0000B039 41 00              		SP = SP + 1	//SP
00000850                    	.debug
00000850 2E 00 73 00        		.dw '.stabn 0x44,0,52,',0,0
         74 00 61 00
         62 00 6E 00
         20 00 30 00
         78 00 34 00
         34 00 2C 00
         30 00 2C 00
         35 00 32 00
         2C 00 00 00
         00 00      
00000863 3B 00 00 00        		.dd LM12-_main
00000865 0D 00 0A 00        		.dw 0x0d,0x0a
0000B03A                    	.code
                            	LM12:
0000B03A 09 93 79 80        		R1=LC3	// QImode move
0000B03C C8 D2              		[SP--]=R1	// QImode move
0000B03D 09 93 82 80        		R1=LC4	// QImode move
0000B03F C8 D2              		[SP--]=R1	// QImode move
0000B040 40 F0 DE 8C        		CALL _Wifi_SetSSID	// call with return value
0000B042 42 00              		SP = SP + 2	//SP
00000867                    	.debug
00000867 2E 00 73 00        		.dw '.stabn 0x44,0,53,',0,0
         74 00 61 00
         62 00 6E 00
         20 00 30 00
         78 00 34 00
         34 00 2C 00
         30 00 2C 00
         35 00 33 00
         2C 00 00 00
         00 00      
0000087A 44 00 00 00        		.dd LM13-_main
0000087C 0D 00 0A 00        		.dw 0x0d,0x0a
0000B043                    	.code
                            	LM13:
0000B043 09 93 A0 0F        		R1=4000	// QImode move
0000B045 C8 D2              		[SP--]=R1	// QImode move
0000B046 40 F0 BB A5        		CALL _SystemTickWait	// call with return value
0000B048 41 00              		SP = SP + 1	//SP
0000087E                    	.debug
0000087E 2E 00 73 00        		.dw '.stabn 0x44,0,65,',0,0
         74 00 61 00
         62 00 6E 00
         20 00 30 00
         78 00 34 00
         34 00 2C 00
         30 00 2C 00
         36 00 35 00
         2C 00 00 00
         00 00      
00000891 4A 00 00 00        		.dd LM14-_main
00000893 0D 00 0A 00        		.dw 0x0d,0x0a
0000B049                    	.code
                            	LM14:
0000B049 40 F0 8E 8B        		CALL _Wifi_Check	// call with return value
0000B04B 41 42              		CMP R1,1	// QImode compare
0000B04C 0E 4E 01 EE        		NSJNZ L3	//QImode NE
         00 EE      
00000895                    	.debug
00000895 2E 00 73 00        		.dw '.stabn 0x44,0,67,',0,0
         74 00 61 00
         62 00 6E 00
         20 00 30 00
         78 00 34 00
         34 00 2C 00
         30 00 2C 00
         36 00 37 00
         2C 00 00 00
         00 00      
000008A8 50 00 00 00        		.dd LM15-_main
000008AA 0D 00 0A 00        		.dw 0x0d,0x0a
0000B04F                    	.code
                            	LM15:
0000B04F 40 92              		R1=0	// QImode move
0000B050 C8 D2              		[SP--]=R1	// QImode move
0000B051 40 F0 99 B7        		CALL _PlaySnd	// call without return value
0000B053 41 00              		SP = SP + 1	//SP
000008AC                    	.debug
000008AC 2E 00 73 00        		.dw '.stabn 0x44,0,68,',0,0
         74 00 61 00
         62 00 6E 00
         20 00 30 00
         78 00 34 00
         34 00 2C 00
         30 00 2C 00
         36 00 38 00
         2C 00 00 00
         00 00      
000008BF 55 00 00 00        		.dd LM16-_main
000008C1 0D 00 0A 00        		.dw 0x0d,0x0a
0000B054                    	.code
                            	LM16:
0000B054 42 92              		R1=2	// QImode move
0000B055 C8 D2              		[SP--]=R1	// QImode move
0000B056 40 F0 99 B7        		CALL _PlaySnd	// call without return value
0000B058 41 00              		SP = SP + 1	//SP
000008C3                    	.debug
000008C3 2E 00 73 00        		.dw '.stabn 0x44,0,69,',0,0
         74 00 61 00
         62 00 6E 00
         20 00 30 00
         78 00 34 00
         34 00 2C 00
         30 00 2C 00
         36 00 39 00
         2C 00 00 00
         00 00      
000008D6 5A 00 00 00        		.dd LM17-_main
000008D8 0D 00 0A 00        		.dw 0x0d,0x0a
0000B059                    	.code
                            	LM17:
0000B059 0F 9F 65 B0        		PC=L4	// jump
                            	L3:
000008DA                    	.debug
000008DA 2E 00 73 00        		.dw '.stabn 0x44,0,72,',0,0
         74 00 61 00
         62 00 6E 00
         20 00 30 00
         78 00 34 00
         34 00 2C 00
         30 00 2C 00
         37 00 32 00
         2C 00 00 00
         00 00      
000008ED 5C 00 00 00        		.dd LM18-_main
000008EF 0D 00 0A 00        		.dw 0x0d,0x0a
0000B05B                    	.code
                            	LM18:
0000B05B 40 92              		R1=0	// QImode move
0000B05C C8 D2              		[SP--]=R1	// QImode move
0000B05D 40 F0 99 B7        		CALL _PlaySnd	// call without return value
0000B05F 41 00              		SP = SP + 1	//SP
000008F1                    	.debug
000008F1 2E 00 73 00        		.dw '.stabn 0x44,0,73,',0,0
         74 00 61 00
         62 00 6E 00
         20 00 30 00
         78 00 34 00
         34 00 2C 00
         30 00 2C 00
         37 00 33 00
         2C 00 00 00
         00 00      
00000904 61 00 00 00        		.dd LM19-_main
00000906 0D 00 0A 00        		.dw 0x0d,0x0a
0000B060                    	.code
                            	LM19:
0000B060 41 92              		R1=1	// QImode move
0000B061 C8 D2              		[SP--]=R1	// QImode move
0000B062 40 F0 99 B7        		CALL _PlaySnd	// call without return value
0000B064 41 00              		SP = SP + 1	//SP
                            	L4:
00000908                    	.debug
00000908 2E 00 73 00        		.dw '.stabn 0x44,0,76,',0,0
         74 00 61 00
         62 00 6E 00
         20 00 30 00
         78 00 34 00
         34 00 2C 00
         30 00 2C 00
         37 00 36 00
         2C 00 00 00
         00 00      
0000091B 66 00 00 00        		.dd LM20-_main
0000091D 0D 00 0A 00        		.dw 0x0d,0x0a
0000B065                    	.code
                            	LM20:
0000B065 40 F0 14 92        		CALL _Wifi_CheckLink	// call with return value
0000B067 C5 D2              		[BP]=R1	// QImode move
0000091F                    	.debug
0000091F 2E 00 73 00        		.dw '.stabn 0x44,0,77,',0,0
         74 00 61 00
         62 00 6E 00
         20 00 30 00
         78 00 34 00
         34 00 2C 00
         30 00 2C 00
         37 00 37 00
         2C 00 00 00
         00 00      
00000932 69 00 00 00        		.dd LM21-_main
00000934 0D 00 0A 00        		.dw 0x0d,0x0a
0000B068                    	.code
                            	LM21:
0000B068 C5 92              		R1=[BP]	// QImode move
0000B069 40 42              		CMP R1,0	// QImode test
0000B06A 32 AE 01 EE        		NSJNG L5	//QImode LE
         00 EE      
00000936                    	.debug
00000936 2E 00 73 00        		.dw '.stabn 0x44,0,79,',0,0
         74 00 61 00
         62 00 6E 00
         20 00 30 00
         78 00 34 00
         34 00 2C 00
         30 00 2C 00
         37 00 39 00
         2C 00 00 00
         00 00      
00000949 6E 00 00 00        		.dd LM22-_main
0000094B 0D 00 0A 00        		.dw 0x0d,0x0a
0000B06D                    	.code
                            	LM22:
0000B06D 51 92              		R1=17	// QImode move
0000B06E C8 D2              		[SP--]=R1	// QImode move
0000B06F 09 93 8E 80        		R1=LC5	// QImode move
0000B071 C8 D2              		[SP--]=R1	// QImode move
0000B072 40 F0 02 B1        		CALL _UART_Send	// call with return value
0000B074 42 00              		SP = SP + 2	//SP
0000094D                    	.debug
0000094D 2E 00 73 00        		.dw '.stabn 0x44,0,80,',0,0
         74 00 61 00
         62 00 6E 00
         20 00 30 00
         78 00 34 00
         34 00 2C 00
         30 00 2C 00
         38 00 30 00
         2C 00 00 00
         00 00      
00000960 76 00 00 00        		.dd LM23-_main
00000962 0D 00 0A 00        		.dw 0x0d,0x0a
0000B075                    	.code
                            	LM23:
0000B075 09 93 F4 01        		R1=500	// QImode move
0000B077 C8 D2              		[SP--]=R1	// QImode move
0000B078 40 F0 BB A5        		CALL _SystemTickWait	// call with return value
0000B07A 41 00              		SP = SP + 1	//SP
00000964                    	.debug
00000964 2E 00 73 00        		.dw '.stabn 0x44,0,81,',0,0
         74 00 61 00
         62 00 6E 00
         20 00 30 00
         78 00 34 00
         34 00 2C 00
         30 00 2C 00
         38 00 31 00
         2C 00 00 00
         00 00      
00000977 7C 00 00 00        		.dd LM24-_main
00000979 0D 00 0A 00        		.dw 0x0d,0x0a
0000B07B                    	.code
                            	LM24:
0000B07B 51 92              		R1=17	// QImode move
0000B07C C8 D2              		[SP--]=R1	// QImode move
0000B07D 09 93 A0 80        		R1=LC6	// QImode move
0000B07F C8 D2              		[SP--]=R1	// QImode move
0000B080 40 F0 02 B1        		CALL _UART_Send	// call with return value
0000B082 42 00              		SP = SP + 2	//SP
0000097B                    	.debug
0000097B 2E 00 73 00        		.dw '.stabn 0x44,0,82,',0,0
         74 00 61 00
         62 00 6E 00
         20 00 30 00
         78 00 34 00
         34 00 2C 00
         30 00 2C 00
         38 00 32 00
         2C 00 00 00
         00 00      
0000098E 84 00 00 00        		.dd LM25-_main
00000990 0D 00 0A 00        		.dw 0x0d,0x0a
0000B083                    	.code
                            	LM25:
0000B083 09 93 F4 01        		R1=500	// QImode move
0000B085 C8 D2              		[SP--]=R1	// QImode move
0000B086 40 F0 BB A5        		CALL _SystemTickWait	// call with return value
0000B088 41 00              		SP = SP + 1	//SP
00000992                    	.debug
00000992 2E 00 73 00        		.dw '.stabn 0x44,0,83,',0,0
         74 00 61 00
         62 00 6E 00
         20 00 30 00
         78 00 34 00
         34 00 2C 00
         30 00 2C 00
         38 00 33 00
         2C 00 00 00
         00 00      
000009A5 8A 00 00 00        		.dd LM26-_main
000009A7 0D 00 0A 00        		.dw 0x0d,0x0a
0000B089                    	.code
                            	LM26:
0000B089 45 92              		R1=5	// QImode move
0000B08A C8 D2              		[SP--]=R1	// QImode move
0000B08B 40 F0 99 B7        		CALL _PlaySnd	// call without return value
0000B08D 41 00              		SP = SP + 1	//SP
000009A9                    	.debug
000009A9 2E 00 73 00        		.dw '.stabn 0x44,0,84,',0,0
         74 00 61 00
         62 00 6E 00
         20 00 30 00
         78 00 34 00
         34 00 2C 00
         30 00 2C 00
         38 00 34 00
         2C 00 00 00
         00 00      
000009BC 8F 00 00 00        		.dd LM27-_main
000009BE 0D 00 0A 00        		.dw 0x0d,0x0a
0000B08E                    	.code
                            	LM27:
0000B08E C5 92              		R1=[BP]	// QImode move
0000B08F 41 42              		CMP R1,1	// QImode compare
0000B090 05 4E 01 EE        		NSJNZ L6	//QImode NE
         00 EE      
0000B093 46 92              		R1=6	// QImode move
0000B094 0F 9F 97 B0        		PC=L7	// jump
                            	L6:
0000B096 47 92              		R1=7	// QImode move
                            	L7:
0000B097 C8 D2              		[SP--]=R1	// QImode move
0000B098 40 F0 99 B7        		CALL _PlaySnd	// call without return value
0000B09A 41 00              		SP = SP + 1	//SP
000009C0                    	.debug
000009C0 2E 00 73 00        		.dw '.stabn 0x44,0,85,',0,0
         74 00 61 00
         62 00 6E 00
         20 00 30 00
         78 00 34 00
         34 00 2C 00
         30 00 2C 00
         38 00 35 00
         2C 00 00 00
         00 00      
000009D3 9C 00 00 00        		.dd LM28-_main
000009D5 0D 00 0A 00        		.dw 0x0d,0x0a
0000B09B                    	.code
                            	LM28:
0000B09B 0F 9F A7 B0        		PC=L8	// jump
                            	L5:
000009D7                    	.debug
000009D7 2E 00 73 00        		.dw '.stabn 0x44,0,88,',0,0
         74 00 61 00
         62 00 6E 00
         20 00 30 00
         78 00 34 00
         34 00 2C 00
         30 00 2C 00
         38 00 38 00
         2C 00 00 00
         00 00      
000009EA 9E 00 00 00        		.dd LM29-_main
000009EC 0D 00 0A 00        		.dw 0x0d,0x0a
0000B09D                    	.code
                            	LM29:
0000B09D 44 92              		R1=4	// QImode move
0000B09E C8 D2              		[SP--]=R1	// QImode move
0000B09F 40 F0 99 B7        		CALL _PlaySnd	// call without return value
0000B0A1 41 00              		SP = SP + 1	//SP
000009EE                    	.debug
000009EE 2E 00 73 00        		.dw '.stabn 0x44,0,89,',0,0
         74 00 61 00
         62 00 6E 00
         20 00 30 00
         78 00 34 00
         34 00 2C 00
         30 00 2C 00
         38 00 39 00
         2C 00 00 00
         00 00      
00000A01 A3 00 00 00        		.dd LM30-_main
00000A03 0D 00 0A 00        		.dw 0x0d,0x0a
0000B0A2                    	.code
                            	LM30:
0000B0A2 41 92              		R1=1	// QImode move
0000B0A3 C8 D2              		[SP--]=R1	// QImode move
0000B0A4 40 F0 99 B7        		CALL _PlaySnd	// call without return value
0000B0A6 41 00              		SP = SP + 1	//SP
                            	L8:
00000A05                    	.debug
00000A05 2E 00 73 00        		.dw '.stabn 0x44,0,92,',0,0
         74 00 61 00
         62 00 6E 00
         20 00 30 00
         78 00 34 00
         34 00 2C 00
         30 00 2C 00
         39 00 32 00
         2C 00 00 00
         00 00      
00000A18 A8 00 00 00        		.dd LM31-_main
00000A1A 0D 00 0A 00        		.dw 0x0d,0x0a
0000B0A7                    	.code
                            	LM31:
0000B0A7 43 92              		R1=3	// QImode move
0000B0A8 C8 D2              		[SP--]=R1	// QImode move
0000B0A9 40 F0 99 B7        		CALL _PlaySnd	// call without return value
0000B0AB 41 00              		SP = SP + 1	//SP
00000A1C                    	.debug
00000A1C 2E 00 73 00        		.dw '.stabn 0x44,0,94,',0,0
         74 00 61 00
         62 00 6E 00
         20 00 30 00
         78 00 34 00
         34 00 2C 00
         30 00 2C 00
         39 00 34 00
         2C 00 00 00
         00 00      
00000A2F AD 00 00 00        		.dd LM32-_main
00000A31 0D 00 0A 00        		.dw 0x0d,0x0a
0000B0AC                    	.code
                            	LM32:
                            	L9:
0000B0AC 0F 9F B0 B0        		PC=L11	// jump
0000B0AE 0F 9F B5 B0        		PC=L10	// jump
                            	L11:
00000A33                    	.debug
00000A33 2E 00 73 00        		.dw '.stabn 0x44,0,96,',0,0
         74 00 61 00
         62 00 6E 00
         20 00 30 00
         78 00 34 00
         34 00 2C 00
         30 00 2C 00
         39 00 36 00
         2C 00 00 00
         00 00      
00000A46 B1 00 00 00        		.dd LM33-_main
00000A48 0D 00 0A 00        		.dw 0x0d,0x0a
0000B0B0                    	.code
                            	LM33:
0000B0B0 41 92              		R1=1	// QImode move
0000B0B1 19 D3 12 70        		[28690]=R1	// QImode move
00000A4A                    	.debug
00000A4A 2E 00 73 00        		.dw '.stabn 0x44,0,97,',0,0
         74 00 61 00
         62 00 6E 00
         20 00 30 00
         78 00 34 00
         34 00 2C 00
         30 00 2C 00
         39 00 37 00
         2C 00 00 00
         00 00      
00000A5D B4 00 00 00        		.dd LM34-_main
00000A5F 0D 00 0A 00        		.dw 0x0d,0x0a
0000B0B3                    	.code
                            	LM34:
0000B0B3 0F 9F AC B0        		PC=L9	// jump
                            	L10:
00000A61                    	.debug
00000A61 2E 00 73 00        		.dw '.stabn 0x44,0,98,',0,0
         74 00 61 00
         62 00 6E 00
         20 00 30 00
         78 00 34 00
         34 00 2C 00
         30 00 2C 00
         39 00 38 00
         2C 00 00 00
         00 00      
00000A74 B6 00 00 00        		.dd LM35-_main
00000A76 0D 00 0A 00        		.dw 0x0d,0x0a
0000B0B5                    	.code
                            	LM35:
                            	LBE2:
00000A78                    	.debug
00000A78 2E 00 73 00        		.dw '.stabn 0x44,0,98,',0,0
         74 00 61 00
         62 00 6E 00
         20 00 30 00
         78 00 34 00
         34 00 2C 00
         30 00 2C 00
         39 00 38 00
         2C 00 00 00
         00 00      
00000A8B B6 00 00 00        		.dd LM36-_main
00000A8D 0D 00 0A 00        		.dw 0x0d,0x0a
0000B0B5                    	.code
                            	LM36:
                            	L2:
                            	
0000B0B5 42 00              		SP+=2
0000B0B6 88 98              		POP BP from [SP]
0000B0B7 90 9A              		RETF
                            		.endp	// end of main
                            	
00000A8F                    	.debug
00000A8F 2E 00 73 00        		.dw '.stabn 0xc0,0,0,',0,0
         74 00 61 00
         62 00 6E 00
         20 00 30 00
         78 00 63 00
         30 00 2C 00
         30 00 2C 00
         30 00 2C 00
         00 00 00 00
00000AA1 07 00 00 00        		.dd LBB2-_main
00000AA3 0D 00 0A 00        		.dw 0x0d,0x0a
0000B0B8                    	.code
00000AA5                    	.debug
00000AA5 2E 00 73 00        		.dw '.stabs "res:1",128,0,0,0',0x0d,0x0a
         74 00 61 00
         62 00 73 00
         20 00 22 00
         72 00 65 00
         73 00 3A 00
         31 00 22 00
         2C 00 31 00
         32 00 38 00
         2C 00 30 00
         2C 00 30 00
         2C 00 30 00
         0D 00 0A 00
0000B0B8                    	.CODE
00000ABF                    	.debug
00000ABF 2E 00 73 00        		.dw '.stabn 0xe0,0,0,',0,0
         74 00 61 00
         62 00 6E 00
         20 00 30 00
         78 00 65 00
         30 00 2C 00
         30 00 2C 00
         30 00 2C 00
         00 00 00 00
00000AD1 B6 00 00 00        		.dd LBE2-_main
00000AD3 0D 00 0A 00        		.dw 0x0d,0x0a
0000B0B8                    	.code
00000AD5                    	.debug
00000AD5 2E 00 73 00        		.dw '.stabf ',0,0
         74 00 61 00
         62 00 66 00
         20 00 00 00
         00 00      
00000ADE B9 00 00 00        		.dd LME1-_main
00000AE0 0D 00 0A 00        		.dw 0x0d,0x0a
0000B0B8                    	.code
                            	LME1:
                            	.external _Wifi_CheckLink
                            	.external _PlaySnd
                            	.external _Wifi_Check
                            	.external _Wifi_SetSSID
                            	.external _SystemTickWait
                            	.external _UART_Send
                            	.external _Wifi_BasicInit
                            		.end
0 error(s), 0 warning(s).

