Generalplus u'nSP Assembler - Ver. 1.14.13.0
              Listing File Has Been Relocated
                            	
                            	// Resource Table
                            	// Created by IDE, Do not modify this table
                            	
00008026                    	.TEXT
                            	.public _RES_Table;
                            	.external __RES_AT_FINISH_72K_sa
                            	.public _RES_AT_FINISH_72K_SA;
                            	.external __RES_AT_FINISH_72K_ea;
                            	.public _RES_AT_FINISH_72K_EA;
                            	.external __RES_FAIL_72K_sa
                            	.public _RES_FAIL_72K_SA;
                            	.external __RES_FAIL_72K_ea;
                            	.public _RES_FAIL_72K_EA;
                            	.external __RES_LIANJIE_72K_sa
                            	.public _RES_LIANJIE_72K_SA;
                            	.external __RES_LIANJIE_72K_ea;
                            	.public _RES_LIANJIE_72K_EA;
                            	.external __RES_SUCCESS_72K_sa
                            	.public _RES_SUCCESS_72K_SA;
                            	.external __RES_SUCCESS_72K_ea;
                            	.public _RES_SUCCESS_72K_EA;
                            	.external __RES_STATUS_INQ_72K_sa
                            	.public _RES_STATUS_INQ_72K_SA;
                            	.external __RES_STATUS_INQ_72K_ea;
                            	.public _RES_STATUS_INQ_72K_EA;
                            	.external __RES_ASS_72K_sa
                            	.public _RES_ASS_72K_SA;
                            	.external __RES_ASS_72K_ea;
                            	.public _RES_ASS_72K_EA;
                            	.external __RES_CUR_NET_72K_sa
                            	.public _RES_CUR_NET_72K_SA;
                            	.external __RES_CUR_NET_72K_ea;
                            	.public _RES_CUR_NET_72K_EA;
                            	.external __RES_NO_ASS_72K_sa
                            	.public _RES_NO_ASS_72K_SA;
                            	.external __RES_NO_ASS_72K_ea;
                            	.public _RES_NO_ASS_72K_EA;
                            	
                            	
                            	_RES_Table:
                            	
                            	_RES_AT_FINISH_72K_SA:
00008026 92 BD 00 00        		.DW offset __RES_AT_FINISH_72K_sa,seg __RES_AT_FINISH_72K_sa;
                            	_RES_AT_FINISH_72K_EA:
00008028 E8 C1 00 00        		.DW offset __RES_AT_FINISH_72K_ea,seg __RES_AT_FINISH_72K_ea;
                            	
                            	_RES_FAIL_72K_SA:
0000802A 00 CE 00 00        		.DW offset __RES_FAIL_72K_sa,seg __RES_FAIL_72K_sa;
                            	_RES_FAIL_72K_EA:
0000802C 86 CF 00 00        		.DW offset __RES_FAIL_72K_ea,seg __RES_FAIL_72K_ea;
                            	
                            	_RES_LIANJIE_72K_SA:
0000802E F4 CA 00 00        		.DW offset __RES_LIANJIE_72K_sa,seg __RES_LIANJIE_72K_sa;
                            	_RES_LIANJIE_72K_EA:
00008030 7A CC 00 00        		.DW offset __RES_LIANJIE_72K_ea,seg __RES_LIANJIE_72K_ea;
                            	
                            	_RES_SUCCESS_72K_SA:
00008032 7A CC 00 00        		.DW offset __RES_SUCCESS_72K_sa,seg __RES_SUCCESS_72K_sa;
                            	_RES_SUCCESS_72K_EA:
00008034 00 CE 00 00        		.DW offset __RES_SUCCESS_72K_ea,seg __RES_SUCCESS_72K_ea;
                            	
                            	_RES_STATUS_INQ_72K_SA:
00008036 E8 C1 00 00        		.DW offset __RES_STATUS_INQ_72K_sa,seg __RES_STATUS_INQ_72K_sa;
                            	_RES_STATUS_INQ_72K_EA:
00008038 CD C4 00 00        		.DW offset __RES_STATUS_INQ_72K_ea,seg __RES_STATUS_INQ_72K_ea;
                            	
                            	_RES_ASS_72K_SA:
0000803A 53 C9 00 00        		.DW offset __RES_ASS_72K_sa,seg __RES_ASS_72K_sa;
                            	_RES_ASS_72K_EA:
0000803C F4 CA 00 00        		.DW offset __RES_ASS_72K_ea,seg __RES_ASS_72K_ea;
                            	
                            	_RES_CUR_NET_72K_SA:
0000803E CD C4 00 00        		.DW offset __RES_CUR_NET_72K_sa,seg __RES_CUR_NET_72K_sa;
                            	_RES_CUR_NET_72K_EA:
00008040 A9 C7 00 00        		.DW offset __RES_CUR_NET_72K_ea,seg __RES_CUR_NET_72K_ea;
                            	
                            	_RES_NO_ASS_72K_SA:
00008042 A9 C7 00 00        		.DW offset __RES_NO_ASS_72K_sa,seg __RES_NO_ASS_72K_sa;
                            	_RES_NO_ASS_72K_EA:
00008044 53 C9 00 00        		.DW offset __RES_NO_ASS_72K_ea,seg __RES_NO_ASS_72K_ea;
                            	
                            	
                            	// End Table
                            	.public T_SACM_S480_SpeechTable
                            	T_SACM_S480_SpeechTable:	
00008046 2E 80              		.DW _RES_LIANJIE_72K_SA  	 //0
00008047 2A 80              		.DW _RES_FAIL_72K_SA   		//1
00008048 32 80              		.DW _RES_SUCCESS_72K_SA   	//2
00008049 26 80              		.DW _RES_AT_FINISH_72K_SA   //3
                            		
0000804A 36 80              		.DW _RES_STATUS_INQ_72K_SA  	 //4 网络状态查询
0000804B 3E 80              		.DW _RES_CUR_NET_72K_SA  	 //5  当前网络状态
0000804C 3A 80              		.DW _RES_ASS_72K_SA  	 //6	已连接
0000804D 42 80              		.DW _RES_NO_ASS_72K_SA  	 //7 未连接
0 error(s), 0 warning(s).

