Generalplus u'nSP Assembler - Ver. 1.14.13.0
              Listing File Has Been Relocated
                            	// GCC for GeneralPlus u'nSP version 1.1.0.3
                            	// Command: C:\GENERA~1\UNSPID~1.4\toolchain\cc1.exe C:\Users\XIANGX~1.LIU\AppData\Local\Temp\ccQ5sY9f.i -fkeep-inline-functions -quiet -dumpbase uart.c -mglobal-var-iram -gstabs -Wall -o .\Debug/uart.asm
                            		.external __sn_func_ptr_sec
                            	
                            	// gcc2_compiled.:
                            	
00000000                    	.debug
00000000 2E 00 73 00        		.dw '.stabs "C:/Users/xiangxiang.liu/Desktop/Ex09/",0x64,0,3,',0,0,offset Ltext0,seg Ltext0,0x0d,0x0a
         74 00 61 00
         62 00 73 00
         20 00 22 00
         43 00 3A 00
         2F 00 55 00
         73 00 65 00
         72 00 73 00
         2F 00 78 00
         69 00 61 00
         6E 00 67 00
         78 00 69 00
         61 00 6E 00
         67 00 2E 00
         6C 00 69 00
         75 00 2F 00
         44 00 65 00
         73 00 6B 00
         74 00 6F 00
         70 00 2F 00
         45 00 78 00
         30 00 39 00
         2F 00 22 00
         2C 00 30 00
         78 00 36 00
         34 00 2C 00
         30 00 2C 00
         33 00 2C 00
         00 00 00 00
         00 00 00 00
         0D 00 0A 00
0000B0B8                    	.code
0000003E                    	.debug
0000003E 2E 00 73 00        		.dw '.stabs "C:/Users/xiangxiang.liu/Desktop/Ex09/wifi/uart.c",0x64,0,3,',0,0,offset Ltext0,seg Ltext0,0x0d,0x0a
         74 00 61 00
         62 00 73 00
         20 00 22 00
         43 00 3A 00
         2F 00 55 00
         73 00 65 00
         72 00 73 00
         2F 00 78 00
         69 00 61 00
         6E 00 67 00
         78 00 69 00
         61 00 6E 00
         67 00 2E 00
         6C 00 69 00
         75 00 2F 00
         44 00 65 00
         73 00 6B 00
         74 00 6F 00
         70 00 2F 00
         45 00 78 00
         30 00 39 00
         2F 00 77 00
         69 00 66 00
         69 00 2F 00
         75 00 61 00
         72 00 74 00
         2E 00 63 00
         22 00 2C 00
         30 00 78 00
         36 00 34 00
         2C 00 30 00
         2C 00 33 00
         2C 00 00 00
         00 00 00 00
         00 00 0D 00
         0A 00      
0000B0B8                    	.code
0000B0B8                    	.code
                            	Ltext0:
00000087                    	.debug
00000087 2E 00 73 00        		.dw '.stabs "int:t1=r1;-32768;32767;",128,0,0,0',0x0d,0x0a
         74 00 61 00
         62 00 73 00
         20 00 22 00
         69 00 6E 00
         74 00 3A 00
         74 00 31 00
         3D 00 72 00
         31 00 3B 00
         2D 00 33 00
         32 00 37 00
         36 00 38 00
         3B 00 33 00
         32 00 37 00
         36 00 37 00
         3B 00 22 00
         2C 00 31 00
         32 00 38 00
         2C 00 30 00
         2C 00 30 00
         2C 00 30 00
         0D 00 0A 00
0000B0B8                    	.CODE
000000B3                    	.debug
000000B3 2E 00 73 00        		.dw '.stabs "char:t2=r2;0;127;",128,0,0,0',0x0d,0x0a
         74 00 61 00
         62 00 73 00
         20 00 22 00
         63 00 68 00
         61 00 72 00
         3A 00 74 00
         32 00 3D 00
         72 00 32 00
         3B 00 30 00
         3B 00 31 00
         32 00 37 00
         3B 00 22 00
         2C 00 31 00
         32 00 38 00
         2C 00 30 00
         2C 00 30 00
         2C 00 30 00
         0D 00 0A 00
0000B0B8                    	.CODE
000000D9                    	.debug
000000D9 2E 00 73 00        		.dw '.stabs "long int:t3=r3;-2147483648;2147483647;",128,0,0,0',0x0d,0x0a
         74 00 61 00
         62 00 73 00
         20 00 22 00
         6C 00 6F 00
         6E 00 67 00
         20 00 69 00
         6E 00 74 00
         3A 00 74 00
         33 00 3D 00
         72 00 33 00
         3B 00 2D 00
         32 00 31 00
         34 00 37 00
         34 00 38 00
         33 00 36 00
         34 00 38 00
         3B 00 32 00
         31 00 34 00
         37 00 34 00
         38 00 33 00
         36 00 34 00
         37 00 3B 00
         22 00 2C 00
         31 00 32 00
         38 00 2C 00
         30 00 2C 00
         30 00 2C 00
         30 00 0D 00
         0A 00      
0000B0B8                    	.CODE
00000114                    	.debug
00000114 2E 00 73 00        		.dw '.stabs "unsigned int:t4=r4;0;65535;",128,0,0,0',0x0d,0x0a
         74 00 61 00
         62 00 73 00
         20 00 22 00
         75 00 6E 00
         73 00 69 00
         67 00 6E 00
         65 00 64 00
         20 00 69 00
         6E 00 74 00
         3A 00 74 00
         34 00 3D 00
         72 00 34 00
         3B 00 30 00
         3B 00 36 00
         35 00 35 00
         33 00 35 00
         3B 00 22 00
         2C 00 31 00
         32 00 38 00
         2C 00 30 00
         2C 00 30 00
         2C 00 30 00
         0D 00 0A 00
0000B0B8                    	.CODE
00000144                    	.debug
00000144 2E 00 73 00        		.dw '.stabs "long unsigned int:t5=r5;0;4294967295;",128,0,0,0',0x0d,0x0a
         74 00 61 00
         62 00 73 00
         20 00 22 00
         6C 00 6F 00
         6E 00 67 00
         20 00 75 00
         6E 00 73 00
         69 00 67 00
         6E 00 65 00
         64 00 20 00
         69 00 6E 00
         74 00 3A 00
         74 00 35 00
         3D 00 72 00
         35 00 3B 00
         30 00 3B 00
         34 00 32 00
         39 00 34 00
         39 00 36 00
         37 00 32 00
         39 00 35 00
         3B 00 22 00
         2C 00 31 00
         32 00 38 00
         2C 00 30 00
         2C 00 30 00
         2C 00 30 00
         0D 00 0A 00
0000B0B8                    	.CODE
0000017E                    	.debug
0000017E 2E 00 73 00        		.dw '.stabs "long long int:t6=r6;-2147483648;2147483647;",128,0,0,0',0x0d,0x0a
         74 00 61 00
         62 00 73 00
         20 00 22 00
         6C 00 6F 00
         6E 00 67 00
         20 00 6C 00
         6F 00 6E 00
         67 00 20 00
         69 00 6E 00
         74 00 3A 00
         74 00 36 00
         3D 00 72 00
         36 00 3B 00
         2D 00 32 00
         31 00 34 00
         37 00 34 00
         38 00 33 00
         36 00 34 00
         38 00 3B 00
         32 00 31 00
         34 00 37 00
         34 00 38 00
         33 00 36 00
         34 00 37 00
         3B 00 22 00
         2C 00 31 00
         32 00 38 00
         2C 00 30 00
         2C 00 30 00
         2C 00 30 00
         0D 00 0A 00
0000B0B8                    	.CODE
000001BE                    	.debug
000001BE 2E 00 73 00        		.dw '.stabs "long long unsigned int:t7=r7;0;4294967295;",128,0,0,0',0x0d,0x0a
         74 00 61 00
         62 00 73 00
         20 00 22 00
         6C 00 6F 00
         6E 00 67 00
         20 00 6C 00
         6F 00 6E 00
         67 00 20 00
         75 00 6E 00
         73 00 69 00
         67 00 6E 00
         65 00 64 00
         20 00 69 00
         6E 00 74 00
         3A 00 74 00
         37 00 3D 00
         72 00 37 00
         3B 00 30 00
         3B 00 34 00
         32 00 39 00
         34 00 39 00
         36 00 37 00
         32 00 39 00
         35 00 3B 00
         22 00 2C 00
         31 00 32 00
         38 00 2C 00
         30 00 2C 00
         30 00 2C 00
         30 00 0D 00
         0A 00      
0000B0B8                    	.CODE
000001FD                    	.debug
000001FD 2E 00 73 00        		.dw '.stabs "short int:t8=r8;-32768;32767;",128,0,0,0',0x0d,0x0a
         74 00 61 00
         62 00 73 00
         20 00 22 00
         73 00 68 00
         6F 00 72 00
         74 00 20 00
         69 00 6E 00
         74 00 3A 00
         74 00 38 00
         3D 00 72 00
         38 00 3B 00
         2D 00 33 00
         32 00 37 00
         36 00 38 00
         3B 00 33 00
         32 00 37 00
         36 00 37 00
         3B 00 22 00
         2C 00 31 00
         32 00 38 00
         2C 00 30 00
         2C 00 30 00
         2C 00 30 00
         0D 00 0A 00
0000B0B8                    	.CODE
0000022F                    	.debug
0000022F 2E 00 73 00        		.dw '.stabs "short unsigned int:t9=r9;0;65535;",128,0,0,0',0x0d,0x0a
         74 00 61 00
         62 00 73 00
         20 00 22 00
         73 00 68 00
         6F 00 72 00
         74 00 20 00
         75 00 6E 00
         73 00 69 00
         67 00 6E 00
         65 00 64 00
         20 00 69 00
         6E 00 74 00
         3A 00 74 00
         39 00 3D 00
         72 00 39 00
         3B 00 30 00
         3B 00 36 00
         35 00 35 00
         33 00 35 00
         3B 00 22 00
         2C 00 31 00
         32 00 38 00
         2C 00 30 00
         2C 00 30 00
         2C 00 30 00
         0D 00 0A 00
0000B0B8                    	.CODE
00000265                    	.debug
00000265 2E 00 73 00        		.dw '.stabs "signed char:t10=r10;-32768;32767;",128,0,0,0',0x0d,0x0a
         74 00 61 00
         62 00 73 00
         20 00 22 00
         73 00 69 00
         67 00 6E 00
         65 00 64 00
         20 00 63 00
         68 00 61 00
         72 00 3A 00
         74 00 31 00
         30 00 3D 00
         72 00 31 00
         30 00 3B 00
         2D 00 33 00
         32 00 37 00
         36 00 38 00
         3B 00 33 00
         32 00 37 00
         36 00 37 00
         3B 00 22 00
         2C 00 31 00
         32 00 38 00
         2C 00 30 00
         2C 00 30 00
         2C 00 30 00
         0D 00 0A 00
0000B0B8                    	.CODE
0000029B                    	.debug
0000029B 2E 00 73 00        		.dw '.stabs "unsigned char:t11=r11;0;65535;",128,0,0,0',0x0d,0x0a
         74 00 61 00
         62 00 73 00
         20 00 22 00
         75 00 6E 00
         73 00 69 00
         67 00 6E 00
         65 00 64 00
         20 00 63 00
         68 00 61 00
         72 00 3A 00
         74 00 31 00
         31 00 3D 00
         72 00 31 00
         31 00 3B 00
         30 00 3B 00
         36 00 35 00
         35 00 33 00
         35 00 3B 00
         22 00 2C 00
         31 00 32 00
         38 00 2C 00
         30 00 2C 00
         30 00 2C 00
         30 00 0D 00
         0A 00      
0000B0B8                    	.CODE
000002CE                    	.debug
000002CE 2E 00 73 00        		.dw '.stabs "float:t12=r1;2;0;",128,0,0,0',0x0d,0x0a
         74 00 61 00
         62 00 73 00
         20 00 22 00
         66 00 6C 00
         6F 00 61 00
         74 00 3A 00
         74 00 31 00
         32 00 3D 00
         72 00 31 00
         3B 00 32 00
         3B 00 30 00
         3B 00 22 00
         2C 00 31 00
         32 00 38 00
         2C 00 30 00
         2C 00 30 00
         2C 00 30 00
         0D 00 0A 00
0000B0B8                    	.CODE
000002F4                    	.debug
000002F4 2E 00 73 00        		.dw '.stabs "double:t13=r1;2;0;",128,0,0,0',0x0d,0x0a
         74 00 61 00
         62 00 73 00
         20 00 22 00
         64 00 6F 00
         75 00 62 00
         6C 00 65 00
         3A 00 74 00
         31 00 33 00
         3D 00 72 00
         31 00 3B 00
         32 00 3B 00
         30 00 3B 00
         22 00 2C 00
         31 00 32 00
         38 00 2C 00
         30 00 2C 00
         30 00 2C 00
         30 00 0D 00
         0A 00      
0000B0B8                    	.CODE
0000031B                    	.debug
0000031B 2E 00 73 00        		.dw '.stabs "long double:t14=r1;2;0;",128,0,0,0',0x0d,0x0a
         74 00 61 00
         62 00 73 00
         20 00 22 00
         6C 00 6F 00
         6E 00 67 00
         20 00 64 00
         6F 00 75 00
         62 00 6C 00
         65 00 3A 00
         74 00 31 00
         34 00 3D 00
         72 00 31 00
         3B 00 32 00
         3B 00 30 00
         3B 00 22 00
         2C 00 31 00
         32 00 38 00
         2C 00 30 00
         2C 00 30 00
         2C 00 30 00
         0D 00 0A 00
0000B0B8                    	.CODE
00000347                    	.debug
00000347 2E 00 73 00        		.dw '.stabs "complex int:t15=s2real:1,0,16;imag:1,16,16;;",128,0,0,0',0x0d,0x0a
         74 00 61 00
         62 00 73 00
         20 00 22 00
         63 00 6F 00
         6D 00 70 00
         6C 00 65 00
         78 00 20 00
         69 00 6E 00
         74 00 3A 00
         74 00 31 00
         35 00 3D 00
         73 00 32 00
         72 00 65 00
         61 00 6C 00
         3A 00 31 00
         2C 00 30 00
         2C 00 31 00
         36 00 3B 00
         69 00 6D 00
         61 00 67 00
         3A 00 31 00
         2C 00 31 00
         36 00 2C 00
         31 00 36 00
         3B 00 3B 00
         22 00 2C 00
         31 00 32 00
         38 00 2C 00
         30 00 2C 00
         30 00 2C 00
         30 00 0D 00
         0A 00      
0000B0B8                    	.CODE
00000388                    	.debug
00000388 2E 00 73 00        		.dw '.stabs "complex float:t16=r16;2;0;",128,0,0,0',0x0d,0x0a
         74 00 61 00
         62 00 73 00
         20 00 22 00
         63 00 6F 00
         6D 00 70 00
         6C 00 65 00
         78 00 20 00
         66 00 6C 00
         6F 00 61 00
         74 00 3A 00
         74 00 31 00
         36 00 3D 00
         72 00 31 00
         36 00 3B 00
         32 00 3B 00
         30 00 3B 00
         22 00 2C 00
         31 00 32 00
         38 00 2C 00
         30 00 2C 00
         30 00 2C 00
         30 00 0D 00
         0A 00      
0000B0B8                    	.CODE
000003B7                    	.debug
000003B7 2E 00 73 00        		.dw '.stabs "complex double:t17=r17;2;0;",128,0,0,0',0x0d,0x0a
         74 00 61 00
         62 00 73 00
         20 00 22 00
         63 00 6F 00
         6D 00 70 00
         6C 00 65 00
         78 00 20 00
         64 00 6F 00
         75 00 62 00
         6C 00 65 00
         3A 00 74 00
         31 00 37 00
         3D 00 72 00
         31 00 37 00
         3B 00 32 00
         3B 00 30 00
         3B 00 22 00
         2C 00 31 00
         32 00 38 00
         2C 00 30 00
         2C 00 30 00
         2C 00 30 00
         0D 00 0A 00
0000B0B8                    	.CODE
000003E7                    	.debug
000003E7 2E 00 73 00        		.dw '.stabs "complex long double:t18=r18;2;0;",128,0,0,0',0x0d,0x0a
         74 00 61 00
         62 00 73 00
         20 00 22 00
         63 00 6F 00
         6D 00 70 00
         6C 00 65 00
         78 00 20 00
         6C 00 6F 00
         6E 00 67 00
         20 00 64 00
         6F 00 75 00
         62 00 6C 00
         65 00 3A 00
         74 00 31 00
         38 00 3D 00
         72 00 31 00
         38 00 3B 00
         32 00 3B 00
         30 00 3B 00
         22 00 2C 00
         31 00 32 00
         38 00 2C 00
         30 00 2C 00
         30 00 2C 00
         30 00 0D 00
         0A 00      
0000B0B8                    	.CODE
0000041C                    	.debug
0000041C 2E 00 73 00        		.dw '.stabs "void:t19=19",128,0,0,0',0x0d,0x0a
         74 00 61 00
         62 00 73 00
         20 00 22 00
         76 00 6F 00
         69 00 64 00
         3A 00 74 00
         31 00 39 00
         3D 00 31 00
         39 00 22 00
         2C 00 31 00
         32 00 38 00
         2C 00 30 00
         2C 00 30 00
         2C 00 30 00
         0D 00 0A 00
0000B0B8                    	.CODE
0000043C                    	.debug
0000043C 2E 00 73 00        		.dw '.stabs " :T20=eBaudRate300:0,BaudRate600:1,BaudRate1200:2,\\",128,0,0,0',0x0d,0x0a
         74 00 61 00
         62 00 73 00
         20 00 22 00
         20 00 3A 00
         54 00 32 00
         30 00 3D 00
         65 00 42 00
         61 00 75 00
         64 00 52 00
         61 00 74 00
         65 00 33 00
         30 00 30 00
         3A 00 30 00
         2C 00 42 00
         61 00 75 00
         64 00 52 00
         61 00 74 00
         65 00 36 00
         30 00 30 00
         3A 00 31 00
         2C 00 42 00
         61 00 75 00
         64 00 52 00
         61 00 74 00
         65 00 31 00
         32 00 30 00
         30 00 3A 00
         32 00 2C 00
         5C 00 5C 00
         22 00 2C 00
         31 00 32 00
         38 00 2C 00
         30 00 2C 00
         30 00 2C 00
         30 00 0D 00
         0A 00      
00000485 2E 00 73 00        		.DW '.stabs "BaudRate2400:3,BaudRate4096:4,BaudRate4800:5,\\",128,0,0,0',0x0d,0x0a
         74 00 61 00
         62 00 73 00
         20 00 22 00
         42 00 61 00
         75 00 64 00
         52 00 61 00
         74 00 65 00
         32 00 34 00
         30 00 30 00
         3A 00 33 00
         2C 00 42 00
         61 00 75 00
         64 00 52 00
         61 00 74 00
         65 00 34 00
         30 00 39 00
         36 00 3A 00
         34 00 2C 00
         42 00 61 00
         75 00 64 00
         52 00 61 00
         74 00 65 00
         34 00 38 00
         30 00 30 00
         3A 00 35 00
         2C 00 5C 00
         5C 00 22 00
         2C 00 31 00
         32 00 38 00
         2C 00 30 00
         2C 00 30 00
         2C 00 30 00
         0D 00 0A 00
000004C9 2E 00 73 00        		.DW '.stabs "BaudRate9600:6,BaudRate14400:7,BaudRate19200:8,\\",128,0,0,0',0x0d,0x0a
         74 00 61 00
         62 00 73 00
         20 00 22 00
         42 00 61 00
         75 00 64 00
         52 00 61 00
         74 00 65 00
         39 00 36 00
         30 00 30 00
         3A 00 36 00
         2C 00 42 00
         61 00 75 00
         64 00 52 00
         61 00 74 00
         65 00 31 00
         34 00 34 00
         30 00 30 00
         3A 00 37 00
         2C 00 42 00
         61 00 75 00
         64 00 52 00
         61 00 74 00
         65 00 31 00
         39 00 32 00
         30 00 30 00
         3A 00 38 00
         2C 00 5C 00
         5C 00 22 00
         2C 00 31 00
         32 00 38 00
         2C 00 30 00
         2C 00 30 00
         2C 00 30 00
         0D 00 0A 00
0000050F 2E 00 73 00        		.DW '.stabs "BaudRate28800:9,BaudRate38400:10,BaudRate57600:11,\\",128,0,0,0',0x0d,0x0a
         74 00 61 00
         62 00 73 00
         20 00 22 00
         42 00 61 00
         75 00 64 00
         52 00 61 00
         74 00 65 00
         32 00 38 00
         38 00 30 00
         30 00 3A 00
         39 00 2C 00
         42 00 61 00
         75 00 64 00
         52 00 61 00
         74 00 65 00
         33 00 38 00
         34 00 30 00
         30 00 3A 00
         31 00 30 00
         2C 00 42 00
         61 00 75 00
         64 00 52 00
         61 00 74 00
         65 00 35 00
         37 00 36 00
         30 00 30 00
         3A 00 31 00
         31 00 2C 00
         5C 00 5C 00
         22 00 2C 00
         31 00 32 00
         38 00 2C 00
         30 00 2C 00
         30 00 2C 00
         30 00 0D 00
         0A 00      
00000558 2E 00 73 00        		.DW '.stabs "BaudRate115200:12,MaxBaudRate:13,;",128,0,0,0',0x0d,0x0a
         74 00 61 00
         62 00 73 00
         20 00 22 00
         42 00 61 00
         75 00 64 00
         52 00 61 00
         74 00 65 00
         31 00 31 00
         35 00 32 00
         30 00 30 00
         3A 00 31 00
         32 00 2C 00
         4D 00 61 00
         78 00 42 00
         61 00 75 00
         64 00 52 00
         61 00 74 00
         65 00 3A 00
         31 00 33 00
         2C 00 3B 00
         22 00 2C 00
         31 00 32 00
         38 00 2C 00
         30 00 2C 00
         30 00 2C 00
         30 00 0D 00
         0A 00      
0000B0B8                    	.CODE
0000058F                    	.debug
0000058F 2E 00 73 00        		.dw '.stabs "BAUDRATE:t21=20",128,0,0,0',0x0d,0x0a
         74 00 61 00
         62 00 73 00
         20 00 22 00
         42 00 41 00
         55 00 44 00
         52 00 41 00
         54 00 45 00
         3A 00 74 00
         32 00 31 00
         3D 00 32 00
         30 00 22 00
         2C 00 31 00
         32 00 38 00
         2C 00 30 00
         2C 00 30 00
         2C 00 30 00
         0D 00 0A 00
0000B0B8                    	.CODE
000005B3                    	.debug
000005B3 2E 00 73 00        		.dw '.stabs "UART_INFO:G22=s1ProcessRxByte:23=*24=f19,0,16;;",32,0,0,',0,0,offset _UART_INFO,seg _UART_INFO,0x0d,0x0a
         74 00 61 00
         62 00 73 00
         20 00 22 00
         55 00 41 00
         52 00 54 00
         5F 00 49 00
         4E 00 46 00
         4F 00 3A 00
         47 00 32 00
         32 00 3D 00
         73 00 31 00
         50 00 72 00
         6F 00 63 00
         65 00 73 00
         73 00 52 00
         78 00 42 00
         79 00 74 00
         65 00 3A 00
         32 00 33 00
         3D 00 2A 00
         32 00 34 00
         3D 00 66 00
         31 00 39 00
         2C 00 30 00
         2C 00 31 00
         36 00 3B 00
         3B 00 22 00
         2C 00 33 00
         32 00 2C 00
         30 00 2C 00
         30 00 2C 00
         00 00 00 00
         00 00 00 00
         0D 00 0A 00
0000B0B8                    	.CODE
0000B0B8                    	.code
000005F9                    	.debug
000005F9 2E 00 73 00        		.dw '.stabs "UART_Init:F19",36,0,0,',0,0,offset _UART_Init,seg _UART_Init,0x0d,0x0a
         74 00 61 00
         62 00 73 00
         20 00 22 00
         55 00 41 00
         52 00 54 00
         5F 00 49 00
         6E 00 69 00
         74 00 3A 00
         46 00 31 00
         39 00 22 00
         2C 00 33 00
         36 00 2C 00
         30 00 2C 00
         30 00 2C 00
         00 00 00 00
         00 00 00 00
         0D 00 0A 00
0000B0B8                    	.CODE
                            	.public _UART_Init
                            	_UART_Init:	.proc
0000061D                    	.debug
0000061D 2E 00 73 00        		.dw '.stabn 0x44,0,24,',0,0
         74 00 61 00
         62 00 6E 00
         20 00 30 00
         78 00 34 00
         34 00 2C 00
         30 00 2C 00
         32 00 34 00
         2C 00 00 00
         00 00      
00000630 00 00 00 00        		.dd LM1-_UART_Init
00000632 0D 00 0A 00        		.dw 0x0d,0x0a
0000B0B8                    	.code
                            	LM1:
                            		// total=0, vars=0
                            		// frame_pointer_needed: 1
00000634                    	.debug
00000634 2E 00 73 00        		.dw '.stabn 0xa6,0,0,0',0x0d, 0x0a
         74 00 61 00
         62 00 6E 00
         20 00 30 00
         78 00 61 00
         36 00 2C 00
         30 00 2C 00
         30 00 2C 00
         30 00 0D 00
         0A 00      
0000B0B8                    	.code
0000B0B8 88 DA              		PUSH BP to [SP]
0000B0B9 08 0B 01 00        		BP=SP+1
                            	
0000B0BB 0D 03 03 00        		R1=BP+3
00000647                    	.debug
00000647 2E 00 73 00        		.dw '.stabn 0x44,0,25,',0,0
         74 00 61 00
         62 00 6E 00
         20 00 30 00
         78 00 34 00
         34 00 2C 00
         30 00 2C 00
         32 00 35 00
         2C 00 00 00
         00 00      
0000065A 05 00 00 00        		.dd LM2-_UART_Init
0000065C 0D 00 0A 00        		.dw 0x0d,0x0a
0000B0BD                    	.code
                            	LM2:
0000B0BD 01 97              		R3=R1	// QImode move
0000B0BE C3 94              		R2=[R3]	// QImode move
0000B0BF 1A D5 A4 01        		[_UART_INFO]=R2	// QImode move
0000065E                    	.debug
0000065E 2E 00 73 00        		.dw '.stabn 0x44,0,26,',0,0
         74 00 61 00
         62 00 6E 00
         20 00 30 00
         78 00 34 00
         34 00 2C 00
         30 00 2C 00
         32 00 36 00
         2C 00 00 00
         00 00      
00000671 09 00 00 00        		.dd LM3-_UART_Init
00000673 0D 00 0A 00        		.dw 0x0d,0x0a
0000B0C1                    	.code
                            	LM3:
0000B0C1 13 97 08 70        		R3=[28680]	// QImode move
0000B0C3 0B B5 7F FF        		R2=R3&(-129)
0000B0C5 0A A7 00 04        		R3=R2|1024
0000B0C7 1B D7 08 70        		[28680]=R3	// QImode move
00000675                    	.debug
00000675 2E 00 73 00        		.dw '.stabn 0x44,0,27,',0,0
         74 00 61 00
         62 00 6E 00
         20 00 30 00
         78 00 34 00
         34 00 2C 00
         30 00 2C 00
         32 00 37 00
         2C 00 00 00
         00 00      
00000688 11 00 00 00        		.dd LM4-_UART_Init
0000068A 0D 00 0A 00        		.dw 0x0d,0x0a
0000B0C9                    	.code
                            	LM4:
0000B0C9 12 95 06 70        		R2=[28678]	// QImode move
0000B0CB 0A A7 80 04        		R3=R2|1152
0000B0CD 1B D7 06 70        		[28678]=R3	// QImode move
0000068C                    	.debug
0000068C 2E 00 73 00        		.dw '.stabn 0x44,0,28,',0,0
         74 00 61 00
         62 00 6E 00
         20 00 30 00
         78 00 34 00
         34 00 2C 00
         30 00 2C 00
         32 00 38 00
         2C 00 00 00
         00 00      
0000069F 17 00 00 00        		.dd LM5-_UART_Init
000006A1 0D 00 0A 00        		.dw 0x0d,0x0a
0000B0CF                    	.code
                            	LM5:
0000B0CF 13 97 07 70        		R3=[28679]	// QImode move
0000B0D1 0B B5 7F FF        		R2=R3&(-129)
0000B0D3 0A A7 00 04        		R3=R2|1024
0000B0D5 1B D7 07 70        		[28679]=R3	// QImode move
000006A3                    	.debug
000006A3 2E 00 73 00        		.dw '.stabn 0x44,0,29,',0,0
         74 00 61 00
         62 00 6E 00
         20 00 30 00
         78 00 34 00
         34 00 2C 00
         30 00 2C 00
         32 00 39 00
         2C 00 00 00
         00 00      
000006B6 1F 00 00 00        		.dd LM6-_UART_Init
000006B8 0D 00 0A 00        		.dw 0x0d,0x0a
0000B0D7                    	.code
                            	LM6:
0000B0D7 40 94              		R2=0	// QImode move
0000B0D8 1A D5 24 70        		[28708]=R2	// QImode move
000006BA                    	.debug
000006BA 2E 00 73 00        		.dw '.stabn 0x44,0,30,',0,0
         74 00 61 00
         62 00 6E 00
         20 00 30 00
         78 00 34 00
         34 00 2C 00
         30 00 2C 00
         33 00 30 00
         2C 00 00 00
         00 00      
000006CD 22 00 00 00        		.dd LM7-_UART_Init
000006CF 0D 00 0A 00        		.dw 0x0d,0x0a
0000B0DA                    	.code
                            	LM7:
0000B0DA 45 94              		R2=5	// QImode move
0000B0DB 1A D5 25 70        		[28709]=R2	// QImode move
000006D1                    	.debug
000006D1 2E 00 73 00        		.dw '.stabn 0x44,0,31,',0,0
         74 00 61 00
         62 00 6E 00
         20 00 30 00
         78 00 34 00
         34 00 2C 00
         30 00 2C 00
         33 00 31 00
         2C 00 00 00
         00 00      
000006E4 25 00 00 00        		.dd LM8-_UART_Init
000006E6 0D 00 0A 00        		.dw 0x0d,0x0a
0000B0DD                    	.code
                            	LM8:
0000B0DD 0A 95 80 00        		R2=128	// QImode move
0000B0DF 1A D5 21 70        		[28705]=R2	// QImode move
000006E8                    	.debug
000006E8 2E 00 73 00        		.dw '.stabn 0x44,0,36,',0,0
         74 00 61 00
         62 00 6E 00
         20 00 30 00
         78 00 34 00
         34 00 2C 00
         30 00 2C 00
         33 00 36 00
         2C 00 00 00
         00 00      
000006FB 29 00 00 00        		.dd LM9-_UART_Init
000006FD 0D 00 0A 00        		.dw 0x0d,0x0a
0000B0E1                    	.code
                            	LM9:
0000B0E1 0A 95 C0 00        		R2=192	// QImode move
0000B0E3 1A D5 22 70        		[28706]=R2	// QImode move
000006FF                    	.debug
000006FF 2E 00 73 00        		.dw '.stabn 0x44,0,37,',0,0
         74 00 61 00
         62 00 6E 00
         20 00 30 00
         78 00 34 00
         34 00 2C 00
         30 00 2C 00
         33 00 37 00
         2C 00 00 00
         00 00      
00000712 2D 00 00 00        		.dd LM10-_UART_Init
00000714 0D 00 0A 00        		.dw 0x0d,0x0a
0000B0E5                    	.code
                            	LM10:
00000716                    	.debug
00000716 2E 00 73 00        		.dw '.stabn 0x44,0,37,',0,0
         74 00 61 00
         62 00 6E 00
         20 00 30 00
         78 00 34 00
         34 00 2C 00
         30 00 2C 00
         33 00 37 00
         2C 00 00 00
         00 00      
00000729 2D 00 00 00        		.dd LM11-_UART_Init
0000072B 0D 00 0A 00        		.dw 0x0d,0x0a
0000B0E5                    	.code
                            	LM11:
                            	L2:
                            	
0000B0E5 88 98              		POP BP from [SP]
0000B0E6 90 9A              		RETF
                            		.endp	// end of UART_Init
                            	
0000072D                    	.debug
0000072D 2E 00 73 00        		.dw '.stabs "ProcessRxByte:p23",160,0,0,3',0x0d,0x0a
         74 00 61 00
         62 00 73 00
         20 00 22 00
         50 00 72 00
         6F 00 63 00
         65 00 73 00
         73 00 52 00
         78 00 42 00
         79 00 74 00
         65 00 3A 00
         70 00 32 00
         33 00 22 00
         2C 00 31 00
         36 00 30 00
         2C 00 30 00
         2C 00 30 00
         2C 00 33 00
         0D 00 0A 00
0000B0E7                    	.CODE
00000753                    	.debug
00000753 2E 00 73 00        		.dw '.stabf ',0,0
         74 00 61 00
         62 00 66 00
         20 00 00 00
         00 00      
0000075C 2F 00 00 00        		.dd LME1-_UART_Init
0000075E 0D 00 0A 00        		.dw 0x0d,0x0a
0000B0E7                    	.code
                            	LME1:
000080D6                    	.text
                            	_BaudRateTable:
000080D6 00 A0              		.dw -24576
000080D7 00 50              		.dw 20480
000080D8 00 28              		.dw 10240
000080D9 00 14              		.dw 5120
000080DA B8 0B              		.dw 3000
000080DB 00 0A              		.dw 2560
000080DC 00 05              		.dw 1280
000080DD 55 03              		.dw 853
000080DE 80 02              		.dw 640
000080DF AA 01              		.dw 426
000080E0 40 01              		.dw 320
000080E1 D5 00              		.dw 213
000080E2 6B 00              		.dw 107
00000760                    	.debug
00000760 2E 00 73 00        		.dw '.stabs "BaudRateTable:S25=ar1;0;12;4",38,0,0,',0,0,offset _BaudRateTable,seg _BaudRateTable,0x0d,0x0a
         74 00 61 00
         62 00 73 00
         20 00 22 00
         42 00 61 00
         75 00 64 00
         52 00 61 00
         74 00 65 00
         54 00 61 00
         62 00 6C 00
         65 00 3A 00
         53 00 32 00
         35 00 3D 00
         61 00 72 00
         31 00 3B 00
         30 00 3B 00
         31 00 32 00
         3B 00 34 00
         22 00 2C 00
         33 00 38 00
         2C 00 30 00
         2C 00 30 00
         2C 00 00 00
         00 00 00 00
         00 00 0D 00
         0A 00      
0000B0E7                    	.CODE
0000B0E7                    	.code
00000793                    	.debug
00000793 2E 00 73 00        		.dw '.stabs "UART_BaudSet:F19",36,0,0,',0,0,offset _UART_BaudSet,seg _UART_BaudSet,0x0d,0x0a
         74 00 61 00
         62 00 73 00
         20 00 22 00
         55 00 41 00
         52 00 54 00
         5F 00 42 00
         61 00 75 00
         64 00 53 00
         65 00 74 00
         3A 00 46 00
         31 00 39 00
         22 00 2C 00
         33 00 36 00
         2C 00 30 00
         2C 00 30 00
         2C 00 00 00
         00 00 2F 00
         00 00 0D 00
         0A 00      
0000B0E7                    	.CODE
                            	.public _UART_BaudSet
                            	_UART_BaudSet:	.proc
000007BA                    	.debug
000007BA 2E 00 73 00        		.dw '.stabn 0x44,0,61,',0,0
         74 00 61 00
         62 00 6E 00
         20 00 30 00
         78 00 34 00
         34 00 2C 00
         30 00 2C 00
         36 00 31 00
         2C 00 00 00
         00 00      
000007CD 00 00 00 00        		.dd LM12-_UART_BaudSet
000007CF 0D 00 0A 00        		.dw 0x0d,0x0a
0000B0E7                    	.code
                            	LM12:
                            		// total=0, vars=0
                            		// frame_pointer_needed: 1
000007D1                    	.debug
000007D1 2E 00 73 00        		.dw '.stabn 0xa6,0,0,0',0x0d, 0x0a
         74 00 61 00
         62 00 6E 00
         20 00 30 00
         78 00 61 00
         36 00 2C 00
         30 00 2C 00
         30 00 2C 00
         30 00 0D 00
         0A 00      
0000B0E7                    	.code
0000B0E7 88 DA              		PUSH BP to [SP]
0000B0E8 08 0B 01 00        		BP=SP+1
                            	
0000B0EA 0D 03 03 00        		R1=BP+3
000007E4                    	.debug
000007E4 2E 00 73 00        		.dw '.stabn 0x44,0,62,',0,0
         74 00 61 00
         62 00 6E 00
         20 00 30 00
         78 00 34 00
         34 00 2C 00
         30 00 2C 00
         36 00 32 00
         2C 00 00 00
         00 00      
000007F7 05 00 00 00        		.dd LM13-_UART_BaudSet
000007F9 0D 00 0A 00        		.dw 0x0d,0x0a
0000B0EC                    	.code
                            	LM13:
0000B0EC 0A 95 D6 80        		R2=_BaudRateTable	// QImode move
0000B0EE 01 99              		R4=R1	// QImode move
0000B0EF C4 96              		R3=[R4]	// QImode move
0000B0F0 03 05              		R2 = R2 + R3	//addqi3
0000B0F1 02 99              		R4=R2	// QImode move
0000B0F2 C4 96              		R3=[R4]	// QImode move
0000B0F3 1B D7 24 70        		[28708]=R3	// QImode move
000007FB                    	.debug
000007FB 2E 00 73 00        		.dw '.stabn 0x44,0,63,',0,0
         74 00 61 00
         62 00 6E 00
         20 00 30 00
         78 00 34 00
         34 00 2C 00
         30 00 2C 00
         36 00 33 00
         2C 00 00 00
         00 00      
0000080E 0E 00 00 00        		.dd LM14-_UART_BaudSet
00000810 0D 00 0A 00        		.dw 0x0d,0x0a
0000B0F5                    	.code
                            	LM14:
0000B0F5 0A 95 D6 80        		R2=_BaudRateTable	// QImode move
0000B0F7 01 99              		R4=R1	// QImode move
0000B0F8 C4 96              		R3=[R4]	// QImode move
0000B0F9 03 05              		R2 = R2 + R3	//addqi3
0000B0FA 02 99              		R4=R2	// QImode move
0000B0FB C4 96              		R3=[R4]	// QImode move
0000B0FC 7B 95              		R2=R3 lsr 4
0000B0FD 7A 95              		R2=R2 lsr 4
0000B0FE 1A D5 25 70        		[28709]=R2	// QImode move
00000812                    	.debug
00000812 2E 00 73 00        		.dw '.stabn 0x44,0,64,',0,0
         74 00 61 00
         62 00 6E 00
         20 00 30 00
         78 00 34 00
         34 00 2C 00
         30 00 2C 00
         36 00 34 00
         2C 00 00 00
         00 00      
00000825 19 00 00 00        		.dd LM15-_UART_BaudSet
00000827 0D 00 0A 00        		.dw 0x0d,0x0a
0000B100                    	.code
                            	LM15:
00000829                    	.debug
00000829 2E 00 73 00        		.dw '.stabn 0x44,0,64,',0,0
         74 00 61 00
         62 00 6E 00
         20 00 30 00
         78 00 34 00
         34 00 2C 00
         30 00 2C 00
         36 00 34 00
         2C 00 00 00
         00 00      
0000083C 19 00 00 00        		.dd LM16-_UART_BaudSet
0000083E 0D 00 0A 00        		.dw 0x0d,0x0a
0000B100                    	.code
                            	LM16:
                            	L3:
                            	
0000B100 88 98              		POP BP from [SP]
0000B101 90 9A              		RETF
                            		.endp	// end of UART_BaudSet
                            	
00000840                    	.debug
00000840 2E 00 73 00        		.dw '.stabs "nBaudRate:p21",160,0,0,3',0x0d,0x0a
         74 00 61 00
         62 00 73 00
         20 00 22 00
         6E 00 42 00
         61 00 75 00
         64 00 52 00
         61 00 74 00
         65 00 3A 00
         70 00 32 00
         31 00 22 00
         2C 00 31 00
         36 00 30 00
         2C 00 30 00
         2C 00 30 00
         2C 00 33 00
         0D 00 0A 00
0000B102                    	.CODE
00000862                    	.debug
00000862 2E 00 73 00        		.dw '.stabf ',0,0
         74 00 61 00
         62 00 66 00
         20 00 00 00
         00 00      
0000086B 1B 00 00 00        		.dd LME2-_UART_BaudSet
0000086D 0D 00 0A 00        		.dw 0x0d,0x0a
0000B102                    	.code
                            	LME2:
0000B102                    	.code
0000086F                    	.debug
0000086F 2E 00 73 00        		.dw '.stabs "UART_Send:F1",36,0,0,',0,0,offset _UART_Send,seg _UART_Send,0x0d,0x0a
         74 00 61 00
         62 00 73 00
         20 00 22 00
         55 00 41 00
         52 00 54 00
         5F 00 53 00
         65 00 6E 00
         64 00 3A 00
         46 00 31 00
         22 00 2C 00
         33 00 36 00
         2C 00 30 00
         2C 00 30 00
         2C 00 00 00
         00 00 4A 00
         00 00 0D 00
         0A 00      
0000B102                    	.CODE
                            	.public _UART_Send
                            	_UART_Send:	.proc
00000892                    	.debug
00000892 2E 00 73 00        		.dw '.stabn 0x44,0,74,',0,0
         74 00 61 00
         62 00 6E 00
         20 00 30 00
         78 00 34 00
         34 00 2C 00
         30 00 2C 00
         37 00 34 00
         2C 00 00 00
         00 00      
000008A5 00 00 00 00        		.dd LM17-_UART_Send
000008A7 0D 00 0A 00        		.dw 0x0d,0x0a
0000B102                    	.code
                            	LM17:
                            		// total=2, vars=2
                            		// frame_pointer_needed: 1
000008A9                    	.debug
000008A9 2E 00 73 00        		.dw '.stabn 0xa6,0,0,2',0x0d, 0x0a
         74 00 61 00
         62 00 6E 00
         20 00 30 00
         78 00 61 00
         36 00 2C 00
         30 00 2C 00
         30 00 2C 00
         32 00 0D 00
         0A 00      
0000B102                    	.code
0000B102 88 DA              		PUSH BP to [SP]
0000B103 42 20              		SP-=2
0000B104 08 0B 01 00        		BP=SP+1
                            	
0000B106 0D 05 05 00        		R2=BP+5
000008BC                    	.debug
000008BC 2E 00 73 00        		.dw '.stabn 0x44,0,81,',0,0
         74 00 61 00
         62 00 6E 00
         20 00 30 00
         78 00 34 00
         34 00 2C 00
         30 00 2C 00
         38 00 31 00
         2C 00 00 00
         00 00      
000008CF 06 00 00 00        		.dd LM18-_UART_Send
000008D1 0D 00 0A 00        		.dw 0x0d,0x0a
0000B108                    	.code
                            	LM18:
                            	LBB2:
0000B108 02 97              		R3=R2	// QImode move
0000B109 C3 92              		R1=[R3]	// QImode move
0000B10A C5 D2              		[BP]=R1	// QImode move
000008D3                    	.debug
000008D3 2E 00 73 00        		.dw '.stabn 0x44,0,82,',0,0
         74 00 61 00
         62 00 6E 00
         20 00 30 00
         78 00 34 00
         34 00 2C 00
         30 00 2C 00
         38 00 32 00
         2C 00 00 00
         00 00      
000008E6 09 00 00 00        		.dd LM19-_UART_Send
000008E8 0D 00 0A 00        		.dw 0x0d,0x0a
0000B10B                    	.code
                            	LM19:
                            	L5:
0000B10B 02 97              		R3=R2	// QImode move
0000B10C 0A 03 01 00        		R1=R2+1
0000B10E 01 99              		R4=R1	// QImode move
0000B10F C4 96              		R3=[R4]	// QImode move
0000B110 01 D6              		[BP+1]=R3	// QImode move
0000B111 0B 07 FF FF        		R3=R3+(-1)
0000B113 01 99              		R4=R1	// QImode move
0000B114 C4 D6              		[R4]=R3	// QImode move
0000B115 01 92              		R1=[BP+1]	// QImode move
0000B116 40 42              		CMP R1,0	// QImode test
0000B117 04 BE 01 EE        		NSJG L7	//QImode GT
         00 EE      
0000B11A 0F 9F 31 B1        		PC=L6	// jump
                            	L7:
000008EA                    	.debug
000008EA 2E 00 73 00        		.dw '.stabn 0x44,0,84,',0,0
         74 00 61 00
         62 00 6E 00
         20 00 30 00
         78 00 34 00
         34 00 2C 00
         30 00 2C 00
         38 00 34 00
         2C 00 00 00
         00 00      
000008FD 1A 00 00 00        		.dd LM20-_UART_Send
000008FF 0D 00 0A 00        		.dw 0x0d,0x0a
0000B11C                    	.code
                            	LM20:
                            	L8:
0000B11C 13 97 22 70        		R3=[28706]	// QImode move
0000B11E 0B B3 40 00        		R1=R3&64
0000B120 40 42              		CMP R1,0	// QImode test
0000B121 04 5E 01 EE        		NSJZ L10	//QImode EQ
         00 EE      
0000B124 0F 9F 28 B1        		PC=L9	// jump
                            	L10:
0000B126 0F 9F 1C B1        		PC=L8	// jump
                            	L9:
00000901                    	.debug
00000901 2E 00 73 00        		.dw '.stabn 0x44,0,85,',0,0
         74 00 61 00
         62 00 6E 00
         20 00 30 00
         78 00 34 00
         34 00 2C 00
         30 00 2C 00
         38 00 35 00
         2C 00 00 00
         00 00      
00000914 26 00 00 00        		.dd LM21-_UART_Send
00000916 0D 00 0A 00        		.dw 0x0d,0x0a
0000B128                    	.code
                            	LM21:
0000B128 C5 92              		R1=[BP]	// QImode move
0000B129 01 99              		R4=R1	// QImode move
0000B12A C4 96              		R3=[R4]	// QImode move
0000B12B 1B D7 23 70        		[28707]=R3	// QImode move
0000B12D 41 02              		R1=R1+1
0000B12E C5 D2              		[BP]=R1	// QImode move
00000918                    	.debug
00000918 2E 00 73 00        		.dw '.stabn 0x44,0,86,',0,0
         74 00 61 00
         62 00 6E 00
         20 00 30 00
         78 00 34 00
         34 00 2C 00
         30 00 2C 00
         38 00 36 00
         2C 00 00 00
         00 00      
0000092B 2D 00 00 00        		.dd LM22-_UART_Send
0000092D 0D 00 0A 00        		.dw 0x0d,0x0a
0000B12F                    	.code
                            	LM22:
0000B12F 0F 9F 0B B1        		PC=L5	// jump
                            	L6:
0000092F                    	.debug
0000092F 2E 00 73 00        		.dw '.stabn 0x44,0,88,',0,0
         74 00 61 00
         62 00 6E 00
         20 00 30 00
         78 00 34 00
         34 00 2C 00
         30 00 2C 00
         38 00 38 00
         2C 00 00 00
         00 00      
00000942 2F 00 00 00        		.dd LM23-_UART_Send
00000944 0D 00 0A 00        		.dw 0x0d,0x0a
0000B131                    	.code
                            	LM23:
0000B131 40 92              		R1=0	// QImode move
0000B132 0F 9F 34 B1        		PC=L4	// jump
00000946                    	.debug
00000946 2E 00 73 00        		.dw '.stabn 0x44,0,89,',0,0
         74 00 61 00
         62 00 6E 00
         20 00 30 00
         78 00 34 00
         34 00 2C 00
         30 00 2C 00
         38 00 39 00
         2C 00 00 00
         00 00      
00000959 32 00 00 00        		.dd LM24-_UART_Send
0000095B 0D 00 0A 00        		.dw 0x0d,0x0a
0000B134                    	.code
                            	LM24:
                            	LBE2:
0000095D                    	.debug
0000095D 2E 00 73 00        		.dw '.stabn 0x44,0,89,',0,0
         74 00 61 00
         62 00 6E 00
         20 00 30 00
         78 00 34 00
         34 00 2C 00
         30 00 2C 00
         38 00 39 00
         2C 00 00 00
         00 00      
00000970 32 00 00 00        		.dd LM25-_UART_Send
00000972 0D 00 0A 00        		.dw 0x0d,0x0a
0000B134                    	.code
                            	LM25:
                            	L4:
                            	
0000B134 42 00              		SP+=2
0000B135 88 98              		POP BP from [SP]
0000B136 90 9A              		RETF
                            		.endp	// end of UART_Send
                            	
00000974                    	.debug
00000974 2E 00 73 00        		.dw '.stabs "buf:p26=*19",160,0,0,5',0x0d,0x0a
         74 00 61 00
         62 00 73 00
         20 00 22 00
         62 00 75 00
         66 00 3A 00
         70 00 32 00
         36 00 3D 00
         2A 00 31 00
         39 00 22 00
         2C 00 31 00
         36 00 30 00
         2C 00 30 00
         2C 00 30 00
         2C 00 35 00
         0D 00 0A 00
0000B137                    	.CODE
00000994                    	.debug
00000994 2E 00 73 00        		.dw '.stabs "size:p1",160,0,0,6',0x0d,0x0a
         74 00 61 00
         62 00 73 00
         20 00 22 00
         73 00 69 00
         7A 00 65 00
         3A 00 70 00
         31 00 22 00
         2C 00 31 00
         36 00 30 00
         2C 00 30 00
         2C 00 30 00
         2C 00 36 00
         0D 00 0A 00
0000B137                    	.CODE
000009B0                    	.debug
000009B0 2E 00 73 00        		.dw '.stabn 0xc0,0,0,',0,0
         74 00 61 00
         62 00 6E 00
         20 00 30 00
         78 00 63 00
         30 00 2C 00
         30 00 2C 00
         30 00 2C 00
         00 00 00 00
000009C2 06 00 00 00        		.dd LBB2-_UART_Send
000009C4 0D 00 0A 00        		.dw 0x0d,0x0a
0000B137                    	.code
000009C6                    	.debug
000009C6 2E 00 73 00        		.dw '.stabs "p:27=*11",128,0,0,0',0x0d,0x0a
         74 00 61 00
         62 00 73 00
         20 00 22 00
         70 00 3A 00
         32 00 37 00
         3D 00 2A 00
         31 00 31 00
         22 00 2C 00
         31 00 32 00
         38 00 2C 00
         30 00 2C 00
         30 00 2C 00
         30 00 0D 00
         0A 00      
0000B137                    	.CODE
000009E3                    	.debug
000009E3 2E 00 73 00        		.dw '.stabn 0xe0,0,0,',0,0
         74 00 61 00
         62 00 6E 00
         20 00 30 00
         78 00 65 00
         30 00 2C 00
         30 00 2C 00
         30 00 2C 00
         00 00 00 00
000009F5 32 00 00 00        		.dd LBE2-_UART_Send
000009F7 0D 00 0A 00        		.dw 0x0d,0x0a
0000B137                    	.code
000009F9                    	.debug
000009F9 2E 00 73 00        		.dw '.stabf ',0,0
         74 00 61 00
         62 00 66 00
         20 00 00 00
         00 00      
00000A02 35 00 00 00        		.dd LME3-_UART_Send
00000A04 0D 00 0A 00        		.dw 0x0d,0x0a
0000B137                    	.code
                            	LME3:
0000B137                    	.code
00000A06                    	.debug
00000A06 2E 00 73 00        		.dw '.stabs "UART_Send_String:F1",36,0,0,',0,0,offset _UART_Send_String,seg _UART_Send_String,0x0d,0x0a
         74 00 61 00
         62 00 73 00
         20 00 22 00
         55 00 41 00
         52 00 54 00
         5F 00 53 00
         65 00 6E 00
         64 00 5F 00
         53 00 74 00
         72 00 69 00
         6E 00 67 00
         3A 00 46 00
         31 00 22 00
         2C 00 33 00
         36 00 2C 00
         30 00 2C 00
         30 00 2C 00
         00 00 00 00
         7F 00 00 00
         0D 00 0A 00
0000B137                    	.CODE
                            	.public _UART_Send_String
                            	_UART_Send_String:	.proc
00000A30                    	.debug
00000A30 2E 00 73 00        		.dw '.stabn 0x44,0,98,',0,0
         74 00 61 00
         62 00 6E 00
         20 00 30 00
         78 00 34 00
         34 00 2C 00
         30 00 2C 00
         39 00 38 00
         2C 00 00 00
         00 00      
00000A43 00 00 00 00        		.dd LM26-_UART_Send_String
00000A45 0D 00 0A 00        		.dw 0x0d,0x0a
0000B137                    	.code
                            	LM26:
                            		// total=0, vars=0
                            		// frame_pointer_needed: 1
00000A47                    	.debug
00000A47 2E 00 73 00        		.dw '.stabn 0xa6,0,0,0',0x0d, 0x0a
         74 00 61 00
         62 00 6E 00
         20 00 30 00
         78 00 61 00
         36 00 2C 00
         30 00 2C 00
         30 00 2C 00
         30 00 0D 00
         0A 00      
0000B137                    	.code
0000B137 88 DA              		PUSH BP to [SP]
0000B138 08 0B 01 00        		BP=SP+1
                            	
0000B13A 0D 05 03 00        		R2=BP+3
00000A5A                    	.debug
00000A5A 2E 00 73 00        		.dw '.stabn 0x44,0,105,',0,0
         74 00 61 00
         62 00 6E 00
         20 00 30 00
         78 00 34 00
         34 00 2C 00
         30 00 2C 00
         31 00 30 00
         35 00 2C 00
         00 00 00 00
00000A6E 05 00 00 00        		.dd LM27-_UART_Send_String
00000A70 0D 00 0A 00        		.dw 0x0d,0x0a
0000B13C                    	.code
                            	LM27:
                            	L14:
0000B13C 02 97              		R3=R2	// QImode move
0000B13D C3 92              		R1=[R3]	// QImode move
0000B13E 01 99              		R4=R1	// QImode move
0000B13F C4 96              		R3=[R4]	// QImode move
0000B140 40 46              		CMP R3,0	// QImode test
0000B141 04 4E 01 EE        		NSJNZ L16	//QImode NE
         00 EE      
0000B144 0F 9F 5D B1        		PC=L15	// jump
                            	L16:
00000A72                    	.debug
00000A72 2E 00 73 00        		.dw '.stabn 0x44,0,107,',0,0
         74 00 61 00
         62 00 6E 00
         20 00 30 00
         78 00 34 00
         34 00 2C 00
         30 00 2C 00
         31 00 30 00
         37 00 2C 00
         00 00 00 00
00000A86 0F 00 00 00        		.dd LM28-_UART_Send_String
00000A88 0D 00 0A 00        		.dw 0x0d,0x0a
0000B146                    	.code
                            	LM28:
                            	L17:
0000B146 13 97 22 70        		R3=[28706]	// QImode move
0000B148 0B B3 40 00        		R1=R3&64
0000B14A 40 42              		CMP R1,0	// QImode test
0000B14B 04 5E 01 EE        		NSJZ L19	//QImode EQ
         00 EE      
0000B14E 0F 9F 52 B1        		PC=L18	// jump
                            	L19:
0000B150 0F 9F 46 B1        		PC=L17	// jump
                            	L18:
00000A8A                    	.debug
00000A8A 2E 00 73 00        		.dw '.stabn 0x44,0,108,',0,0
         74 00 61 00
         62 00 6E 00
         20 00 30 00
         78 00 34 00
         34 00 2C 00
         30 00 2C 00
         31 00 30 00
         38 00 2C 00
         00 00 00 00
00000A9E 1B 00 00 00        		.dd LM29-_UART_Send_String
00000AA0 0D 00 0A 00        		.dw 0x0d,0x0a
0000B152                    	.code
                            	LM29:
0000B152 02 97              		R3=R2	// QImode move
0000B153 C3 92              		R1=[R3]	// QImode move
0000B154 01 99              		R4=R1	// QImode move
0000B155 C4 96              		R3=[R4]	// QImode move
0000B156 1B D7 23 70        		[28707]=R3	// QImode move
0000B158 41 02              		R1=R1+1
0000B159 02 97              		R3=R2	// QImode move
0000B15A C3 D2              		[R3]=R1	// QImode move
00000AA2                    	.debug
00000AA2 2E 00 73 00        		.dw '.stabn 0x44,0,109,',0,0
         74 00 61 00
         62 00 6E 00
         20 00 30 00
         78 00 34 00
         34 00 2C 00
         30 00 2C 00
         31 00 30 00
         39 00 2C 00
         00 00 00 00
00000AB6 24 00 00 00        		.dd LM30-_UART_Send_String
00000AB8 0D 00 0A 00        		.dw 0x0d,0x0a
0000B15B                    	.code
                            	LM30:
0000B15B 0F 9F 3C B1        		PC=L14	// jump
                            	L15:
00000ABA                    	.debug
00000ABA 2E 00 73 00        		.dw '.stabn 0x44,0,111,',0,0
         74 00 61 00
         62 00 6E 00
         20 00 30 00
         78 00 34 00
         34 00 2C 00
         30 00 2C 00
         31 00 31 00
         31 00 2C 00
         00 00 00 00
00000ACE 26 00 00 00        		.dd LM31-_UART_Send_String
00000AD0 0D 00 0A 00        		.dw 0x0d,0x0a
0000B15D                    	.code
                            	LM31:
0000B15D 40 92              		R1=0	// QImode move
0000B15E 0F 9F 60 B1        		PC=L13	// jump
00000AD2                    	.debug
00000AD2 2E 00 73 00        		.dw '.stabn 0x44,0,112,',0,0
         74 00 61 00
         62 00 6E 00
         20 00 30 00
         78 00 34 00
         34 00 2C 00
         30 00 2C 00
         31 00 31 00
         32 00 2C 00
         00 00 00 00
00000AE6 29 00 00 00        		.dd LM32-_UART_Send_String
00000AE8 0D 00 0A 00        		.dw 0x0d,0x0a
0000B160                    	.code
                            	LM32:
00000AEA                    	.debug
00000AEA 2E 00 73 00        		.dw '.stabn 0x44,0,112,',0,0
         74 00 61 00
         62 00 6E 00
         20 00 30 00
         78 00 34 00
         34 00 2C 00
         30 00 2C 00
         31 00 31 00
         32 00 2C 00
         00 00 00 00
00000AFE 29 00 00 00        		.dd LM33-_UART_Send_String
00000B00 0D 00 0A 00        		.dw 0x0d,0x0a
0000B160                    	.code
                            	LM33:
                            	L13:
                            	
0000B160 88 98              		POP BP from [SP]
0000B161 90 9A              		RETF
                            		.endp	// end of UART_Send_String
                            	
00000B02                    	.debug
00000B02 2E 00 73 00        		.dw '.stabs "str:p28=*2",160,0,0,3',0x0d,0x0a
         74 00 61 00
         62 00 73 00
         20 00 22 00
         73 00 74 00
         72 00 3A 00
         70 00 32 00
         38 00 3D 00
         2A 00 32 00
         22 00 2C 00
         31 00 36 00
         30 00 2C 00
         30 00 2C 00
         30 00 2C 00
         33 00 0D 00
         0A 00      
0000B162                    	.CODE
00000B21                    	.debug
00000B21 2E 00 73 00        		.dw '.stabf ',0,0
         74 00 61 00
         62 00 66 00
         20 00 00 00
         00 00      
00000B2A 2B 00 00 00        		.dd LME4-_UART_Send_String
00000B2C 0D 00 0A 00        		.dw 0x0d,0x0a
0000B162                    	.code
                            	LME4:
                            	// ISR ATTRIBUTE FUNCTION, LOCATE in .text SECTION
000080E3                    	.text
00000B2E                    	.debug
00000B2E 2E 00 73 00        		.dw '.stabs "IRQ7:F19",36,0,0,',0,0,offset _IRQ7,seg _IRQ7,0x0d,0x0a
         74 00 61 00
         62 00 73 00
         20 00 22 00
         49 00 52 00
         51 00 37 00
         3A 00 46 00
         31 00 39 00
         22 00 2C 00
         33 00 36 00
         2C 00 30 00
         2C 00 30 00
         2C 00 00 00
         00 00 0D 00
         00 00 0D 00
         0A 00      
000080E3                    	.TEXT
                            	.public _IRQ7
                            	_IRQ7:	.proc
00000B4D                    	.debug
00000B4D 2E 00 73 00        		.dw '.stabn 0x44,0,122,',0,0
         74 00 61 00
         62 00 6E 00
         20 00 30 00
         78 00 34 00
         34 00 2C 00
         30 00 2C 00
         31 00 32 00
         32 00 2C 00
         00 00 00 00
00000B61 00 00 00 00        		.dd LM34-_IRQ7
00000B63 0D 00 0A 00        		.dw 0x0d,0x0a
000080E3                    	.text
                            	LM34:
                            		// ISR ATTRIBUTE FUNCTION, PUSH R1,BP
000080E3 A8 DA              		PUSH R1,BP to [SP]
                            	
                            		// total=2, vars=2
                            		// frame_pointer_needed: 1
00000B65                    	.debug
00000B65 2E 00 73 00        		.dw '.stabn 0xa6,0,0,2',0x0d, 0x0a
         74 00 61 00
         62 00 6E 00
         20 00 30 00
         78 00 61 00
         36 00 2C 00
         30 00 2C 00
         30 00 2C 00
         32 00 0D 00
         0A 00      
000080E4                    	.text
000080E4 42 20              		SP-=2
000080E5 08 0B 01 00        		BP=SP+1
                            	
000080E7 0D 03 05 00        		R1=BP+5
000080E9 C5 D2              		[BP]=R1	// QImode move
00000B78                    	.debug
00000B78 2E 00 73 00        		.dw '.stabn 0x44,0,123,',0,0
         74 00 61 00
         62 00 6E 00
         20 00 30 00
         78 00 34 00
         34 00 2C 00
         30 00 2C 00
         31 00 32 00
         33 00 2C 00
         00 00 00 00
00000B8C 07 00 00 00        		.dd LM35-_IRQ7
00000B8E 0D 00 0A 00        		.dw 0x0d,0x0a
000080EA                    	.text
                            	LM35:
000080EA 12 95 22 70        		R2=[28706]	// QImode move
000080EC 0A B3 80 00        		R1=R2&128
000080EE 40 42              		CMP R1,0	// QImode test
000080EF 10 5E 01 EE        		NSJZ L23	//QImode EQ
         00 EE      
00000B90                    	.debug
00000B90 2E 00 73 00        		.dw '.stabn 0x44,0,126,',0,0
         74 00 61 00
         62 00 6E 00
         20 00 30 00
         78 00 34 00
         34 00 2C 00
         30 00 2C 00
         31 00 32 00
         36 00 2C 00
         00 00 00 00
00000BA4 0F 00 00 00        		.dd LM36-_IRQ7
00000BA6 0D 00 0A 00        		.dw 0x0d,0x0a
000080F2                    	.text
                            	LM36:
000080F2 11 93 23 70        		R1=[28707]	// QImode move
000080F4 C8 D2              		[SP--]=R1	// QImode move
000080F5 11 93 A4 01        		R1=[_UART_INFO]	// QImode move
000080F7 01 D2              		[BP+1]=R1	// QImode move
000080F8 01 92              		R1=[BP+1]	// QImode move
                            		//call function by pointer without return value
000080F9 41 22              		R1-=1
000080FA 0A 95 FF 80        		R2=L25
000080FC 88 D4              		PUSH R2 to [SP]
000080FD 88 DC              		PUSH SR to [SP]
000080FE 91 9A              		POP SR, PC from [R1]
                            		//end of expand
                            	L25:
000080FF 41 00              		SP = SP + 1	//SP
                            	L23:
00000BA8                    	.debug
00000BA8 2E 00 73 00        		.dw '.stabn 0x44,0,138,',0,0
         74 00 61 00
         62 00 6E 00
         20 00 30 00
         78 00 34 00
         34 00 2C 00
         30 00 2C 00
         31 00 33 00
         38 00 2C 00
         00 00 00 00
00000BBC 1D 00 00 00        		.dd LM37-_IRQ7
00000BBE 0D 00 0A 00        		.dw 0x0d,0x0a
00008100                    	.text
                            	LM37:
00000BC0                    	.debug
00000BC0 2E 00 73 00        		.dw '.stabn 0x44,0,138,',0,0
         74 00 61 00
         62 00 6E 00
         20 00 30 00
         78 00 34 00
         34 00 2C 00
         30 00 2C 00
         31 00 33 00
         38 00 2C 00
         00 00 00 00
00000BD4 1D 00 00 00        		.dd LM38-_IRQ7
00000BD6 0D 00 0A 00        		.dw 0x0d,0x0a
00008100                    	.text
                            	LM38:
                            	L22:
                            	
00008100 42 00              		SP+=2
                            		// ISR ATTRIBUTE FUNCTION, POP R1,BP
00008101 A8 90              		POP R1,BP from [SP]
00008102 98 9A              		RETI
                            		.endp	// end of IRQ7
                            	
00000BD8                    	.debug
00000BD8 2E 00 73 00        		.dw '.stabf ',0,0
         74 00 61 00
         62 00 66 00
         20 00 00 00
         00 00      
00000BE1 20 00 00 00        		.dd LME5-_IRQ7
00000BE3 0D 00 0A 00        		.dw 0x0d,0x0a
00008103                    	.text
                            	LME5:
000001A4                    	.iram
                            	.public _UART_INFO
                            	_UART_INFO:
000001A4 00 00              		.dw 0
                            		.end
0 error(s), 0 warning(s).



























