生成启动时间为 2019/4/5 16:28:59。
     1>项目“F:\C++\5-6 e数列\5-6 e数列\5-6 e数列.vcxproj”在节点 2 上(build 个目标)。
     1>PrepareForBuild:
         正在创建目录“F:\C++\5-6 e数列\Debug\”。
       InitializeBuildStatus:
         正在创建“Debug\5-6 e数列.unsuccessfulbuild”，因为已指定“AlwaysCreate”。
       ClCompile:
         E:\visual studio 2010\VC\bin\CL.exe /c /ZI /nologo /W3 /WX- /Od /Oy- /D WIN32 /D _DEBUG /D _CONSOLE /D _UNICODE /D UNICODE /Gm /EHsc /RTC1 /MDd /GS /fp:precise /Zc:wchar_t /Zc:forScope /Yc"StdAfx.h" /Fp"Debug\5-6 e数列.pch" /Fo"Debug\\" /Fd"Debug\vc100.pdb" /Gd /TP /analyze- /errorReport:prompt stdafx.cpp
         stdafx.cpp
         E:\visual studio 2010\VC\bin\CL.exe /c /ZI /nologo /W3 /WX- /Od /Oy- /D WIN32 /D _DEBUG /D _CONSOLE /D _UNICODE /D UNICODE /Gm /EHsc /RTC1 /MDd /GS /fp:precise /Zc:wchar_t /Zc:forScope /Yu"StdAfx.h" /Fp"Debug\5-6 e数列.pch" /Fo"Debug\\" /Fd"Debug\vc100.pdb" /Gd /TP /analyze- /errorReport:prompt "5-6 e数列.cpp"
         5-6 e数列.cpp
     1>f:\c++\5-6 e数列\5-6 e数列\5-6 e数列.cpp(10): warning C4101: “n”: 未引用的局部变量
       ManifestResourceCompile:
         C:\Program Files (x86)\Microsoft SDKs\Windows\v7.0A\bin\rc.exe /nologo /fo"Debug\5-6 e数列.exe.embed.manifest.res" "Debug\5-6 e数列_manifest.rc" 
       Link:
         E:\visual studio 2010\VC\bin\link.exe /ERRORREPORT:PROMPT /OUT:"F:\C++\5-6 e数列\Debug\5-6 e数列.exe" /INCREMENTAL /NOLOGO kernel32.lib user32.lib gdi32.lib winspool.lib comdlg32.lib advapi32.lib shell32.lib ole32.lib oleaut32.lib uuid.lib odbc32.lib odbccp32.lib /MANIFEST /ManifestFile:"Debug\5-6 e数列.exe.intermediate.manifest" /MANIFESTUAC:"level='asInvoker' uiAccess='false'" /DEBUG /PDB:"F:\C++\5-6 e数列\Debug\5-6 e数列.pdb" /SUBSYSTEM:CONSOLE /TLBID:1 /DYNAMICBASE /NXCOMPAT /IMPLIB:"F:\C++\5-6 e数列\Debug\5-6 e数列.lib" /MACHINE:X86 "Debug\5-6 e数列.exe.embed.manifest.res"
         "Debug\5-6 e数列.obj"
         Debug\stdafx.obj
       Manifest:
         C:\Program Files (x86)\Microsoft SDKs\Windows\v7.0A\bin\mt.exe /nologo /verbose /out:"Debug\5-6 e数列.exe.embed.manifest" /manifest "Debug\5-6 e数列.exe.intermediate.manifest"
         C:\Program Files (x86)\Microsoft SDKs\Windows\v7.0A\bin\rc.exe /nologo /fo"Debug\5-6 e数列.exe.embed.manifest.res" "Debug\5-6 e数列_manifest.rc" 
       LinkEmbedManifest:
         E:\visual studio 2010\VC\bin\link.exe /ERRORREPORT:PROMPT /OUT:"F:\C++\5-6 e数列\Debug\5-6 e数列.exe" /INCREMENTAL /NOLOGO kernel32.lib user32.lib gdi32.lib winspool.lib comdlg32.lib advapi32.lib shell32.lib ole32.lib oleaut32.lib uuid.lib odbc32.lib odbccp32.lib /MANIFEST /ManifestFile:"Debug\5-6 e数列.exe.intermediate.manifest" /MANIFESTUAC:"level='asInvoker' uiAccess='false'" /DEBUG /PDB:"F:\C++\5-6 e数列\Debug\5-6 e数列.pdb" /SUBSYSTEM:CONSOLE /TLBID:1 /DYNAMICBASE /NXCOMPAT /IMPLIB:"F:\C++\5-6 e数列\Debug\5-6 e数列.lib" /MACHINE:X86 "Debug\5-6 e数列.exe.embed.manifest.res"
         "Debug\5-6 e数列.obj"
         Debug\stdafx.obj
         5-6 e数列.vcxproj -> F:\C++\5-6 e数列\Debug\5-6 e数列.exe
       FinalizeBuildStatus:
         正在删除文件“Debug\5-6 e数列.unsuccessfulbuild”。
         正在对“Debug\5-6 e数列.lastbuildstate”执行 Touch 任务。
     1>已完成生成项目“F:\C++\5-6 e数列\5-6 e数列\5-6 e数列.vcxproj”(build 个目标)的操作。

生成成功。

已用时间 00:00:01.50
