Generalplus u'nSP Assembler - Ver. 1.14.13.0
              Listing File Has Been Relocated
                            	// GCC for GeneralPlus u'nSP version 1.1.0.3
                            	// Command: C:\GENERA~1\UNSPID~1.4\toolchain\cc1.exe C:\Users\XIANGX~1.LIU\AppData\Local\Temp\ccaow68g.i -fkeep-inline-functions -quiet -dumpbase SystemTime.c -mglobal-var-iram -gstabs -Wall -o .\Debug/SystemTime.asm
                            		.external __sn_func_ptr_sec
                            	
                            	// gcc2_compiled.:
                            	
00000000                    	.debug
00000000 2E 00 73 00        		.dw '.stabs "C:/Users/xiangxiang.liu/Desktop/Ex10/",0x64,0,3,',0,0,offset Ltext0,seg Ltext0,0x0d,0x0a
         74 00 61 00
         62 00 73 00
         20 00 22 00
         43 00 3A 00
         2F 00 55 00
         73 00 65 00
         72 00 73 00
         2F 00 78 00
         69 00 61 00
         6E 00 67 00
         78 00 69 00
         61 00 6E 00
         67 00 2E 00
         6C 00 69 00
         75 00 2F 00
         44 00 65 00
         73 00 6B 00
         74 00 6F 00
         70 00 2F 00
         45 00 78 00
         31 00 30 00
         2F 00 22 00
         2C 00 30 00
         78 00 36 00
         34 00 2C 00
         30 00 2C 00
         33 00 2C 00
         00 00 00 00
         00 00 00 00
         0D 00 0A 00
00009BF2                    	.code
0000003E                    	.debug
0000003E 2E 00 73 00        		.dw '.stabs "C:/Users/xiangxiang.liu/Desktop/Ex10/wifi/SystemTime.c",0x64,0,3,',0,0,offset Ltext0,seg Ltext0,0x0d,0x0a
         74 00 61 00
         62 00 73 00
         20 00 22 00
         43 00 3A 00
         2F 00 55 00
         73 00 65 00
         72 00 73 00
         2F 00 78 00
         69 00 61 00
         6E 00 67 00
         78 00 69 00
         61 00 6E 00
         67 00 2E 00
         6C 00 69 00
         75 00 2F 00
         44 00 65 00
         73 00 6B 00
         74 00 6F 00
         70 00 2F 00
         45 00 78 00
         31 00 30 00
         2F 00 77 00
         69 00 66 00
         69 00 2F 00
         53 00 79 00
         73 00 74 00
         65 00 6D 00
         54 00 69 00
         6D 00 65 00
         2E 00 63 00
         22 00 2C 00
         30 00 78 00
         36 00 34 00
         2C 00 30 00
         2C 00 33 00
         2C 00 00 00
         00 00 00 00
         00 00 0D 00
         0A 00      
00009BF2                    	.code
00009BF2                    	.code
                            	Ltext0:
0000008D                    	.debug
0000008D 2E 00 73 00        		.dw '.stabs "int:t1=r1;-32768;32767;",128,0,0,0',0x0d,0x0a
         74 00 61 00
         62 00 73 00
         20 00 22 00
         69 00 6E 00
         74 00 3A 00
         74 00 31 00
         3D 00 72 00
         31 00 3B 00
         2D 00 33 00
         32 00 37 00
         36 00 38 00
         3B 00 33 00
         32 00 37 00
         36 00 37 00
         3B 00 22 00
         2C 00 31 00
         32 00 38 00
         2C 00 30 00
         2C 00 30 00
         2C 00 30 00
         0D 00 0A 00
00009BF2                    	.CODE
000000B9                    	.debug
000000B9 2E 00 73 00        		.dw '.stabs "char:t2=r2;0;127;",128,0,0,0',0x0d,0x0a
         74 00 61 00
         62 00 73 00
         20 00 22 00
         63 00 68 00
         61 00 72 00
         3A 00 74 00
         32 00 3D 00
         72 00 32 00
         3B 00 30 00
         3B 00 31 00
         32 00 37 00
         3B 00 22 00
         2C 00 31 00
         32 00 38 00
         2C 00 30 00
         2C 00 30 00
         2C 00 30 00
         0D 00 0A 00
00009BF2                    	.CODE
000000DF                    	.debug
000000DF 2E 00 73 00        		.dw '.stabs "long int:t3=r3;-2147483648;2147483647;",128,0,0,0',0x0d,0x0a
         74 00 61 00
         62 00 73 00
         20 00 22 00
         6C 00 6F 00
         6E 00 67 00
         20 00 69 00
         6E 00 74 00
         3A 00 74 00
         33 00 3D 00
         72 00 33 00
         3B 00 2D 00
         32 00 31 00
         34 00 37 00
         34 00 38 00
         33 00 36 00
         34 00 38 00
         3B 00 32 00
         31 00 34 00
         37 00 34 00
         38 00 33 00
         36 00 34 00
         37 00 3B 00
         22 00 2C 00
         31 00 32 00
         38 00 2C 00
         30 00 2C 00
         30 00 2C 00
         30 00 0D 00
         0A 00      
00009BF2                    	.CODE
0000011A                    	.debug
0000011A 2E 00 73 00        		.dw '.stabs "unsigned int:t4=r4;0;65535;",128,0,0,0',0x0d,0x0a
         74 00 61 00
         62 00 73 00
         20 00 22 00
         75 00 6E 00
         73 00 69 00
         67 00 6E 00
         65 00 64 00
         20 00 69 00
         6E 00 74 00
         3A 00 74 00
         34 00 3D 00
         72 00 34 00
         3B 00 30 00
         3B 00 36 00
         35 00 35 00
         33 00 35 00
         3B 00 22 00
         2C 00 31 00
         32 00 38 00
         2C 00 30 00
         2C 00 30 00
         2C 00 30 00
         0D 00 0A 00
00009BF2                    	.CODE
0000014A                    	.debug
0000014A 2E 00 73 00        		.dw '.stabs "long unsigned int:t5=r5;0;4294967295;",128,0,0,0',0x0d,0x0a
         74 00 61 00
         62 00 73 00
         20 00 22 00
         6C 00 6F 00
         6E 00 67 00
         20 00 75 00
         6E 00 73 00
         69 00 67 00
         6E 00 65 00
         64 00 20 00
         69 00 6E 00
         74 00 3A 00
         74 00 35 00
         3D 00 72 00
         35 00 3B 00
         30 00 3B 00
         34 00 32 00
         39 00 34 00
         39 00 36 00
         37 00 32 00
         39 00 35 00
         3B 00 22 00
         2C 00 31 00
         32 00 38 00
         2C 00 30 00
         2C 00 30 00
         2C 00 30 00
         0D 00 0A 00
00009BF2                    	.CODE
00000184                    	.debug
00000184 2E 00 73 00        		.dw '.stabs "long long int:t6=r6;-2147483648;2147483647;",128,0,0,0',0x0d,0x0a
         74 00 61 00
         62 00 73 00
         20 00 22 00
         6C 00 6F 00
         6E 00 67 00
         20 00 6C 00
         6F 00 6E 00
         67 00 20 00
         69 00 6E 00
         74 00 3A 00
         74 00 36 00
         3D 00 72 00
         36 00 3B 00
         2D 00 32 00
         31 00 34 00
         37 00 34 00
         38 00 33 00
         36 00 34 00
         38 00 3B 00
         32 00 31 00
         34 00 37 00
         34 00 38 00
         33 00 36 00
         34 00 37 00
         3B 00 22 00
         2C 00 31 00
         32 00 38 00
         2C 00 30 00
         2C 00 30 00
         2C 00 30 00
         0D 00 0A 00
00009BF2                    	.CODE
000001C4                    	.debug
000001C4 2E 00 73 00        		.dw '.stabs "long long unsigned int:t7=r7;0;4294967295;",128,0,0,0',0x0d,0x0a
         74 00 61 00
         62 00 73 00
         20 00 22 00
         6C 00 6F 00
         6E 00 67 00
         20 00 6C 00
         6F 00 6E 00
         67 00 20 00
         75 00 6E 00
         73 00 69 00
         67 00 6E 00
         65 00 64 00
         20 00 69 00
         6E 00 74 00
         3A 00 74 00
         37 00 3D 00
         72 00 37 00
         3B 00 30 00
         3B 00 34 00
         32 00 39 00
         34 00 39 00
         36 00 37 00
         32 00 39 00
         35 00 3B 00
         22 00 2C 00
         31 00 32 00
         38 00 2C 00
         30 00 2C 00
         30 00 2C 00
         30 00 0D 00
         0A 00      
00009BF2                    	.CODE
00000203                    	.debug
00000203 2E 00 73 00        		.dw '.stabs "short int:t8=r8;-32768;32767;",128,0,0,0',0x0d,0x0a
         74 00 61 00
         62 00 73 00
         20 00 22 00
         73 00 68 00
         6F 00 72 00
         74 00 20 00
         69 00 6E 00
         74 00 3A 00
         74 00 38 00
         3D 00 72 00
         38 00 3B 00
         2D 00 33 00
         32 00 37 00
         36 00 38 00
         3B 00 33 00
         32 00 37 00
         36 00 37 00
         3B 00 22 00
         2C 00 31 00
         32 00 38 00
         2C 00 30 00
         2C 00 30 00
         2C 00 30 00
         0D 00 0A 00
00009BF2                    	.CODE
00000235                    	.debug
00000235 2E 00 73 00        		.dw '.stabs "short unsigned int:t9=r9;0;65535;",128,0,0,0',0x0d,0x0a
         74 00 61 00
         62 00 73 00
         20 00 22 00
         73 00 68 00
         6F 00 72 00
         74 00 20 00
         75 00 6E 00
         73 00 69 00
         67 00 6E 00
         65 00 64 00
         20 00 69 00
         6E 00 74 00
         3A 00 74 00
         39 00 3D 00
         72 00 39 00
         3B 00 30 00
         3B 00 36 00
         35 00 35 00
         33 00 35 00
         3B 00 22 00
         2C 00 31 00
         32 00 38 00
         2C 00 30 00
         2C 00 30 00
         2C 00 30 00
         0D 00 0A 00
00009BF2                    	.CODE
0000026B                    	.debug
0000026B 2E 00 73 00        		.dw '.stabs "signed char:t10=r10;-32768;32767;",128,0,0,0',0x0d,0x0a
         74 00 61 00
         62 00 73 00
         20 00 22 00
         73 00 69 00
         67 00 6E 00
         65 00 64 00
         20 00 63 00
         68 00 61 00
         72 00 3A 00
         74 00 31 00
         30 00 3D 00
         72 00 31 00
         30 00 3B 00
         2D 00 33 00
         32 00 37 00
         36 00 38 00
         3B 00 33 00
         32 00 37 00
         36 00 37 00
         3B 00 22 00
         2C 00 31 00
         32 00 38 00
         2C 00 30 00
         2C 00 30 00
         2C 00 30 00
         0D 00 0A 00
00009BF2                    	.CODE
000002A1                    	.debug
000002A1 2E 00 73 00        		.dw '.stabs "unsigned char:t11=r11;0;65535;",128,0,0,0',0x0d,0x0a
         74 00 61 00
         62 00 73 00
         20 00 22 00
         75 00 6E 00
         73 00 69 00
         67 00 6E 00
         65 00 64 00
         20 00 63 00
         68 00 61 00
         72 00 3A 00
         74 00 31 00
         31 00 3D 00
         72 00 31 00
         31 00 3B 00
         30 00 3B 00
         36 00 35 00
         35 00 33 00
         35 00 3B 00
         22 00 2C 00
         31 00 32 00
         38 00 2C 00
         30 00 2C 00
         30 00 2C 00
         30 00 0D 00
         0A 00      
00009BF2                    	.CODE
000002D4                    	.debug
000002D4 2E 00 73 00        		.dw '.stabs "float:t12=r1;2;0;",128,0,0,0',0x0d,0x0a
         74 00 61 00
         62 00 73 00
         20 00 22 00
         66 00 6C 00
         6F 00 61 00
         74 00 3A 00
         74 00 31 00
         32 00 3D 00
         72 00 31 00
         3B 00 32 00
         3B 00 30 00
         3B 00 22 00
         2C 00 31 00
         32 00 38 00
         2C 00 30 00
         2C 00 30 00
         2C 00 30 00
         0D 00 0A 00
00009BF2                    	.CODE
000002FA                    	.debug
000002FA 2E 00 73 00        		.dw '.stabs "double:t13=r1;2;0;",128,0,0,0',0x0d,0x0a
         74 00 61 00
         62 00 73 00
         20 00 22 00
         64 00 6F 00
         75 00 62 00
         6C 00 65 00
         3A 00 74 00
         31 00 33 00
         3D 00 72 00
         31 00 3B 00
         32 00 3B 00
         30 00 3B 00
         22 00 2C 00
         31 00 32 00
         38 00 2C 00
         30 00 2C 00
         30 00 2C 00
         30 00 0D 00
         0A 00      
00009BF2                    	.CODE
00000321                    	.debug
00000321 2E 00 73 00        		.dw '.stabs "long double:t14=r1;2;0;",128,0,0,0',0x0d,0x0a
         74 00 61 00
         62 00 73 00
         20 00 22 00
         6C 00 6F 00
         6E 00 67 00
         20 00 64 00
         6F 00 75 00
         62 00 6C 00
         65 00 3A 00
         74 00 31 00
         34 00 3D 00
         72 00 31 00
         3B 00 32 00
         3B 00 30 00
         3B 00 22 00
         2C 00 31 00
         32 00 38 00
         2C 00 30 00
         2C 00 30 00
         2C 00 30 00
         0D 00 0A 00
00009BF2                    	.CODE
0000034D                    	.debug
0000034D 2E 00 73 00        		.dw '.stabs "complex int:t15=s2real:1,0,16;imag:1,16,16;;",128,0,0,0',0x0d,0x0a
         74 00 61 00
         62 00 73 00
         20 00 22 00
         63 00 6F 00
         6D 00 70 00
         6C 00 65 00
         78 00 20 00
         69 00 6E 00
         74 00 3A 00
         74 00 31 00
         35 00 3D 00
         73 00 32 00
         72 00 65 00
         61 00 6C 00
         3A 00 31 00
         2C 00 30 00
         2C 00 31 00
         36 00 3B 00
         69 00 6D 00
         61 00 67 00
         3A 00 31 00
         2C 00 31 00
         36 00 2C 00
         31 00 36 00
         3B 00 3B 00
         22 00 2C 00
         31 00 32 00
         38 00 2C 00
         30 00 2C 00
         30 00 2C 00
         30 00 0D 00
         0A 00      
00009BF2                    	.CODE
0000038E                    	.debug
0000038E 2E 00 73 00        		.dw '.stabs "complex float:t16=r16;2;0;",128,0,0,0',0x0d,0x0a
         74 00 61 00
         62 00 73 00
         20 00 22 00
         63 00 6F 00
         6D 00 70 00
         6C 00 65 00
         78 00 20 00
         66 00 6C 00
         6F 00 61 00
         74 00 3A 00
         74 00 31 00
         36 00 3D 00
         72 00 31 00
         36 00 3B 00
         32 00 3B 00
         30 00 3B 00
         22 00 2C 00
         31 00 32 00
         38 00 2C 00
         30 00 2C 00
         30 00 2C 00
         30 00 0D 00
         0A 00      
00009BF2                    	.CODE
000003BD                    	.debug
000003BD 2E 00 73 00        		.dw '.stabs "complex double:t17=r17;2;0;",128,0,0,0',0x0d,0x0a
         74 00 61 00
         62 00 73 00
         20 00 22 00
         63 00 6F 00
         6D 00 70 00
         6C 00 65 00
         78 00 20 00
         64 00 6F 00
         75 00 62 00
         6C 00 65 00
         3A 00 74 00
         31 00 37 00
         3D 00 72 00
         31 00 37 00
         3B 00 32 00
         3B 00 30 00
         3B 00 22 00
         2C 00 31 00
         32 00 38 00
         2C 00 30 00
         2C 00 30 00
         2C 00 30 00
         0D 00 0A 00
00009BF2                    	.CODE
000003ED                    	.debug
000003ED 2E 00 73 00        		.dw '.stabs "complex long double:t18=r18;2;0;",128,0,0,0',0x0d,0x0a
         74 00 61 00
         62 00 73 00
         20 00 22 00
         63 00 6F 00
         6D 00 70 00
         6C 00 65 00
         78 00 20 00
         6C 00 6F 00
         6E 00 67 00
         20 00 64 00
         6F 00 75 00
         62 00 6C 00
         65 00 3A 00
         74 00 31 00
         38 00 3D 00
         72 00 31 00
         38 00 3B 00
         32 00 3B 00
         30 00 3B 00
         22 00 2C 00
         31 00 32 00
         38 00 2C 00
         30 00 2C 00
         30 00 2C 00
         30 00 0D 00
         0A 00      
00009BF2                    	.CODE
00000422                    	.debug
00000422 2E 00 73 00        		.dw '.stabs "void:t19=19",128,0,0,0',0x0d,0x0a
         74 00 61 00
         62 00 73 00
         20 00 22 00
         76 00 6F 00
         69 00 64 00
         3A 00 74 00
         31 00 39 00
         3D 00 31 00
         39 00 22 00
         2C 00 31 00
         32 00 38 00
         2C 00 30 00
         2C 00 30 00
         2C 00 30 00
         0D 00 0A 00
00009BF2                    	.CODE
00000442                    	.debug
00000442 2E 00 73 00        		.dw '.stabs "WaitInfo:T20=s4next:21=*20,0,16;tick:5,16,32;\\",128,0,0,0',0x0d,0x0a
         74 00 61 00
         62 00 73 00
         20 00 22 00
         57 00 61 00
         69 00 74 00
         49 00 6E 00
         66 00 6F 00
         3A 00 54 00
         32 00 30 00
         3D 00 73 00
         34 00 6E 00
         65 00 78 00
         74 00 3A 00
         32 00 31 00
         3D 00 2A 00
         32 00 30 00
         2C 00 30 00
         2C 00 31 00
         36 00 3B 00
         74 00 69 00
         63 00 6B 00
         3A 00 35 00
         2C 00 31 00
         36 00 2C 00
         33 00 32 00
         3B 00 5C 00
         5C 00 22 00
         2C 00 31 00
         32 00 38 00
         2C 00 30 00
         2C 00 30 00
         2C 00 30 00
         0D 00 0A 00
00000486 2E 00 73 00        		.DW '.stabs "flag:1,48,16;;",128,0,0,0',0x0d,0x0a
         74 00 61 00
         62 00 73 00
         20 00 22 00
         66 00 6C 00
         61 00 67 00
         3A 00 31 00
         2C 00 34 00
         38 00 2C 00
         31 00 36 00
         3B 00 3B 00
         22 00 2C 00
         31 00 32 00
         38 00 2C 00
         30 00 2C 00
         30 00 2C 00
         30 00 0D 00
         0A 00      
00009BF2                    	.CODE
000004A9                    	.debug
000004A9 2E 00 73 00        		.dw '.stabs "WaitInfo:t22=20",128,0,0,0',0x0d,0x0a
         74 00 61 00
         62 00 73 00
         20 00 22 00
         57 00 61 00
         69 00 74 00
         49 00 6E 00
         66 00 6F 00
         3A 00 74 00
         32 00 32 00
         3D 00 32 00
         30 00 22 00
         2C 00 31 00
         32 00 38 00
         2C 00 30 00
         2C 00 30 00
         2C 00 30 00
         0D 00 0A 00
00009BF2                    	.CODE
000004CD                    	.debug
000004CD 2E 00 73 00        		.dw '.stabs "size_t:t23=4",128,0,0,0',0x0d,0x0a
         74 00 61 00
         62 00 73 00
         20 00 22 00
         73 00 69 00
         7A 00 65 00
         5F 00 74 00
         3A 00 74 00
         32 00 33 00
         3D 00 34 00
         22 00 2C 00
         31 00 32 00
         38 00 2C 00
         30 00 2C 00
         30 00 2C 00
         30 00 0D 00
         0A 00      
00009BF2                    	.CODE
000004EE                    	.debug
000004EE 2E 00 73 00        		.dw '.stabs "ssize_t:t24=1",128,0,0,0',0x0d,0x0a
         74 00 61 00
         62 00 73 00
         20 00 22 00
         73 00 73 00
         69 00 7A 00
         65 00 5F 00
         74 00 3A 00
         74 00 32 00
         34 00 3D 00
         31 00 22 00
         2C 00 31 00
         32 00 38 00
         2C 00 30 00
         2C 00 30 00
         2C 00 30 00
         0D 00 0A 00
00009BF2                    	.CODE
00000333                    	.iram
                            	__sysTick:
00000333 00 00              		.dw 0
00000334 00 00              		.dw 0
00000510                    	.debug
00000510 2E 00 73 00        		.dw '.stabs "_sysTick:S5",38,0,0,',0,0,offset __sysTick,seg __sysTick,0x0d,0x0a
         74 00 61 00
         62 00 73 00
         20 00 22 00
         5F 00 73 00
         79 00 73 00
         54 00 69 00
         63 00 6B 00
         3A 00 53 00
         35 00 22 00
         2C 00 33 00
         38 00 2C 00
         30 00 2C 00
         30 00 2C 00
         00 00 00 00
         00 00 00 00
         0D 00 0A 00
00009BF2                    	.CODE
00000335                    	.iram
                            	_waitQueue:
00000335 00 00              		.dw 0
00000532                    	.debug
00000532 2E 00 73 00        		.dw '.stabs "waitQueue:S25=*22",38,0,0,',0,0,offset _waitQueue,seg _waitQueue,0x0d,0x0a
         74 00 61 00
         62 00 73 00
         20 00 22 00
         77 00 61 00
         69 00 74 00
         51 00 75 00
         65 00 75 00
         65 00 3A 00
         53 00 32 00
         35 00 3D 00
         2A 00 32 00
         32 00 22 00
         2C 00 33 00
         38 00 2C 00
         30 00 2C 00
         30 00 2C 00
         00 00 00 00
         02 00 00 00
         0D 00 0A 00
00009BF2                    	.CODE
00009BF2                    	.code
0000055A                    	.debug
0000055A 2E 00 73 00        		.dw '.stabs "SystemTimeInit:F19",36,0,0,',0,0,offset _SystemTimeInit,seg _SystemTimeInit,0x0d,0x0a
         74 00 61 00
         62 00 73 00
         20 00 22 00
         53 00 79 00
         73 00 74 00
         65 00 6D 00
         54 00 69 00
         6D 00 65 00
         49 00 6E 00
         69 00 74 00
         3A 00 46 00
         31 00 39 00
         22 00 2C 00
         33 00 36 00
         2C 00 30 00
         2C 00 30 00
         2C 00 00 00
         00 00 00 00
         00 00 0D 00
         0A 00      
00009BF2                    	.CODE
                            	.public _SystemTimeInit
                            	_SystemTimeInit:	.proc
00000583                    	.debug
00000583 2E 00 73 00        		.dw '.stabn 0x44,0,13,',0,0
         74 00 61 00
         62 00 6E 00
         20 00 30 00
         78 00 34 00
         34 00 2C 00
         30 00 2C 00
         31 00 33 00
         2C 00 00 00
         00 00      
00000596 00 00 00 00        		.dd LM1-_SystemTimeInit
00000598 0D 00 0A 00        		.dw 0x0d,0x0a
00009BF2                    	.code
                            	LM1:
                            		// total=0, vars=0
                            		// frame_pointer_needed: 1
0000059A                    	.debug
0000059A 2E 00 73 00        		.dw '.stabn 0xa6,0,0,0',0x0d, 0x0a
         74 00 61 00
         62 00 6E 00
         20 00 30 00
         78 00 61 00
         36 00 2C 00
         30 00 2C 00
         30 00 2C 00
         30 00 0D 00
         0A 00      
00009BF2                    	.code
00009BF2 88 DA              		PUSH BP to [SP]
00009BF3 08 0B 01 00        		BP=SP+1
                            	
00009BF5 0D 03 03 00        		R1=BP+3
000005AD                    	.debug
000005AD 2E 00 73 00        		.dw '.stabn 0x44,0,14,',0,0
         74 00 61 00
         62 00 6E 00
         20 00 30 00
         78 00 34 00
         34 00 2C 00
         30 00 2C 00
         31 00 34 00
         2C 00 00 00
         00 00      
000005C0 05 00 00 00        		.dd LM2-_SystemTimeInit
000005C2 0D 00 0A 00        		.dw 0x0d,0x0a
00009BF7                    	.code
                            	LM2:
                            		//split R3=0
00009BF7 40 96              		R3=0	// QImode move
00009BF8 40 98              		R4=0	// QImode move
                            		//split [__sysTick]=R3
00009BF9 1B D7 33 03        		[__sysTick]=R3	// QImode move
00009BFB 1C D9 34 03        		[__sysTick+1]=R4	// QImode move
000005C4                    	.debug
000005C4 2E 00 73 00        		.dw '.stabn 0x44,0,15,',0,0
         74 00 61 00
         62 00 6E 00
         20 00 30 00
         78 00 34 00
         34 00 2C 00
         30 00 2C 00
         31 00 35 00
         2C 00 00 00
         00 00      
000005D7 0B 00 00 00        		.dd LM3-_SystemTimeInit
000005D9 0D 00 0A 00        		.dw 0x0d,0x0a
00009BFD                    	.code
                            	LM3:
000005DB                    	.debug
000005DB 2E 00 73 00        		.dw '.stabn 0x44,0,15,',0,0
         74 00 61 00
         62 00 6E 00
         20 00 30 00
         78 00 34 00
         34 00 2C 00
         30 00 2C 00
         31 00 35 00
         2C 00 00 00
         00 00      
000005EE 0B 00 00 00        		.dd LM4-_SystemTimeInit
000005F0 0D 00 0A 00        		.dw 0x0d,0x0a
00009BFD                    	.code
                            	LM4:
                            	L2:
                            	
00009BFD 88 98              		POP BP from [SP]
00009BFE 90 9A              		RETF
                            		.endp	// end of SystemTimeInit
                            	
000005F2                    	.debug
000005F2 2E 00 73 00        		.dw '.stabf ',0,0
         74 00 61 00
         62 00 66 00
         20 00 00 00
         00 00      
000005FB 0D 00 00 00        		.dd LME1-_SystemTimeInit
000005FD 0D 00 0A 00        		.dw 0x0d,0x0a
00009BFF                    	.code
                            	LME1:
00009BFF                    	.code
000005FF                    	.debug
000005FF 2E 00 73 00        		.dw '.stabs "SystemTickISR:F19",36,0,0,',0,0,offset _SystemTickISR,seg _SystemTickISR,0x0d,0x0a
         74 00 61 00
         62 00 73 00
         20 00 22 00
         53 00 79 00
         73 00 74 00
         65 00 6D 00
         54 00 69 00
         63 00 6B 00
         49 00 53 00
         52 00 3A 00
         46 00 31 00
         39 00 22 00
         2C 00 33 00
         36 00 2C 00
         30 00 2C 00
         30 00 2C 00
         00 00 00 00
         0D 00 00 00
         0D 00 0A 00
00009BFF                    	.CODE
                            	.public _SystemTickISR
                            	_SystemTickISR:	.proc
00000627                    	.debug
00000627 2E 00 73 00        		.dw '.stabn 0x44,0,19,',0,0
         74 00 61 00
         62 00 6E 00
         20 00 30 00
         78 00 34 00
         34 00 2C 00
         30 00 2C 00
         31 00 39 00
         2C 00 00 00
         00 00      
0000063A 00 00 00 00        		.dd LM5-_SystemTickISR
0000063C 0D 00 0A 00        		.dw 0x0d,0x0a
00009BFF                    	.code
                            	LM5:
                            		// total=9, vars=9
                            		// frame_pointer_needed: 1
0000063E                    	.debug
0000063E 2E 00 73 00        		.dw '.stabn 0xa6,0,0,9',0x0d, 0x0a
         74 00 61 00
         62 00 6E 00
         20 00 30 00
         78 00 61 00
         36 00 2C 00
         30 00 2C 00
         30 00 2C 00
         39 00 0D 00
         0A 00      
00009BFF                    	.code
00009BFF 88 DA              		PUSH BP to [SP]
00009C00 49 20              		SP-=9
00009C01 08 0B 01 00        		BP=SP+1
                            	
00009C03 0D 03 0C 00        		R1=BP+12
00000651                    	.debug
00000651 2E 00 73 00        		.dw '.stabn 0x44,0,20,',0,0
         74 00 61 00
         62 00 6E 00
         20 00 30 00
         78 00 34 00
         34 00 2C 00
         30 00 2C 00
         32 00 30 00
         2C 00 00 00
         00 00      
00000664 06 00 00 00        		.dd LM6-_SystemTickISR
00000666 0D 00 0A 00        		.dw 0x0d,0x0a
00009C05                    	.code
                            	LM6:
                            	LBB2:
00009C05 13 97 10 70        		R3=[28688]	// QImode move
00009C07 0B B5 10 00        		R2=R3&16
00009C09 40 44              		CMP R2,0	// QImode test
00009C0A 02 4E 0F 9F        		NSJZ L4	//QImode EQ
         B6 9C      
00000668                    	.debug
00000668 2E 00 73 00        		.dw '.stabn 0x44,0,22,',0,0
         74 00 61 00
         62 00 6E 00
         20 00 30 00
         78 00 34 00
         34 00 2C 00
         30 00 2C 00
         32 00 32 00
         2C 00 00 00
         00 00      
0000067B 0E 00 00 00        		.dd LM7-_SystemTickISR
0000067D 0D 00 0A 00        		.dw 0x0d,0x0a
00009C0D                    	.code
                            	LM7:
                            		//split R3=[__sysTick]
00009C0D 13 97 33 03        		R3=[__sysTick]	// QImode move
00009C0F 14 99 34 03        		R4=[__sysTick+1]	// QImode move
                            		//split [BP+6]=R3
00009C11 06 D6              		[BP+6]=R3	// QImode move
00009C12 07 D8              		[BP+7]=R4	// QImode move
                            		//split R3=[BP+6]
00009C13 06 96              		R3=[BP+6]	// QImode move
00009C14 07 98              		R4=[BP+7]	// QImode move
00009C15 41 06              		R3=R3+1	// HImode RD=RS+#IMM16
00009C16 40 18              		R4=R4+0, Carry
                            		//split [BP+2]=R3
00009C17 02 D6              		[BP+2]=R3	// QImode move
00009C18 03 D8              		[BP+3]=R4	// QImode move
                            		//split R3=[BP+2]
00009C19 02 96              		R3=[BP+2]	// QImode move
00009C1A 03 98              		R4=[BP+3]	// QImode move
                            		//split [__sysTick]=R3
00009C1B 1B D7 33 03        		[__sysTick]=R3	// QImode move
00009C1D 1C D9 34 03        		[__sysTick+1]=R4	// QImode move
0000067F                    	.debug
0000067F 2E 00 73 00        		.dw '.stabn 0x44,0,24,',0,0
         74 00 61 00
         62 00 6E 00
         20 00 30 00
         78 00 34 00
         34 00 2C 00
         30 00 2C 00
         32 00 34 00
         2C 00 00 00
         00 00      
00000692 20 00 00 00        		.dd LM8-_SystemTickISR
00000694 0D 00 0A 00        		.dw 0x0d,0x0a
00009C1F                    	.code
                            	LM8:
00009C1F 12 95 35 03        		R2=[_waitQueue]	// QImode move
00009C21 40 44              		CMP R2,0	// QImode test
00009C22 02 4E 0F 9F        		NSJZ L4	//QImode EQ
         B6 9C      
00000696                    	.debug
00000696 2E 00 73 00        		.dw '.stabn 0x44,0,26,',0,0
         74 00 61 00
         62 00 6E 00
         20 00 30 00
         78 00 34 00
         34 00 2C 00
         30 00 2C 00
         32 00 36 00
         2C 00 00 00
         00 00      
000006A9 26 00 00 00        		.dd LM9-_SystemTickISR
000006AB 0D 00 0A 00        		.dw 0x0d,0x0a
00009C25                    	.code
                            	LM9:
                            	LBB3:
00009C25 40 94              		R2=0	// QImode move
00009C26 C5 D4              		[BP]=R2	// QImode move
000006AD                    	.debug
000006AD 2E 00 73 00        		.dw '.stabn 0x44,0,27,',0,0
         74 00 61 00
         62 00 6E 00
         20 00 30 00
         78 00 34 00
         34 00 2C 00
         30 00 2C 00
         32 00 37 00
         2C 00 00 00
         00 00      
000006C0 28 00 00 00        		.dd LM10-_SystemTickISR
000006C2 0D 00 0A 00        		.dw 0x0d,0x0a
00009C27                    	.code
                            	LM10:
00009C27 05 95              		R2=BP	// QImode move
00009C28 0D 07 01 00        		R3=BP+1
00009C2A 12 95 35 03        		R2=[_waitQueue]	// QImode move
00009C2C 03 99              		R4=R3	// QImode move
00009C2D C4 D4              		[R4]=R2	// QImode move
000006C4                    	.debug
000006C4 2E 00 73 00        		.dw '.stabn 0x44,0,28,',0,0
         74 00 61 00
         62 00 6E 00
         20 00 30 00
         78 00 34 00
         34 00 2C 00
         30 00 2C 00
         32 00 38 00
         2C 00 00 00
         00 00      
000006D7 2F 00 00 00        		.dd LM11-_SystemTickISR
000006D9 0D 00 0A 00        		.dw 0x0d,0x0a
00009C2E                    	.code
                            	LM11:
                            	L6:
00009C2E 05 95              		R2=BP	// QImode move
00009C2F 0D 07 01 00        		R3=BP+1
00009C31 03 99              		R4=R3	// QImode move
00009C32 C4 94              		R2=[R4]	// QImode move
00009C33 40 44              		CMP R2,0	// QImode test
00009C34 04 4E 01 EE        		NSJNZ L8	//QImode NE
         00 EE      
00009C37 0F 9F B6 9C        		PC=L4	// jump
                            	L8:
000006DB                    	.debug
000006DB 2E 00 73 00        		.dw '.stabn 0x44,0,30,',0,0
         74 00 61 00
         62 00 6E 00
         20 00 30 00
         78 00 34 00
         34 00 2C 00
         30 00 2C 00
         33 00 30 00
         2C 00 00 00
         00 00      
000006EE 3A 00 00 00        		.dd LM12-_SystemTickISR
000006F0 0D 00 0A 00        		.dw 0x0d,0x0a
00009C39                    	.code
                            	LM12:
00009C39 05 95              		R2=BP	// QImode move
00009C3A 0D 07 01 00        		R3=BP+1
00009C3C 03 95              		R2=R3	// QImode move
00009C3D C2 98              		R4=[R2]	// QImode move
00009C3E 04 95              		R2=R4	// QImode move
00009C3F 0C 07 01 00        		R3=R4+1
00009C41 06 D6              		[BP+6]=R3	// QImode move
00009C42 06 98              		R4=[BP+6]	// QImode move
                            		//split R3=[R4]
00009C43 D4 96              		R3=[R4++]	// QImode move
00009C44 CC 98              		R4=[R4--]	// QImode move
                            		//split [BP+4]=R3
00009C45 04 D6              		[BP+4]=R3	// QImode move
00009C46 05 D8              		[BP+5]=R4	// QImode move
                            		//split R3=[__sysTick]
00009C47 13 97 33 03        		R3=[__sysTick]	// QImode move
00009C49 14 99 34 03        		R4=[__sysTick+1]	// QImode move
                            		//split [BP+6]=R3
00009C4B 06 D6              		[BP+6]=R3	// QImode move
00009C4C 07 D8              		[BP+7]=R4	// QImode move
                            		//split R3=[BP+4]
00009C4D 04 96              		R3=[BP+4]	// QImode move
00009C4E 05 98              		R4=[BP+5]	// QImode move
00009C4F 07 48              		CMP R4,[BP+7]	// CMP RD,[RS] HImode
00009C50 02 5E 0F 9F        		NSJNZ L9	// HImode NE
         9F 9C      
00009C53 06 46              		CMP R3,[BP+6]
00009C54 02 5E 0F 9F        		NSJNZ  L9
         9F 9C      
000006F2                    	.debug
000006F2 2E 00 73 00        		.dw '.stabn 0x44,0,32,',0,0
         74 00 61 00
         62 00 6E 00
         20 00 30 00
         78 00 34 00
         34 00 2C 00
         30 00 2C 00
         33 00 32 00
         2C 00 00 00
         00 00      
00000705 58 00 00 00        		.dd LM13-_SystemTickISR
00000707 0D 00 0A 00        		.dw 0x0d,0x0a
00009C57                    	.code
                            	LM13:
00009C57 05 95              		R2=BP	// QImode move
00009C58 0D 07 01 00        		R3=BP+1
00009C5A 03 95              		R2=R3	// QImode move
00009C5B C2 98              		R4=[R2]	// QImode move
00009C5C 04 95              		R2=R4	// QImode move
00009C5D 0C 07 03 00        		R3=R4+3
00009C5F 41 94              		R2=1	// QImode move
00009C60 03 99              		R4=R3	// QImode move
00009C61 C4 D4              		[R4]=R2	// QImode move
00000709                    	.debug
00000709 2E 00 73 00        		.dw '.stabn 0x44,0,34,',0,0
         74 00 61 00
         62 00 6E 00
         20 00 30 00
         78 00 34 00
         34 00 2C 00
         30 00 2C 00
         33 00 34 00
         2C 00 00 00
         00 00      
0000071C 63 00 00 00        		.dd LM14-_SystemTickISR
0000071E 0D 00 0A 00        		.dw 0x0d,0x0a
00009C62                    	.code
                            	LM14:
00009C62 C5 94              		R2=[BP]	// QImode move
00009C63 40 44              		CMP R2,0	// QImode test
00009C64 1C 4E 01 EE        		NSJNZ L10	//QImode NE
         00 EE      
00000720                    	.debug
00000720 2E 00 73 00        		.dw '.stabn 0x44,0,36,',0,0
         74 00 61 00
         62 00 6E 00
         20 00 30 00
         78 00 34 00
         34 00 2C 00
         30 00 2C 00
         33 00 36 00
         2C 00 00 00
         00 00      
00000733 68 00 00 00        		.dd LM15-_SystemTickISR
00000735 0D 00 0A 00        		.dw 0x0d,0x0a
00009C67                    	.code
                            	LM15:
00009C67 05 95              		R2=BP	// QImode move
00009C68 0D 07 01 00        		R3=BP+1
00009C6A 03 99              		R4=R3	// QImode move
00009C6B C4 94              		R2=[R4]	// QImode move
00009C6C 02 99              		R4=R2	// QImode move
00009C6D C4 96              		R3=[R4]	// QImode move
00009C6E 1B D7 35 03        		[_waitQueue]=R3	// QImode move
00000737                    	.debug
00000737 2E 00 73 00        		.dw '.stabn 0x44,0,37,',0,0
         74 00 61 00
         62 00 6E 00
         20 00 30 00
         78 00 34 00
         34 00 2C 00
         30 00 2C 00
         33 00 37 00
         2C 00 00 00
         00 00      
0000074A 71 00 00 00        		.dd LM16-_SystemTickISR
0000074C 0D 00 0A 00        		.dw 0x0d,0x0a
00009C70                    	.code
                            	LM16:
00009C70 05 97              		R3=BP	// QImode move
00009C71 0D 05 01 00        		R2=BP+1
00009C73 05 97              		R3=BP	// QImode move
00009C74 0D 07 01 00        		R3=BP+1
00009C76 08 D6              		[BP+8]=R3	// QImode move
00009C77 08 98              		R4=[BP+8]	// QImode move
00009C78 C4 96              		R3=[R4]	// QImode move
00009C79 03 99              		R4=R3	// QImode move
00009C7A C4 98              		R4=[R4]	// QImode move
00009C7B 08 D8              		[BP+8]=R4	// QImode move
00009C7C 08 96              		R3=[BP+8]	// QImode move
00009C7D 02 99              		R4=R2	// QImode move
00009C7E C4 D6              		[R4]=R3	// QImode move
0000074E                    	.debug
0000074E 2E 00 73 00        		.dw '.stabn 0x44,0,38,',0,0
         74 00 61 00
         62 00 6E 00
         20 00 30 00
         78 00 34 00
         34 00 2C 00
         30 00 2C 00
         33 00 38 00
         2C 00 00 00
         00 00      
00000761 80 00 00 00        		.dd LM17-_SystemTickISR
00000763 0D 00 0A 00        		.dw 0x0d,0x0a
00009C7F                    	.code
                            	LM17:
00009C7F 0F 9F 9D 9C        		PC=L11	// jump
                            	L10:
00000765                    	.debug
00000765 2E 00 73 00        		.dw '.stabn 0x44,0,41,',0,0
         74 00 61 00
         62 00 6E 00
         20 00 30 00
         78 00 34 00
         34 00 2C 00
         30 00 2C 00
         34 00 31 00
         2C 00 00 00
         00 00      
00000778 82 00 00 00        		.dd LM18-_SystemTickISR
0000077A 0D 00 0A 00        		.dw 0x0d,0x0a
00009C81                    	.code
                            	LM18:
00009C81 C5 94              		R2=[BP]	// QImode move
00009C82 05 97              		R3=BP	// QImode move
00009C83 0D 07 01 00        		R3=BP+1
00009C85 08 D6              		[BP+8]=R3	// QImode move
00009C86 08 98              		R4=[BP+8]	// QImode move
00009C87 C4 96              		R3=[R4]	// QImode move
00009C88 03 99              		R4=R3	// QImode move
00009C89 C4 98              		R4=[R4]	// QImode move
00009C8A 08 D8              		[BP+8]=R4	// QImode move
00009C8B 08 96              		R3=[BP+8]	// QImode move
00009C8C 02 99              		R4=R2	// QImode move
00009C8D C4 D6              		[R4]=R3	// QImode move
0000077C                    	.debug
0000077C 2E 00 73 00        		.dw '.stabn 0x44,0,42,',0,0
         74 00 61 00
         62 00 6E 00
         20 00 30 00
         78 00 34 00
         34 00 2C 00
         30 00 2C 00
         34 00 32 00
         2C 00 00 00
         00 00      
0000078F 8F 00 00 00        		.dd LM19-_SystemTickISR
00000791 0D 00 0A 00        		.dw 0x0d,0x0a
00009C8E                    	.code
                            	LM19:
00009C8E 05 97              		R3=BP	// QImode move
00009C8F 0D 05 01 00        		R2=BP+1
00009C91 05 97              		R3=BP	// QImode move
00009C92 0D 07 01 00        		R3=BP+1
00009C94 08 D6              		[BP+8]=R3	// QImode move
00009C95 08 98              		R4=[BP+8]	// QImode move
00009C96 C4 96              		R3=[R4]	// QImode move
00009C97 03 99              		R4=R3	// QImode move
00009C98 C4 98              		R4=[R4]	// QImode move
00009C99 08 D8              		[BP+8]=R4	// QImode move
00009C9A 08 96              		R3=[BP+8]	// QImode move
00009C9B 02 99              		R4=R2	// QImode move
00009C9C C4 D6              		[R4]=R3	// QImode move
                            	L11:
00000793                    	.debug
00000793 2E 00 73 00        		.dw '.stabn 0x44,0,44,',0,0
         74 00 61 00
         62 00 6E 00
         20 00 30 00
         78 00 34 00
         34 00 2C 00
         30 00 2C 00
         34 00 34 00
         2C 00 00 00
         00 00      
000007A6 9E 00 00 00        		.dd LM20-_SystemTickISR
000007A8 0D 00 0A 00        		.dw 0x0d,0x0a
00009C9D                    	.code
                            	LM20:
00009C9D 0F 9F B4 9C        		PC=L12	// jump
                            	L9:
000007AA                    	.debug
000007AA 2E 00 73 00        		.dw '.stabn 0x44,0,47,',0,0
         74 00 61 00
         62 00 6E 00
         20 00 30 00
         78 00 34 00
         34 00 2C 00
         30 00 2C 00
         34 00 37 00
         2C 00 00 00
         00 00      
000007BD A0 00 00 00        		.dd LM21-_SystemTickISR
000007BF 0D 00 0A 00        		.dw 0x0d,0x0a
00009C9F                    	.code
                            	LM21:
00009C9F 05 95              		R2=BP	// QImode move
00009CA0 0D 07 01 00        		R3=BP+1
00009CA2 03 99              		R4=R3	// QImode move
00009CA3 C4 94              		R2=[R4]	// QImode move
00009CA4 C5 D4              		[BP]=R2	// QImode move
000007C1                    	.debug
000007C1 2E 00 73 00        		.dw '.stabn 0x44,0,48,',0,0
         74 00 61 00
         62 00 6E 00
         20 00 30 00
         78 00 34 00
         34 00 2C 00
         30 00 2C 00
         34 00 38 00
         2C 00 00 00
         00 00      
000007D4 A6 00 00 00        		.dd LM22-_SystemTickISR
000007D6 0D 00 0A 00        		.dw 0x0d,0x0a
00009CA5                    	.code
                            	LM22:
00009CA5 05 97              		R3=BP	// QImode move
00009CA6 0D 05 01 00        		R2=BP+1
00009CA8 05 97              		R3=BP	// QImode move
00009CA9 0D 07 01 00        		R3=BP+1
00009CAB 08 D6              		[BP+8]=R3	// QImode move
00009CAC 08 98              		R4=[BP+8]	// QImode move
00009CAD C4 96              		R3=[R4]	// QImode move
00009CAE 03 99              		R4=R3	// QImode move
00009CAF C4 98              		R4=[R4]	// QImode move
00009CB0 08 D8              		[BP+8]=R4	// QImode move
00009CB1 08 96              		R3=[BP+8]	// QImode move
00009CB2 02 99              		R4=R2	// QImode move
00009CB3 C4 D6              		[R4]=R3	// QImode move
                            	L12:
000007D8                    	.debug
000007D8 2E 00 73 00        		.dw '.stabn 0x44,0,50,',0,0
         74 00 61 00
         62 00 6E 00
         20 00 30 00
         78 00 34 00
         34 00 2C 00
         30 00 2C 00
         35 00 30 00
         2C 00 00 00
         00 00      
000007EB B5 00 00 00        		.dd LM23-_SystemTickISR
000007ED 0D 00 0A 00        		.dw 0x0d,0x0a
00009CB4                    	.code
                            	LM23:
00009CB4 0F 9F 2E 9C        		PC=L6	// jump
                            	L7:
000007EF                    	.debug
000007EF 2E 00 73 00        		.dw '.stabn 0x44,0,51,',0,0
         74 00 61 00
         62 00 6E 00
         20 00 30 00
         78 00 34 00
         34 00 2C 00
         30 00 2C 00
         35 00 31 00
         2C 00 00 00
         00 00      
00000802 B7 00 00 00        		.dd LM24-_SystemTickISR
00000804 0D 00 0A 00        		.dw 0x0d,0x0a
00009CB6                    	.code
                            	LM24:
                            	LBE3:
                            	L5:
                            	L4:
00000806                    	.debug
00000806 2E 00 73 00        		.dw '.stabn 0x44,0,54,',0,0
         74 00 61 00
         62 00 6E 00
         20 00 30 00
         78 00 34 00
         34 00 2C 00
         30 00 2C 00
         35 00 34 00
         2C 00 00 00
         00 00      
00000819 B7 00 00 00        		.dd LM25-_SystemTickISR
0000081B 0D 00 0A 00        		.dw 0x0d,0x0a
00009CB6                    	.code
                            	LM25:
                            	LBE2:
0000081D                    	.debug
0000081D 2E 00 73 00        		.dw '.stabn 0x44,0,54,',0,0
         74 00 61 00
         62 00 6E 00
         20 00 30 00
         78 00 34 00
         34 00 2C 00
         30 00 2C 00
         35 00 34 00
         2C 00 00 00
         00 00      
00000830 B7 00 00 00        		.dd LM26-_SystemTickISR
00000832 0D 00 0A 00        		.dw 0x0d,0x0a
00009CB6                    	.code
                            	LM26:
                            	L3:
                            	
00009CB6 49 00              		SP+=9
00009CB7 88 98              		POP BP from [SP]
00009CB8 90 9A              		RETF
                            		.endp	// end of SystemTickISR
                            	
00000834                    	.debug
00000834 2E 00 73 00        		.dw '.stabn 0xc0,0,0,',0,0
         74 00 61 00
         62 00 6E 00
         20 00 30 00
         78 00 63 00
         30 00 2C 00
         30 00 2C 00
         30 00 2C 00
         00 00 00 00
00000846 06 00 00 00        		.dd LBB2-_SystemTickISR
00000848 0D 00 0A 00        		.dw 0x0d,0x0a
00009CB9                    	.code
0000084A                    	.debug
0000084A 2E 00 73 00        		.dw '.stabn 0xc0,0,0,',0,0
         74 00 61 00
         62 00 6E 00
         20 00 30 00
         78 00 63 00
         30 00 2C 00
         30 00 2C 00
         30 00 2C 00
         00 00 00 00
0000085C 26 00 00 00        		.dd LBB3-_SystemTickISR
0000085E 0D 00 0A 00        		.dw 0x0d,0x0a
00009CB9                    	.code
00000860                    	.debug
00000860 2E 00 73 00        		.dw '.stabs "prev:25",128,0,0,0',0x0d,0x0a
         74 00 61 00
         62 00 73 00
         20 00 22 00
         70 00 72 00
         65 00 76 00
         3A 00 32 00
         35 00 22 00
         2C 00 31 00
         32 00 38 00
         2C 00 30 00
         2C 00 30 00
         2C 00 30 00
         0D 00 0A 00
00009CB9                    	.CODE
0000087C                    	.debug
0000087C 2E 00 73 00        		.dw '.stabs "cur:25",128,0,0,1',0x0d,0x0a
         74 00 61 00
         62 00 73 00
         20 00 22 00
         63 00 75 00
         72 00 3A 00
         32 00 35 00
         22 00 2C 00
         31 00 32 00
         38 00 2C 00
         30 00 2C 00
         30 00 2C 00
         31 00 0D 00
         0A 00      
00009CB9                    	.CODE
00000897                    	.debug
00000897 2E 00 73 00        		.dw '.stabn 0xe0,0,0,',0,0
         74 00 61 00
         62 00 6E 00
         20 00 30 00
         78 00 65 00
         30 00 2C 00
         30 00 2C 00
         30 00 2C 00
         00 00 00 00
000008A9 B7 00 00 00        		.dd LBE3-_SystemTickISR
000008AB 0D 00 0A 00        		.dw 0x0d,0x0a
00009CB9                    	.code
000008AD                    	.debug
000008AD 2E 00 73 00        		.dw '.stabn 0xe0,0,0,',0,0
         74 00 61 00
         62 00 6E 00
         20 00 30 00
         78 00 65 00
         30 00 2C 00
         30 00 2C 00
         30 00 2C 00
         00 00 00 00
000008BF B7 00 00 00        		.dd LBE2-_SystemTickISR
000008C1 0D 00 0A 00        		.dw 0x0d,0x0a
00009CB9                    	.code
000008C3                    	.debug
000008C3 2E 00 73 00        		.dw '.stabf ',0,0
         74 00 61 00
         62 00 66 00
         20 00 00 00
         00 00      
000008CC BA 00 00 00        		.dd LME2-_SystemTickISR
000008CE 0D 00 0A 00        		.dw 0x0d,0x0a
00009CB9                    	.code
                            	LME2:
00009CB9                    	.code
000008D0                    	.debug
000008D0 2E 00 73 00        		.dw '.stabs "SystemTick:F5",36,0,0,',0,0,offset _SystemTick,seg _SystemTick,0x0d,0x0a
         74 00 61 00
         62 00 73 00
         20 00 22 00
         53 00 79 00
         73 00 74 00
         65 00 6D 00
         54 00 69 00
         63 00 6B 00
         3A 00 46 00
         35 00 22 00
         2C 00 33 00
         36 00 2C 00
         30 00 2C 00
         30 00 2C 00
         00 00 00 00
         C7 00 00 00
         0D 00 0A 00
00009CB9                    	.CODE
                            	.public _SystemTick
                            	_SystemTick:	.proc
000008F4                    	.debug
000008F4 2E 00 73 00        		.dw '.stabn 0x44,0,57,',0,0
         74 00 61 00
         62 00 6E 00
         20 00 30 00
         78 00 34 00
         34 00 2C 00
         30 00 2C 00
         35 00 37 00
         2C 00 00 00
         00 00      
00000907 00 00 00 00        		.dd LM27-_SystemTick
00000909 0D 00 0A 00        		.dw 0x0d,0x0a
00009CB9                    	.code
                            	LM27:
                            		// total=2, vars=2
                            		// frame_pointer_needed: 1
0000090B                    	.debug
0000090B 2E 00 73 00        		.dw '.stabn 0xa6,0,0,2',0x0d, 0x0a
         74 00 61 00
         62 00 6E 00
         20 00 30 00
         78 00 61 00
         36 00 2C 00
         30 00 2C 00
         30 00 2C 00
         32 00 0D 00
         0A 00      
00009CB9                    	.code
00009CB9 88 DA              		PUSH BP to [SP]
00009CBA 42 20              		SP-=2
00009CBB 08 0B 01 00        		BP=SP+1
                            	
00009CBD 0D 07 05 00        		R3=BP+5
0000091E                    	.debug
0000091E 2E 00 73 00        		.dw '.stabn 0x44,0,58,',0,0
         74 00 61 00
         62 00 6E 00
         20 00 30 00
         78 00 34 00
         34 00 2C 00
         30 00 2C 00
         35 00 38 00
         2C 00 00 00
         00 00      
00000931 06 00 00 00        		.dd LM28-_SystemTick
00000933 0D 00 0A 00        		.dw 0x0d,0x0a
00009CBF                    	.code
                            	LM28:
                            		//split R1=[__sysTick]
00009CBF 11 93 33 03        		R1=[__sysTick]	// QImode move
00009CC1 12 95 34 03        		R2=[__sysTick+1]	// QImode move
                            		//split [BP]=R1
00009CC3 C5 D2              		[BP]=R1	// QImode move
00009CC4 01 D4              		[BP+1]=R2	// QImode move
                            		//split R1=[BP]
00009CC5 C5 92              		R1=[BP]	// QImode move
00009CC6 01 94              		R2=[BP+1]	// QImode move
00009CC7 0F 9F C9 9C        		PC=L19	// jump
00000935                    	.debug
00000935 2E 00 73 00        		.dw '.stabn 0x44,0,59,',0,0
         74 00 61 00
         62 00 6E 00
         20 00 30 00
         78 00 34 00
         34 00 2C 00
         30 00 2C 00
         35 00 39 00
         2C 00 00 00
         00 00      
00000948 10 00 00 00        		.dd LM29-_SystemTick
0000094A 0D 00 0A 00        		.dw 0x0d,0x0a
00009CC9                    	.code
                            	LM29:
0000094C                    	.debug
0000094C 2E 00 73 00        		.dw '.stabn 0x44,0,59,',0,0
         74 00 61 00
         62 00 6E 00
         20 00 30 00
         78 00 34 00
         34 00 2C 00
         30 00 2C 00
         35 00 39 00
         2C 00 00 00
         00 00      
0000095F 10 00 00 00        		.dd LM30-_SystemTick
00000961 0D 00 0A 00        		.dw 0x0d,0x0a
00009CC9                    	.code
                            	LM30:
                            	L19:
                            	
00009CC9 42 00              		SP+=2
00009CCA 88 98              		POP BP from [SP]
00009CCB 90 9A              		RETF
                            		.endp	// end of SystemTick
                            	
00000963                    	.debug
00000963 2E 00 73 00        		.dw '.stabf ',0,0
         74 00 61 00
         62 00 66 00
         20 00 00 00
         00 00      
0000096C 13 00 00 00        		.dd LME3-_SystemTick
0000096E 0D 00 0A 00        		.dw 0x0d,0x0a
00009CCC                    	.code
                            	LME3:
00009CCC                    	.code
00000970                    	.debug
00000970 2E 00 73 00        		.dw '.stabs "SystemTickReset:F19",36,0,0,',0,0,offset _SystemTickReset,seg _SystemTickReset,0x0d,0x0a
         74 00 61 00
         62 00 73 00
         20 00 22 00
         53 00 79 00
         73 00 74 00
         65 00 6D 00
         54 00 69 00
         63 00 6B 00
         52 00 65 00
         73 00 65 00
         74 00 3A 00
         46 00 31 00
         39 00 22 00
         2C 00 33 00
         36 00 2C 00
         30 00 2C 00
         30 00 2C 00
         00 00 00 00
         DA 00 00 00
         0D 00 0A 00
00009CCC                    	.CODE
                            	.public _SystemTickReset
                            	_SystemTickReset:	.proc
0000099A                    	.debug
0000099A 2E 00 73 00        		.dw '.stabn 0x44,0,62,',0,0
         74 00 61 00
         62 00 6E 00
         20 00 30 00
         78 00 34 00
         34 00 2C 00
         30 00 2C 00
         36 00 32 00
         2C 00 00 00
         00 00      
000009AD 00 00 00 00        		.dd LM31-_SystemTickReset
000009AF 0D 00 0A 00        		.dw 0x0d,0x0a
00009CCC                    	.code
                            	LM31:
                            		// total=0, vars=0
                            		// frame_pointer_needed: 1
000009B1                    	.debug
000009B1 2E 00 73 00        		.dw '.stabn 0xa6,0,0,0',0x0d, 0x0a
         74 00 61 00
         62 00 6E 00
         20 00 30 00
         78 00 61 00
         36 00 2C 00
         30 00 2C 00
         30 00 2C 00
         30 00 0D 00
         0A 00      
00009CCC                    	.code
00009CCC 88 DA              		PUSH BP to [SP]
00009CCD 08 0B 01 00        		BP=SP+1
                            	
00009CCF 0D 03 03 00        		R1=BP+3
000009C4                    	.debug
000009C4 2E 00 73 00        		.dw '.stabn 0x44,0,63,',0,0
         74 00 61 00
         62 00 6E 00
         20 00 30 00
         78 00 34 00
         34 00 2C 00
         30 00 2C 00
         36 00 33 00
         2C 00 00 00
         00 00      
000009D7 05 00 00 00        		.dd LM32-_SystemTickReset
000009D9 0D 00 0A 00        		.dw 0x0d,0x0a
00009CD1                    	.code
                            	LM32:
                            		//split R3=0
00009CD1 40 96              		R3=0	// QImode move
00009CD2 40 98              		R4=0	// QImode move
                            		//split [__sysTick]=R3
00009CD3 1B D7 33 03        		[__sysTick]=R3	// QImode move
00009CD5 1C D9 34 03        		[__sysTick+1]=R4	// QImode move
000009DB                    	.debug
000009DB 2E 00 73 00        		.dw '.stabn 0x44,0,64,',0,0
         74 00 61 00
         62 00 6E 00
         20 00 30 00
         78 00 34 00
         34 00 2C 00
         30 00 2C 00
         36 00 34 00
         2C 00 00 00
         00 00      
000009EE 0B 00 00 00        		.dd LM33-_SystemTickReset
000009F0 0D 00 0A 00        		.dw 0x0d,0x0a
00009CD7                    	.code
                            	LM33:
000009F2                    	.debug
000009F2 2E 00 73 00        		.dw '.stabn 0x44,0,64,',0,0
         74 00 61 00
         62 00 6E 00
         20 00 30 00
         78 00 34 00
         34 00 2C 00
         30 00 2C 00
         36 00 34 00
         2C 00 00 00
         00 00      
00000A05 0B 00 00 00        		.dd LM34-_SystemTickReset
00000A07 0D 00 0A 00        		.dw 0x0d,0x0a
00009CD7                    	.code
                            	LM34:
                            	L20:
                            	
00009CD7 88 98              		POP BP from [SP]
00009CD8 90 9A              		RETF
                            		.endp	// end of SystemTickReset
                            	
00000A09                    	.debug
00000A09 2E 00 73 00        		.dw '.stabf ',0,0
         74 00 61 00
         62 00 66 00
         20 00 00 00
         00 00      
00000A12 0D 00 00 00        		.dd LME4-_SystemTickReset
00000A14 0D 00 0A 00        		.dw 0x0d,0x0a
00009CD9                    	.code
                            	LME4:
00009CD9                    	.code
00000A16                    	.debug
00000A16 2E 00 73 00        		.dw '.stabs "SystemTickWait:F19",36,0,0,',0,0,offset _SystemTickWait,seg _SystemTickWait,0x0d,0x0a
         74 00 61 00
         62 00 73 00
         20 00 22 00
         53 00 79 00
         73 00 74 00
         65 00 6D 00
         54 00 69 00
         63 00 6B 00
         57 00 61 00
         69 00 74 00
         3A 00 46 00
         31 00 39 00
         22 00 2C 00
         33 00 36 00
         2C 00 30 00
         2C 00 30 00
         2C 00 00 00
         00 00 E7 00
         00 00 0D 00
         0A 00      
00009CD9                    	.CODE
                            	.public _SystemTickWait
                            	_SystemTickWait:	.proc
00000A3F                    	.debug
00000A3F 2E 00 73 00        		.dw '.stabn 0x44,0,67,',0,0
         74 00 61 00
         62 00 6E 00
         20 00 30 00
         78 00 34 00
         34 00 2C 00
         30 00 2C 00
         36 00 37 00
         2C 00 00 00
         00 00      
00000A52 00 00 00 00        		.dd LM35-_SystemTickWait
00000A54 0D 00 0A 00        		.dw 0x0d,0x0a
00009CD9                    	.code
                            	LM35:
                            		// total=15, vars=15
                            		// frame_pointer_needed: 1
00000A56                    	.debug
00000A56 2E 00 73 00        		.dw '.stabn 0xa6,0,0,15',0x0d, 0x0a
         74 00 61 00
         62 00 6E 00
         20 00 30 00
         78 00 61 00
         36 00 2C 00
         30 00 2C 00
         30 00 2C 00
         31 00 35 00
         0D 00 0A 00
00009CD9                    	.code
00009CD9 88 DA              		PUSH BP to [SP]
00009CDA 4F 20              		SP-=15
00009CDB 08 0B 01 00        		BP=SP+1
                            	
00009CDD 0D 03 12 00        		R1=BP+18
00009CDF 0B D2              		[BP+11]=R1	// QImode move
00000A6A                    	.debug
00000A6A 2E 00 73 00        		.dw '.stabn 0x44,0,68,',0,0
         74 00 61 00
         62 00 6E 00
         20 00 30 00
         78 00 34 00
         34 00 2C 00
         30 00 2C 00
         36 00 38 00
         2C 00 00 00
         00 00      
00000A7D 07 00 00 00        		.dd LM36-_SystemTickWait
00000A7F 0D 00 0A 00        		.dw 0x0d,0x0a
00009CE0                    	.code
                            	LM36:
                            	LBB4:
00009CE0 0B 94              		R2=[BP+11]	// QImode move
00009CE1 C2 92              		R1=[R2]
00009CE2 40 94              		R2=0
                            		//split [BP+2]=R1
00009CE3 02 D2              		[BP+2]=R1	// QImode move
00009CE4 03 D4              		[BP+3]=R2	// QImode move
                            		//split R1=[__sysTick]
00009CE5 11 93 33 03        		R1=[__sysTick]	// QImode move
00009CE7 12 95 34 03        		R2=[__sysTick+1]	// QImode move
                            		//split [BP+4]=R1
00009CE9 04 D2              		[BP+4]=R1	// QImode move
00009CEA 05 D4              		[BP+5]=R2	// QImode move
00009CEB 04 94              		R2=[BP+4]	// QImode move
00009CEC 06 D4              		[BP+6]=R2	// QImode move
00009CED 02 92              		R1=[BP+2]	// QImode move
00009CEE 06 02              		R1 = R1 + [BP+6]	//addqi3
00009CEF 06 D2              		[BP+6]=R1	// QImode move
00009CF0 06 96              		R3=[BP+6]	// QImode move
00009CF1 41 94              		R2=1	// QImode move
00009CF2 0C D4              		[BP+12]=R2	// QImode move
00009CF3 06 92              		R1=[BP+6]	// QImode move
00009CF4 04 94              		R2=[BP+4]	// QImode move
00009CF5 02 43              		CMP R1,R2	// QImode compare
00009CF6 04 0E 01 EE        		NSJB L22	//QImode LTU
         00 EE      
00009CF9 40 92              		R1=0	// QImode move
00009CFA 0C D2              		[BP+12]=R1	// QImode move
                            	L22:
00009CFB 05 94              		R2=[BP+5]	// QImode move
00009CFC 07 D4              		[BP+7]=R2	// QImode move
00009CFD 03 92              		R1=[BP+3]	// QImode move
00009CFE 07 02              		R1 = R1 + [BP+7]	//addqi3
00009CFF 07 D2              		[BP+7]=R1	// QImode move
00009D00 07 98              		R4=[BP+7]	// QImode move
00009D01 07 94              		R2=[BP+7]	// QImode move
00009D02 08 D4              		[BP+8]=R2	// QImode move
00009D03 08 92              		R1=[BP+8]	// QImode move
00009D04 0C 02              		R1 = R1 + [BP+12]	//addqi3
00009D05 08 D2              		[BP+8]=R1	// QImode move
00009D06 08 98              		R4=[BP+8]	// QImode move
                            		//split [BP]=R3
00009D07 C5 D6              		[BP]=R3	// QImode move
00009D08 01 D8              		[BP+1]=R4	// QImode move
00000A81                    	.debug
00000A81 2E 00 73 00        		.dw '.stabn 0x44,0,70,',0,0
         74 00 61 00
         62 00 6E 00
         20 00 30 00
         78 00 34 00
         34 00 2C 00
         30 00 2C 00
         37 00 30 00
         2C 00 00 00
         00 00      
00000A94 30 00 00 00        		.dd LM37-_SystemTickWait
00000A96 0D 00 0A 00        		.dw 0x0d,0x0a
00009D09                    	.code
                            	LM37:
                            	L23:
                            		//split R1=[__sysTick]
00009D09 11 93 33 03        		R1=[__sysTick]	// QImode move
00009D0B 12 95 34 03        		R2=[__sysTick+1]	// QImode move
                            		//split [BP+13]=R1
00009D0D 0D D2              		[BP+13]=R1	// QImode move
00009D0E 0E D4              		[BP+14]=R2	// QImode move
                            		//split R1=[BP]
00009D0F C5 92              		R1=[BP]	// QImode move
00009D10 01 94              		R2=[BP+1]	// QImode move
                            		//split [BP+9]=R1
00009D11 09 D2              		[BP+9]=R1	// QImode move
00009D12 0A D4              		[BP+10]=R2	// QImode move
                            		//split R1=[BP+13]
00009D13 0D 92              		R1=[BP+13]	// QImode move
00009D14 0E 94              		R2=[BP+14]	// QImode move
00009D15 0A 44              		CMP R2,[BP+10]	// CMP RD,[RS] HImode
00009D16 08 4E 01 EE        		NSJNZ L25	// HImode NE
         00 EE      
00009D19 09 42              		CMP R1,[BP+9]
00009D1A 04 4E 01 EE        		NSJNZ  L25
         00 EE      
00009D1D 0F 9F 21 9D        		PC=L24	// jump
                            	L25:
00009D1F 0F 9F 09 9D        		PC=L23	// jump
                            	L24:
00000A98                    	.debug
00000A98 2E 00 73 00        		.dw '.stabn 0x44,0,71,',0,0
         74 00 61 00
         62 00 6E 00
         20 00 30 00
         78 00 34 00
         34 00 2C 00
         30 00 2C 00
         37 00 31 00
         2C 00 00 00
         00 00      
00000AAB 48 00 00 00        		.dd LM38-_SystemTickWait
00000AAD 0D 00 0A 00        		.dw 0x0d,0x0a
00009D21                    	.code
                            	LM38:
                            	LBE4:
00000AAF                    	.debug
00000AAF 2E 00 73 00        		.dw '.stabn 0x44,0,71,',0,0
         74 00 61 00
         62 00 6E 00
         20 00 30 00
         78 00 34 00
         34 00 2C 00
         30 00 2C 00
         37 00 31 00
         2C 00 00 00
         00 00      
00000AC2 48 00 00 00        		.dd LM39-_SystemTickWait
00000AC4 0D 00 0A 00        		.dw 0x0d,0x0a
00009D21                    	.code
                            	LM39:
                            	L21:
                            	
00009D21 4F 00              		SP+=15
00009D22 88 98              		POP BP from [SP]
00009D23 90 9A              		RETF
                            		.endp	// end of SystemTickWait
                            	
00000AC6                    	.debug
00000AC6 2E 00 73 00        		.dw '.stabs "tick:p4",160,0,0,18',0x0d,0x0a
         74 00 61 00
         62 00 73 00
         20 00 22 00
         74 00 69 00
         63 00 6B 00
         3A 00 70 00
         34 00 22 00
         2C 00 31 00
         36 00 30 00
         2C 00 30 00
         2C 00 30 00
         2C 00 31 00
         38 00 0D 00
         0A 00      
00009D24                    	.CODE
00000AE3                    	.debug
00000AE3 2E 00 73 00        		.dw '.stabn 0xc0,0,0,',0,0
         74 00 61 00
         62 00 6E 00
         20 00 30 00
         78 00 63 00
         30 00 2C 00
         30 00 2C 00
         30 00 2C 00
         00 00 00 00
00000AF5 07 00 00 00        		.dd LBB4-_SystemTickWait
00000AF7 0D 00 0A 00        		.dw 0x0d,0x0a
00009D24                    	.code
00000AF9                    	.debug
00000AF9 2E 00 73 00        		.dw '.stabs "_t:5",128,0,0,0',0x0d,0x0a
         74 00 61 00
         62 00 73 00
         20 00 22 00
         5F 00 74 00
         3A 00 35 00
         22 00 2C 00
         31 00 32 00
         38 00 2C 00
         30 00 2C 00
         30 00 2C 00
         30 00 0D 00
         0A 00      
00009D24                    	.CODE
00000B12                    	.debug
00000B12 2E 00 73 00        		.dw '.stabn 0xe0,0,0,',0,0
         74 00 61 00
         62 00 6E 00
         20 00 30 00
         78 00 65 00
         30 00 2C 00
         30 00 2C 00
         30 00 2C 00
         00 00 00 00
00000B24 48 00 00 00        		.dd LBE4-_SystemTickWait
00000B26 0D 00 0A 00        		.dw 0x0d,0x0a
00009D24                    	.code
00000B28                    	.debug
00000B28 2E 00 73 00        		.dw '.stabf ',0,0
         74 00 61 00
         62 00 66 00
         20 00 00 00
         00 00      
00000B31 4B 00 00 00        		.dd LME5-_SystemTickWait
00000B33 0D 00 0A 00        		.dw 0x0d,0x0a
00009D24                    	.code
                            	LME5:
00009D24                    	.code
00000B35                    	.debug
00000B35 2E 00 73 00        		.dw '.stabs "SystemTickWaitAsync:F19",36,0,0,',0,0,offset _SystemTickWaitAsync,seg _SystemTickWaitAsync,0x0d,0x0a
         74 00 61 00
         62 00 73 00
         20 00 22 00
         53 00 79 00
         73 00 74 00
         65 00 6D 00
         54 00 69 00
         63 00 6B 00
         57 00 61 00
         69 00 74 00
         41 00 73 00
         79 00 6E 00
         63 00 3A 00
         46 00 31 00
         39 00 22 00
         2C 00 33 00
         36 00 2C 00
         30 00 2C 00
         30 00 2C 00
         00 00 00 00
         32 01 00 00
         0D 00 0A 00
00009D24                    	.CODE
                            	.public _SystemTickWaitAsync
                            	_SystemTickWaitAsync:	.proc
00000B63                    	.debug
00000B63 2E 00 73 00        		.dw '.stabn 0x44,0,75,',0,0
         74 00 61 00
         62 00 6E 00
         20 00 30 00
         78 00 34 00
         34 00 2C 00
         30 00 2C 00
         37 00 35 00
         2C 00 00 00
         00 00      
00000B76 00 00 00 00        		.dd LM40-_SystemTickWaitAsync
00000B78 0D 00 0A 00        		.dw 0x0d,0x0a
00009D24                    	.code
                            	LM40:
                            		// total=12, vars=12
                            		// frame_pointer_needed: 1
00000B7A                    	.debug
00000B7A 2E 00 73 00        		.dw '.stabn 0xa6,0,0,12',0x0d, 0x0a
         74 00 61 00
         62 00 6E 00
         20 00 30 00
         78 00 61 00
         36 00 2C 00
         30 00 2C 00
         30 00 2C 00
         31 00 32 00
         0D 00 0A 00
00009D24                    	.code
00009D24 88 DA              		PUSH BP to [SP]
00009D25 4C 20              		SP-=12
00009D26 08 0B 01 00        		BP=SP+1
                            	
00009D28 0D 03 0F 00        		R1=BP+15
00000B8E                    	.debug
00000B8E 2E 00 73 00        		.dw '.stabn 0x44,0,76,',0,0
         74 00 61 00
         62 00 6E 00
         20 00 30 00
         78 00 34 00
         34 00 2C 00
         30 00 2C 00
         37 00 36 00
         2C 00 00 00
         00 00      
00000BA1 06 00 00 00        		.dd LM41-_SystemTickWaitAsync
00000BA3 0D 00 0A 00        		.dw 0x0d,0x0a
00009D2A                    	.code
                            	LM41:
00009D2A 01 97              		R3=R1	// QImode move
00009D2B C3 94              		R2=[R3]	// QImode move
00009D2C 13 97 35 03        		R3=[_waitQueue]	// QImode move
00009D2E 02 99              		R4=R2	// QImode move
00009D2F C4 D6              		[R4]=R3	// QImode move
00000BA5                    	.debug
00000BA5 2E 00 73 00        		.dw '.stabn 0x44,0,77,',0,0
         74 00 61 00
         62 00 6E 00
         20 00 30 00
         78 00 34 00
         34 00 2C 00
         30 00 2C 00
         37 00 37 00
         2C 00 00 00
         00 00      
00000BB8 0C 00 00 00        		.dd LM42-_SystemTickWaitAsync
00000BBA 0D 00 0A 00        		.dw 0x0d,0x0a
00009D30                    	.code
                            	LM42:
00009D30 01 97              		R3=R1	// QImode move
00009D31 C3 94              		R2=[R3]	// QImode move
00009D32 1A D5 35 03        		[_waitQueue]=R2	// QImode move
00000BBC                    	.debug
00000BBC 2E 00 73 00        		.dw '.stabn 0x44,0,78,',0,0
         74 00 61 00
         62 00 6E 00
         20 00 30 00
         78 00 34 00
         34 00 2C 00
         30 00 2C 00
         37 00 38 00
         2C 00 00 00
         00 00      
00000BCF 10 00 00 00        		.dd LM43-_SystemTickWaitAsync
00000BD1 0D 00 0A 00        		.dw 0x0d,0x0a
00009D34                    	.code
                            	LM43:
00009D34 01 99              		R4=R1	// QImode move
00009D35 C4 94              		R2=[R4]	// QImode move
00009D36 02 97              		R3=R2	// QImode move
00009D37 0A 07 01 00        		R3=R2+1
00009D39 08 D6              		[BP+8]=R3	// QImode move
00009D3A 01 97              		R3=R1	// QImode move
00009D3B 09 09 01 00        		R4=R1+1
00009D3D 09 D8              		[BP+9]=R4	// QImode move
00009D3E 09 98              		R4=[BP+9]	// QImode move
00009D3F C4 96              		R3=[R4]
00009D40 40 98              		R4=0
                            		//split [BP]=R3
00009D41 C5 D6              		[BP]=R3	// QImode move
00009D42 01 D8              		[BP+1]=R4	// QImode move
                            		//split R3=[__sysTick]
00009D43 13 97 33 03        		R3=[__sysTick]	// QImode move
00009D45 14 99 34 03        		R4=[__sysTick+1]	// QImode move
                            		//split [BP+2]=R3
00009D47 02 D6              		[BP+2]=R3	// QImode move
00009D48 03 D8              		[BP+3]=R4	// QImode move
00009D49 02 98              		R4=[BP+2]	// QImode move
00009D4A 04 D8              		[BP+4]=R4	// QImode move
00009D4B C5 94              		R2=[BP]	// QImode move
00009D4C 04 04              		R2 = R2 + [BP+4]	//addqi3
00009D4D 04 D4              		[BP+4]=R2	// QImode move
00009D4E 04 96              		R3=[BP+4]	// QImode move
00009D4F 0A D6              		[BP+10]=R3	// QImode move
00009D50 41 98              		R4=1	// QImode move
00009D51 05 D8              		[BP+5]=R4	// QImode move
00009D52 04 94              		R2=[BP+4]	// QImode move
00009D53 02 96              		R3=[BP+2]	// QImode move
00009D54 03 45              		CMP R2,R3	// QImode compare
00009D55 04 0E 01 EE        		NSJB L30	//QImode LTU
         00 EE      
00009D58 40 98              		R4=0	// QImode move
00009D59 05 D8              		[BP+5]=R4	// QImode move
                            	L30:
00009D5A 03 94              		R2=[BP+3]	// QImode move
00009D5B 06 D4              		[BP+6]=R2	// QImode move
00009D5C 01 96              		R3=[BP+1]	// QImode move
00009D5D 06 06              		R3 = R3 + [BP+6]	//addqi3
00009D5E 06 D6              		[BP+6]=R3	// QImode move
00009D5F 06 98              		R4=[BP+6]	// QImode move
00009D60 0B D8              		[BP+11]=R4	// QImode move
00009D61 06 94              		R2=[BP+6]	// QImode move
00009D62 07 D4              		[BP+7]=R2	// QImode move
00009D63 07 96              		R3=[BP+7]	// QImode move
00009D64 05 06              		R3 = R3 + [BP+5]	//addqi3
00009D65 07 D6              		[BP+7]=R3	// QImode move
00009D66 07 98              		R4=[BP+7]	// QImode move
00009D67 0B D8              		[BP+11]=R4	// QImode move
                            		//split R3=[BP+10]
00009D68 0A 96              		R3=[BP+10]	// QImode move
00009D69 0B 98              		R4=[BP+11]	// QImode move
                            		//split [BP+10]=R3
00009D6A 0A D6              		[BP+10]=R3	// QImode move
00009D6B 0B D8              		[BP+11]=R4	// QImode move
                            		//split R3=[BP+10]
00009D6C 0A 96              		R3=[BP+10]	// QImode move
00009D6D 0B 98              		R4=[BP+11]	// QImode move
00009D6E 08 94              		R2=[BP+8]	// QImode move
                            		//split [R2]=R3
00009D6F D2 D6              		[R2++]=R3	// QImode move
00009D70 CA D8              		[R2--]=R4	// QImode move
00000BD3                    	.debug
00000BD3 2E 00 73 00        		.dw '.stabn 0x44,0,79,',0,0
         74 00 61 00
         62 00 6E 00
         20 00 30 00
         78 00 34 00
         34 00 2C 00
         30 00 2C 00
         37 00 39 00
         2C 00 00 00
         00 00      
00000BE6 4D 00 00 00        		.dd LM44-_SystemTickWaitAsync
00000BE8 0D 00 0A 00        		.dw 0x0d,0x0a
00009D71                    	.code
                            	LM44:
00009D71 01 99              		R4=R1	// QImode move
00009D72 C4 96              		R3=[R4]	// QImode move
00009D73 03 95              		R2=R3	// QImode move
00009D74 43 06              		R3=R3+3
00009D75 40 94              		R2=0	// QImode move
00009D76 03 99              		R4=R3	// QImode move
00009D77 C4 D4              		[R4]=R2	// QImode move
00000BEA                    	.debug
00000BEA 2E 00 73 00        		.dw '.stabn 0x44,0,80,',0,0
         74 00 61 00
         62 00 6E 00
         20 00 30 00
         78 00 34 00
         34 00 2C 00
         30 00 2C 00
         38 00 30 00
         2C 00 00 00
         00 00      
00000BFD 54 00 00 00        		.dd LM45-_SystemTickWaitAsync
00000BFF 0D 00 0A 00        		.dw 0x0d,0x0a
00009D78                    	.code
                            	LM45:
00000C01                    	.debug
00000C01 2E 00 73 00        		.dw '.stabn 0x44,0,80,',0,0
         74 00 61 00
         62 00 6E 00
         20 00 30 00
         78 00 34 00
         34 00 2C 00
         30 00 2C 00
         38 00 30 00
         2C 00 00 00
         00 00      
00000C14 54 00 00 00        		.dd LM46-_SystemTickWaitAsync
00000C16 0D 00 0A 00        		.dw 0x0d,0x0a
00009D78                    	.code
                            	LM46:
                            	L29:
                            	
00009D78 4C 00              		SP+=12
00009D79 88 98              		POP BP from [SP]
00009D7A 90 9A              		RETF
                            		.endp	// end of SystemTickWaitAsync
                            	
00000C18                    	.debug
00000C18 2E 00 73 00        		.dw '.stabs "info:p25",160,0,0,15',0x0d,0x0a
         74 00 61 00
         62 00 73 00
         20 00 22 00
         69 00 6E 00
         66 00 6F 00
         3A 00 70 00
         32 00 35 00
         22 00 2C 00
         31 00 36 00
         30 00 2C 00
         30 00 2C 00
         30 00 2C 00
         31 00 35 00
         0D 00 0A 00
00009D7B                    	.CODE
00000C36                    	.debug
00000C36 2E 00 73 00        		.dw '.stabs "tick:p4",160,0,0,16',0x0d,0x0a
         74 00 61 00
         62 00 73 00
         20 00 22 00
         74 00 69 00
         63 00 6B 00
         3A 00 70 00
         34 00 22 00
         2C 00 31 00
         36 00 30 00
         2C 00 30 00
         2C 00 30 00
         2C 00 31 00
         36 00 0D 00
         0A 00      
00009D7B                    	.CODE
00000C53                    	.debug
00000C53 2E 00 73 00        		.dw '.stabf ',0,0
         74 00 61 00
         62 00 66 00
         20 00 00 00
         00 00      
00000C5C 57 00 00 00        		.dd LME6-_SystemTickWaitAsync
00000C5E 0D 00 0A 00        		.dw 0x0d,0x0a
00009D7B                    	.code
                            	LME6:
00009D7B                    	.code
00000C60                    	.debug
00000C60 2E 00 73 00        		.dw '.stabs "SystemTickWaitFinished:F1",36,0,0,',0,0,offset _SystemTickWaitFinished,seg _SystemTickWaitFinished,0x0d,0x0a
         74 00 61 00
         62 00 73 00
         20 00 22 00
         53 00 79 00
         73 00 74 00
         65 00 6D 00
         54 00 69 00
         63 00 6B 00
         57 00 61 00
         69 00 74 00
         46 00 69 00
         6E 00 69 00
         73 00 68 00
         65 00 64 00
         3A 00 46 00
         31 00 22 00
         2C 00 33 00
         36 00 2C 00
         30 00 2C 00
         30 00 2C 00
         00 00 00 00
         89 01 00 00
         0D 00 0A 00
00009D7B                    	.CODE
                            	.public _SystemTickWaitFinished
                            	_SystemTickWaitFinished:	.proc
00000C90                    	.debug
00000C90 2E 00 73 00        		.dw '.stabn 0x44,0,83,',0,0
         74 00 61 00
         62 00 6E 00
         20 00 30 00
         78 00 34 00
         34 00 2C 00
         30 00 2C 00
         38 00 33 00
         2C 00 00 00
         00 00      
00000CA3 00 00 00 00        		.dd LM47-_SystemTickWaitFinished
00000CA5 0D 00 0A 00        		.dw 0x0d,0x0a
00009D7B                    	.code
                            	LM47:
                            		// total=0, vars=0
                            		// frame_pointer_needed: 1
00000CA7                    	.debug
00000CA7 2E 00 73 00        		.dw '.stabn 0xa6,0,0,0',0x0d, 0x0a
         74 00 61 00
         62 00 6E 00
         20 00 30 00
         78 00 61 00
         36 00 2C 00
         30 00 2C 00
         30 00 2C 00
         30 00 0D 00
         0A 00      
00009D7B                    	.code
00009D7B 88 DA              		PUSH BP to [SP]
00009D7C 08 0B 01 00        		BP=SP+1
                            	
00009D7E 0D 05 03 00        		R2=BP+3
00000CBA                    	.debug
00000CBA 2E 00 73 00        		.dw '.stabn 0x44,0,84,',0,0
         74 00 61 00
         62 00 6E 00
         20 00 30 00
         78 00 34 00
         34 00 2C 00
         30 00 2C 00
         38 00 34 00
         2C 00 00 00
         00 00      
00000CCD 05 00 00 00        		.dd LM48-_SystemTickWaitFinished
00000CCF 0D 00 0A 00        		.dw 0x0d,0x0a
00009D80                    	.code
                            	LM48:
00009D80 02 93              		R1=R2	// QImode move
00009D81 C1 96              		R3=[R1]	// QImode move
00009D82 03 93              		R1=R3	// QImode move
00009D83 43 06              		R3=R3+3
00009D84 03 93              		R1=R3	// QImode move
00009D85 C1 98              		R4=[R1]	// QImode move
00009D86 04 93              		R1=R4	// QImode move
00009D87 0F 9F 89 9D        		PC=L32	// jump
00000CD1                    	.debug
00000CD1 2E 00 73 00        		.dw '.stabn 0x44,0,85,',0,0
         74 00 61 00
         62 00 6E 00
         20 00 30 00
         78 00 34 00
         34 00 2C 00
         30 00 2C 00
         38 00 35 00
         2C 00 00 00
         00 00      
00000CE4 0E 00 00 00        		.dd LM49-_SystemTickWaitFinished
00000CE6 0D 00 0A 00        		.dw 0x0d,0x0a
00009D89                    	.code
                            	LM49:
00000CE8                    	.debug
00000CE8 2E 00 73 00        		.dw '.stabn 0x44,0,85,',0,0
         74 00 61 00
         62 00 6E 00
         20 00 30 00
         78 00 34 00
         34 00 2C 00
         30 00 2C 00
         38 00 35 00
         2C 00 00 00
         00 00      
00000CFB 0E 00 00 00        		.dd LM50-_SystemTickWaitFinished
00000CFD 0D 00 0A 00        		.dw 0x0d,0x0a
00009D89                    	.code
                            	LM50:
                            	L32:
                            	
00009D89 88 98              		POP BP from [SP]
00009D8A 90 9A              		RETF
                            		.endp	// end of SystemTickWaitFinished
                            	
00000CFF                    	.debug
00000CFF 2E 00 73 00        		.dw '.stabs "info:p25",160,0,0,3',0x0d,0x0a
         74 00 61 00
         62 00 73 00
         20 00 22 00
         69 00 6E 00
         66 00 6F 00
         3A 00 70 00
         32 00 35 00
         22 00 2C 00
         31 00 36 00
         30 00 2C 00
         30 00 2C 00
         30 00 2C 00
         33 00 0D 00
         0A 00      
00009D8B                    	.CODE
00000D1C                    	.debug
00000D1C 2E 00 73 00        		.dw '.stabf ',0,0
         74 00 61 00
         62 00 66 00
         20 00 00 00
         00 00      
00000D25 10 00 00 00        		.dd LME7-_SystemTickWaitFinished
00000D27 0D 00 0A 00        		.dw 0x0d,0x0a
00009D8B                    	.code
                            	LME7:
00009D8B                    	.code
00000D29                    	.debug
00000D29 2E 00 73 00        		.dw '.stabs "SystemTickClearWait:F19",36,0,0,',0,0,offset _SystemTickClearWait,seg _SystemTickClearWait,0x0d,0x0a
         74 00 61 00
         62 00 73 00
         20 00 22 00
         53 00 79 00
         73 00 74 00
         65 00 6D 00
         54 00 69 00
         63 00 6B 00
         43 00 6C 00
         65 00 61 00
         72 00 57 00
         61 00 69 00
         74 00 3A 00
         46 00 31 00
         39 00 22 00
         2C 00 33 00
         36 00 2C 00
         30 00 2C 00
         30 00 2C 00
         00 00 00 00
         99 01 00 00
         0D 00 0A 00
00009D8B                    	.CODE
                            	.public _SystemTickClearWait
                            	_SystemTickClearWait:	.proc
00000D57                    	.debug
00000D57 2E 00 73 00        		.dw '.stabn 0x44,0,88,',0,0
         74 00 61 00
         62 00 6E 00
         20 00 30 00
         78 00 34 00
         34 00 2C 00
         30 00 2C 00
         38 00 38 00
         2C 00 00 00
         00 00      
00000D6A 00 00 00 00        		.dd LM51-_SystemTickClearWait
00000D6C 0D 00 0A 00        		.dw 0x0d,0x0a
00009D8B                    	.code
                            	LM51:
                            		// total=3, vars=3
                            		// frame_pointer_needed: 1
00000D6E                    	.debug
00000D6E 2E 00 73 00        		.dw '.stabn 0xa6,0,0,3',0x0d, 0x0a
         74 00 61 00
         62 00 6E 00
         20 00 30 00
         78 00 61 00
         36 00 2C 00
         30 00 2C 00
         30 00 2C 00
         33 00 0D 00
         0A 00      
00009D8B                    	.code
00009D8B 88 DA              		PUSH BP to [SP]
00009D8C 43 20              		SP-=3
00009D8D 08 0B 01 00        		BP=SP+1
                            	
00009D8F 0D 03 06 00        		R1=BP+6
00000D81                    	.debug
00000D81 2E 00 73 00        		.dw '.stabn 0x44,0,89,',0,0
         74 00 61 00
         62 00 6E 00
         20 00 30 00
         78 00 34 00
         34 00 2C 00
         30 00 2C 00
         38 00 39 00
         2C 00 00 00
         00 00      
00000D94 06 00 00 00        		.dd LM52-_SystemTickClearWait
00000D96 0D 00 0A 00        		.dw 0x0d,0x0a
00009D91                    	.code
                            	LM52:
                            	LBB5:
00009D91 12 95 35 03        		R2=[_waitQueue]	// QImode move
00009D93 40 44              		CMP R2,0	// QImode test
00009D94 04 4E 01 EE        		NSJNZ L34	//QImode NE
         00 EE      
00000D98                    	.debug
00000D98 2E 00 73 00        		.dw '.stabn 0x44,0,90,',0,0
         74 00 61 00
         62 00 6E 00
         20 00 30 00
         78 00 34 00
         34 00 2C 00
         30 00 2C 00
         39 00 30 00
         2C 00 00 00
         00 00      
00000DAB 0C 00 00 00        		.dd LM53-_SystemTickClearWait
00000DAD 0D 00 0A 00        		.dw 0x0d,0x0a
00009D97                    	.code
                            	LM53:
00009D97 0F 9F ED 9D        		PC=L33	// jump
                            	L34:
00000DAF                    	.debug
00000DAF 2E 00 73 00        		.dw '.stabn 0x44,0,91,',0,0
         74 00 61 00
         62 00 6E 00
         20 00 30 00
         78 00 34 00
         34 00 2C 00
         30 00 2C 00
         39 00 31 00
         2C 00 00 00
         00 00      
00000DC2 0E 00 00 00        		.dd LM54-_SystemTickClearWait
00000DC4 0D 00 0A 00        		.dw 0x0d,0x0a
00009D99                    	.code
                            	LM54:
00009D99 12 95 35 03        		R2=[_waitQueue]	// QImode move
00009D9B 01 97              		R3=R1	// QImode move
00009D9C C3 44              		CMP R2,[R3]	// QImode compare
00009D9D 0A 4E 01 EE        		NSJNZ L35	//QImode NE
         00 EE      
00000DC6                    	.debug
00000DC6 2E 00 73 00        		.dw '.stabn 0x44,0,93,',0,0
         74 00 61 00
         62 00 6E 00
         20 00 30 00
         78 00 34 00
         34 00 2C 00
         30 00 2C 00
         39 00 33 00
         2C 00 00 00
         00 00      
00000DD9 15 00 00 00        		.dd LM55-_SystemTickClearWait
00000DDB 0D 00 0A 00        		.dw 0x0d,0x0a
00009DA0                    	.code
                            	LM55:
00009DA0 01 99              		R4=R1	// QImode move
00009DA1 C4 94              		R2=[R4]	// QImode move
00009DA2 02 99              		R4=R2	// QImode move
00009DA3 C4 96              		R3=[R4]	// QImode move
00009DA4 1B D7 35 03        		[_waitQueue]=R3	// QImode move
00000DDD                    	.debug
00000DDD 2E 00 73 00        		.dw '.stabn 0x44,0,94,',0,0
         74 00 61 00
         62 00 6E 00
         20 00 30 00
         78 00 34 00
         34 00 2C 00
         30 00 2C 00
         39 00 34 00
         2C 00 00 00
         00 00      
00000DF0 1B 00 00 00        		.dd LM56-_SystemTickClearWait
00000DF2 0D 00 0A 00        		.dw 0x0d,0x0a
00009DA6                    	.code
                            	LM56:
00009DA6 0F 9F ED 9D        		PC=L36	// jump
                            	L35:
00000DF4                    	.debug
00000DF4 2E 00 73 00        		.dw '.stabn 0x44,0,97,',0,0
         74 00 61 00
         62 00 6E 00
         20 00 30 00
         78 00 34 00
         34 00 2C 00
         30 00 2C 00
         39 00 37 00
         2C 00 00 00
         00 00      
00000E07 1D 00 00 00        		.dd LM57-_SystemTickClearWait
00000E09 0D 00 0A 00        		.dw 0x0d,0x0a
00009DA8                    	.code
                            	LM57:
                            	LBB6:
00009DA8 12 95 35 03        		R2=[_waitQueue]	// QImode move
00009DAA C5 D4              		[BP]=R2	// QImode move
00000E0B                    	.debug
00000E0B 2E 00 73 00        		.dw '.stabn 0x44,0,98,',0,0
         74 00 61 00
         62 00 6E 00
         20 00 30 00
         78 00 34 00
         34 00 2C 00
         30 00 2C 00
         39 00 38 00
         2C 00 00 00
         00 00      
00000E1E 20 00 00 00        		.dd LM58-_SystemTickClearWait
00000E20 0D 00 0A 00        		.dw 0x0d,0x0a
00009DAB                    	.code
                            	LM58:
00009DAB 05 97              		R3=BP	// QImode move
00009DAC 0D 05 01 00        		R2=BP+1
00009DAE 13 97 35 03        		R3=[_waitQueue]	// QImode move
00009DB0 03 99              		R4=R3	// QImode move
00009DB1 C4 98              		R4=[R4]	// QImode move
00009DB2 02 D8              		[BP+2]=R4	// QImode move
00009DB3 02 96              		R3=[BP+2]	// QImode move
00009DB4 02 99              		R4=R2	// QImode move
00009DB5 C4 D6              		[R4]=R3	// QImode move
00000E22                    	.debug
00000E22 2E 00 73 00        		.dw '.stabn 0x44,0,99,',0,0
         74 00 61 00
         62 00 6E 00
         20 00 30 00
         78 00 34 00
         34 00 2C 00
         30 00 2C 00
         39 00 39 00
         2C 00 00 00
         00 00      
00000E35 2B 00 00 00        		.dd LM59-_SystemTickClearWait
00000E37 0D 00 0A 00        		.dw 0x0d,0x0a
00009DB6                    	.code
                            	LM59:
                            	L37:
00009DB6 05 95              		R2=BP	// QImode move
00009DB7 0D 07 01 00        		R3=BP+1
00009DB9 03 99              		R4=R3	// QImode move
00009DBA C4 94              		R2=[R4]	// QImode move
00009DBB 40 44              		CMP R2,0	// QImode test
00009DBC 04 4E 01 EE        		NSJNZ L39	//QImode NE
         00 EE      
00009DBF 0F 9F ED 9D        		PC=L36	// jump
                            	L39:
00000E39                    	.debug
00000E39 2E 00 73 00        		.dw '.stabn 0x44,0,101,',0,0
         74 00 61 00
         62 00 6E 00
         20 00 30 00
         78 00 34 00
         34 00 2C 00
         30 00 2C 00
         31 00 30 00
         31 00 2C 00
         00 00 00 00
00000E4D 36 00 00 00        		.dd LM60-_SystemTickClearWait
00000E4F 0D 00 0A 00        		.dw 0x0d,0x0a
00009DC1                    	.code
                            	LM60:
00009DC1 05 95              		R2=BP	// QImode move
00009DC2 0D 07 01 00        		R3=BP+1
00009DC4 03 99              		R4=R3	// QImode move
00009DC5 C4 94              		R2=[R4]	// QImode move
00009DC6 01 97              		R3=R1	// QImode move
00009DC7 C3 44              		CMP R2,[R3]	// QImode compare
00009DC8 0D 4E 01 EE        		NSJNZ L40	//QImode NE
         00 EE      
00000E51                    	.debug
00000E51 2E 00 73 00        		.dw '.stabn 0x44,0,103,',0,0
         74 00 61 00
         62 00 6E 00
         20 00 30 00
         78 00 34 00
         34 00 2C 00
         30 00 2C 00
         31 00 30 00
         33 00 2C 00
         00 00 00 00
00000E65 40 00 00 00        		.dd LM61-_SystemTickClearWait
00000E67 0D 00 0A 00        		.dw 0x0d,0x0a
00009DCB                    	.code
                            	LM61:
00009DCB C5 94              		R2=[BP]	// QImode move
00009DCC 01 99              		R4=R1	// QImode move
00009DCD C4 96              		R3=[R4]	// QImode move
00009DCE 03 99              		R4=R3	// QImode move
00009DCF C4 98              		R4=[R4]	// QImode move
00009DD0 02 D8              		[BP+2]=R4	// QImode move
00009DD1 02 96              		R3=[BP+2]	// QImode move
00009DD2 02 99              		R4=R2	// QImode move
00009DD3 C4 D6              		[R4]=R3	// QImode move
00000E69                    	.debug
00000E69 2E 00 73 00        		.dw '.stabn 0x44,0,104,',0,0
         74 00 61 00
         62 00 6E 00
         20 00 30 00
         78 00 34 00
         34 00 2C 00
         30 00 2C 00
         31 00 30 00
         34 00 2C 00
         00 00 00 00
00000E7D 49 00 00 00        		.dd LM62-_SystemTickClearWait
00000E7F 0D 00 0A 00        		.dw 0x0d,0x0a
00009DD4                    	.code
                            	LM62:
00009DD4 0F 9F EB 9D        		PC=L41	// jump
                            	L40:
00000E81                    	.debug
00000E81 2E 00 73 00        		.dw '.stabn 0x44,0,107,',0,0
         74 00 61 00
         62 00 6E 00
         20 00 30 00
         78 00 34 00
         34 00 2C 00
         30 00 2C 00
         31 00 30 00
         37 00 2C 00
         00 00 00 00
00000E95 4B 00 00 00        		.dd LM63-_SystemTickClearWait
00000E97 0D 00 0A 00        		.dw 0x0d,0x0a
00009DD6                    	.code
                            	LM63:
00009DD6 05 95              		R2=BP	// QImode move
00009DD7 0D 07 01 00        		R3=BP+1
00009DD9 03 99              		R4=R3	// QImode move
00009DDA C4 94              		R2=[R4]	// QImode move
00009DDB C5 D4              		[BP]=R2	// QImode move
00000E99                    	.debug
00000E99 2E 00 73 00        		.dw '.stabn 0x44,0,108,',0,0
         74 00 61 00
         62 00 6E 00
         20 00 30 00
         78 00 34 00
         34 00 2C 00
         30 00 2C 00
         31 00 30 00
         38 00 2C 00
         00 00 00 00
00000EAD 51 00 00 00        		.dd LM64-_SystemTickClearWait
00000EAF 0D 00 0A 00        		.dw 0x0d,0x0a
00009DDC                    	.code
                            	LM64:
00009DDC 05 97              		R3=BP	// QImode move
00009DDD 0D 05 01 00        		R2=BP+1
00009DDF 05 97              		R3=BP	// QImode move
00009DE0 0D 07 01 00        		R3=BP+1
00009DE2 02 D6              		[BP+2]=R3	// QImode move
00009DE3 02 98              		R4=[BP+2]	// QImode move
00009DE4 C4 96              		R3=[R4]	// QImode move
00009DE5 03 99              		R4=R3	// QImode move
00009DE6 C4 98              		R4=[R4]	// QImode move
00009DE7 02 D8              		[BP+2]=R4	// QImode move
00009DE8 02 96              		R3=[BP+2]	// QImode move
00009DE9 02 99              		R4=R2	// QImode move
00009DEA C4 D6              		[R4]=R3	// QImode move
                            	L41:
00000EB1                    	.debug
00000EB1 2E 00 73 00        		.dw '.stabn 0x44,0,110,',0,0
         74 00 61 00
         62 00 6E 00
         20 00 30 00
         78 00 34 00
         34 00 2C 00
         30 00 2C 00
         31 00 31 00
         30 00 2C 00
         00 00 00 00
00000EC5 60 00 00 00        		.dd LM65-_SystemTickClearWait
00000EC7 0D 00 0A 00        		.dw 0x0d,0x0a
00009DEB                    	.code
                            	LM65:
00009DEB 0F 9F B6 9D        		PC=L37	// jump
                            	L38:
00000EC9                    	.debug
00000EC9 2E 00 73 00        		.dw '.stabn 0x44,0,111,',0,0
         74 00 61 00
         62 00 6E 00
         20 00 30 00
         78 00 34 00
         34 00 2C 00
         30 00 2C 00
         31 00 31 00
         31 00 2C 00
         00 00 00 00
00000EDD 62 00 00 00        		.dd LM66-_SystemTickClearWait
00000EDF 0D 00 0A 00        		.dw 0x0d,0x0a
00009DED                    	.code
                            	LM66:
                            	LBE6:
                            	L36:
00000EE1                    	.debug
00000EE1 2E 00 73 00        		.dw '.stabn 0x44,0,112,',0,0
         74 00 61 00
         62 00 6E 00
         20 00 30 00
         78 00 34 00
         34 00 2C 00
         30 00 2C 00
         31 00 31 00
         32 00 2C 00
         00 00 00 00
00000EF5 62 00 00 00        		.dd LM67-_SystemTickClearWait
00000EF7 0D 00 0A 00        		.dw 0x0d,0x0a
00009DED                    	.code
                            	LM67:
                            	LBE5:
00000EF9                    	.debug
00000EF9 2E 00 73 00        		.dw '.stabn 0x44,0,112,',0,0
         74 00 61 00
         62 00 6E 00
         20 00 30 00
         78 00 34 00
         34 00 2C 00
         30 00 2C 00
         31 00 31 00
         32 00 2C 00
         00 00 00 00
00000F0D 62 00 00 00        		.dd LM68-_SystemTickClearWait
00000F0F 0D 00 0A 00        		.dw 0x0d,0x0a
00009DED                    	.code
                            	LM68:
                            	L33:
                            	
00009DED 43 00              		SP+=3
00009DEE 88 98              		POP BP from [SP]
00009DEF 90 9A              		RETF
                            		.endp	// end of SystemTickClearWait
                            	
00000F11                    	.debug
00000F11 2E 00 73 00        		.dw '.stabs "info:p25",160,0,0,6',0x0d,0x0a
         74 00 61 00
         62 00 73 00
         20 00 22 00
         69 00 6E 00
         66 00 6F 00
         3A 00 70 00
         32 00 35 00
         22 00 2C 00
         31 00 36 00
         30 00 2C 00
         30 00 2C 00
         30 00 2C 00
         36 00 0D 00
         0A 00      
00009DF0                    	.CODE
00000F2E                    	.debug
00000F2E 2E 00 73 00        		.dw '.stabn 0xc0,0,0,',0,0
         74 00 61 00
         62 00 6E 00
         20 00 30 00
         78 00 63 00
         30 00 2C 00
         30 00 2C 00
         30 00 2C 00
         00 00 00 00
00000F40 06 00 00 00        		.dd LBB5-_SystemTickClearWait
00000F42 0D 00 0A 00        		.dw 0x0d,0x0a
00009DF0                    	.code
00000F44                    	.debug
00000F44 2E 00 73 00        		.dw '.stabn 0xc0,0,0,',0,0
         74 00 61 00
         62 00 6E 00
         20 00 30 00
         78 00 63 00
         30 00 2C 00
         30 00 2C 00
         30 00 2C 00
         00 00 00 00
00000F56 1D 00 00 00        		.dd LBB6-_SystemTickClearWait
00000F58 0D 00 0A 00        		.dw 0x0d,0x0a
00009DF0                    	.code
00000F5A                    	.debug
00000F5A 2E 00 73 00        		.dw '.stabs "prev:25",128,0,0,0',0x0d,0x0a
         74 00 61 00
         62 00 73 00
         20 00 22 00
         70 00 72 00
         65 00 76 00
         3A 00 32 00
         35 00 22 00
         2C 00 31 00
         32 00 38 00
         2C 00 30 00
         2C 00 30 00
         2C 00 30 00
         0D 00 0A 00
00009DF0                    	.CODE
00000F76                    	.debug
00000F76 2E 00 73 00        		.dw '.stabs "cur:25",128,0,0,1',0x0d,0x0a
         74 00 61 00
         62 00 73 00
         20 00 22 00
         63 00 75 00
         72 00 3A 00
         32 00 35 00
         22 00 2C 00
         31 00 32 00
         38 00 2C 00
         30 00 2C 00
         30 00 2C 00
         31 00 0D 00
         0A 00      
00009DF0                    	.CODE
00000F91                    	.debug
00000F91 2E 00 73 00        		.dw '.stabn 0xe0,0,0,',0,0
         74 00 61 00
         62 00 6E 00
         20 00 30 00
         78 00 65 00
         30 00 2C 00
         30 00 2C 00
         30 00 2C 00
         00 00 00 00
00000FA3 62 00 00 00        		.dd LBE6-_SystemTickClearWait
00000FA5 0D 00 0A 00        		.dw 0x0d,0x0a
00009DF0                    	.code
00000FA7                    	.debug
00000FA7 2E 00 73 00        		.dw '.stabn 0xe0,0,0,',0,0
         74 00 61 00
         62 00 6E 00
         20 00 30 00
         78 00 65 00
         30 00 2C 00
         30 00 2C 00
         30 00 2C 00
         00 00 00 00
00000FB9 62 00 00 00        		.dd LBE5-_SystemTickClearWait
00000FBB 0D 00 0A 00        		.dw 0x0d,0x0a
00009DF0                    	.code
00000FBD                    	.debug
00000FBD 2E 00 73 00        		.dw '.stabf ',0,0
         74 00 61 00
         62 00 66 00
         20 00 00 00
         00 00      
00000FC6 65 00 00 00        		.dd LME8-_SystemTickClearWait
00000FC8 0D 00 0A 00        		.dw 0x0d,0x0a
00009DF0                    	.code
                            	LME8:
                            		.end
0 error(s), 0 warning(s).

















































