生成启动时间为 2019/4/7 11:05:38。
     1>项目“F:\C++\6-3 累加数列\6-3 累加数列\6-3 累加数列.vcxproj”在节点 2 上(build 个目标)。
     1>InitializeBuildStatus:
         正在创建“Release\6-3 累加数列.unsuccessfulbuild”，因为已指定“AlwaysCreate”。
       ClCompile:
         所有输出均为最新。
         E:\visual studio 2010\VC\bin\CL.exe /c /Zi /nologo /W3 /WX- /O2 /Oi /Oy- /GL /D WIN32 /D NDEBUG /D _CONSOLE /D _UNICODE /D UNICODE /Gm- /EHsc /MD /GS /Gy /fp:precise /Zc:wchar_t /Zc:forScope /Yu"StdAfx.h" /Fp"Release\6-3 累加数列.pch" /Fo"Release\\" /Fd"Release\vc100.pdb" /Gd /TP /analyze- /errorReport:prompt "6-3 累加数列.cpp"
         6-3 累加数列.cpp
       Link:
         E:\visual studio 2010\VC\bin\link.exe /ERRORREPORT:PROMPT /OUT:"F:\C++\6-3 累加数列\Release\6-3 累加数列.exe" /INCREMENTAL:NO /NOLOGO kernel32.lib user32.lib gdi32.lib winspool.lib comdlg32.lib advapi32.lib shell32.lib ole32.lib oleaut32.lib uuid.lib odbc32.lib odbccp32.lib /MANIFEST /ManifestFile:"Release\6-3 累加数列.exe.intermediate.manifest" /MANIFESTUAC:"level='asInvoker' uiAccess='false'" /DEBUG /PDB:"F:\C++\6-3 累加数列\Release\6-3 累加数列.pdb" /SUBSYSTEM:CONSOLE /OPT:REF /OPT:ICF /LTCG /TLBID:1 /DYNAMICBASE /NXCOMPAT /IMPLIB:"F:\C++\6-3 累加数列\Release\6-3 累加数列.lib" /MACHINE:X86 "Release\6-3 累加数列.obj"
         Release\stdafx.obj
         正在生成代码
         已完成代码的生成
         6-3 累加数列.vcxproj -> F:\C++\6-3 累加数列\Release\6-3 累加数列.exe
       Manifest:
         C:\Program Files (x86)\Microsoft SDKs\Windows\v7.0A\bin\mt.exe /nologo /verbose /outputresource:"F:\C++\6-3 累加数列\Release\6-3 累加数列.exe;#1" /manifest "Release\6-3 累加数列.exe.intermediate.manifest"
       FinalizeBuildStatus:
         正在删除文件“Release\6-3 累加数列.unsuccessfulbuild”。
         正在对“Release\6-3 累加数列.lastbuildstate”执行 Touch 任务。
     1>已完成生成项目“F:\C++\6-3 累加数列\6-3 累加数列\6-3 累加数列.vcxproj”(build 个目标)的操作。

生成成功。

已用时间 00:00:00.68
