生成启动时间为 2019/3/23 9:22:11。
     1>项目“c:\Users\anhuishuangqiao\documents\visual studio 2010\Projects\。。\。。\。。.vcxproj”在节点 2 上(build 个目标)。
     1>InitializeBuildStatus:
         正在对“Debug\。。.unsuccessfulbuild”执行 Touch 任务。
       ClCompile:
         所有输出均为最新。
         E:\visual studio 2010\VC\bin\CL.exe /c /ZI /nologo /W3 /WX- /Od /Oy- /D WIN32 /D _DEBUG /D _CONSOLE /D _UNICODE /D UNICODE /Gm /EHsc /RTC1 /MDd /GS /fp:precise /Zc:wchar_t /Zc:forScope /Yu"StdAfx.h" /Fp"Debug\。。.pch" /Fo"Debug\\" /Fd"Debug\vc100.pdb" /Gd /TP /analyze- /errorReport:prompt "。。.cpp"
         。。.cpp
       ManifestResourceCompile:
         所有输出均为最新。
       Link:
         E:\visual studio 2010\VC\bin\link.exe /ERRORREPORT:PROMPT /OUT:"c:\users\anhuishuangqiao\documents\visual studio 2010\Projects\。。\Debug\。。.exe" /INCREMENTAL /NOLOGO kernel32.lib user32.lib gdi32.lib winspool.lib comdlg32.lib advapi32.lib shell32.lib ole32.lib oleaut32.lib uuid.lib odbc32.lib odbccp32.lib /MANIFEST /ManifestFile:"Debug\。。.exe.intermediate.manifest" /MANIFESTUAC:"level='asInvoker' uiAccess='false'" /DEBUG /PDB:"c:\users\anhuishuangqiao\documents\visual studio 2010\Projects\。。\Debug\。。.pdb" /SUBSYSTEM:CONSOLE /TLBID:1 /DYNAMICBASE /NXCOMPAT /IMPLIB:"c:\users\anhuishuangqiao\documents\visual studio 2010\Projects\。。\Debug\。。.lib" /MACHINE:X86 "Debug\。。.exe.embed.manifest.res"
         Debug\stdafx.obj
         "Debug\。。.obj"
       Manifest:
         C:\Program Files (x86)\Microsoft SDKs\Windows\v7.0A\bin\mt.exe /nologo /verbose /out:"Debug\。。.exe.embed.manifest" /manifest "Debug\。。.exe.intermediate.manifest"
         所有输出均为最新。
       LinkEmbedManifest:
         所有输出均为最新。
         。。.vcxproj -> c:\users\anhuishuangqiao\documents\visual studio 2010\Projects\。。\Debug\。。.exe
       FinalizeBuildStatus:
         正在删除文件“Debug\。。.unsuccessfulbuild”。
         正在对“Debug\。。.lastbuildstate”执行 Touch 任务。
     1>已完成生成项目“c:\Users\anhuishuangqiao\documents\visual studio 2010\Projects\。。\。。\。。.vcxproj”(build 个目标)的操作。

生成成功。

已用时间 00:00:01.22
