生成启动时间为 2019/3/23 10:03:20。
     1>项目“C:\Users\anhuishuangqiao\Documents\Visual Studio 2010\Projects\，，\，，\，，.vcxproj”在节点 2 上(build 个目标)。
     1>InitializeBuildStatus:
         正在对“Debug\，，.unsuccessfulbuild”执行 Touch 任务。
       ClCompile:
         所有输出均为最新。
         E:\visual studio 2010\VC\bin\CL.exe /c /ZI /nologo /W3 /WX- /Od /Oy- /D WIN32 /D _DEBUG /D _CONSOLE /D _UNICODE /D UNICODE /Gm /EHsc /RTC1 /MDd /GS /fp:precise /Zc:wchar_t /Zc:forScope /Yu"StdAfx.h" /Fp"Debug\，，.pch" /Fo"Debug\\" /Fd"Debug\vc100.pdb" /Gd /TP /analyze- /errorReport:prompt "，，.cpp"
         ，，.cpp
     1>c:\users\anhuishuangqiao\documents\visual studio 2010\projects\，，\，，\，，.cpp(2): error C2059: 语法错误:“常量”
     1>c:\users\anhuishuangqiao\documents\visual studio 2010\projects\，，\，，\，，.cpp(2): error C2470: “项目”: 看起来像函数定义，但没有参数列表；跳过明显的函数体
     1>c:\users\anhuishuangqiao\documents\visual studio 2010\projects\，，\，，\，，.cpp(2): error C2059: 语法错误:“字符串”
     1>c:\users\anhuishuangqiao\documents\visual studio 2010\projects\，，\，，\，，.cpp(5): error C2017: 非法的转义序列
     1>c:\users\anhuishuangqiao\documents\visual studio 2010\projects\，，\，，\，，.cpp(10): error C2017: 非法的转义序列
     1>c:\users\anhuishuangqiao\documents\visual studio 2010\projects\，，\，，\，，.cpp(10): error C2017: 非法的转义序列
     1>c:\users\anhuishuangqiao\documents\visual studio 2010\projects\，，\，，\，，.cpp(10): error C2017: 非法的转义序列
     1>c:\users\anhuishuangqiao\documents\visual studio 2010\projects\，，\，，\，，.cpp(10): error C2017: 非法的转义序列
     1>c:\users\anhuishuangqiao\documents\visual studio 2010\projects\，，\，，\，，.cpp(10): error C2017: 非法的转义序列
     1>c:\users\anhuishuangqiao\documents\visual studio 2010\projects\，，\，，\，，.cpp(10): error C2017: 非法的转义序列
     1>c:\users\anhuishuangqiao\documents\visual studio 2010\projects\，，\，，\，，.cpp(10): error C2017: 非法的转义序列
     1>c:\users\anhuishuangqiao\documents\visual studio 2010\projects\，，\，，\，，.cpp(10): error C2017: 非法的转义序列
     1>c:\users\anhuishuangqiao\documents\visual studio 2010\projects\，，\，，\，，.cpp(12): error C2017: 非法的转义序列
     1>c:\users\anhuishuangqiao\documents\visual studio 2010\projects\，，\，，\，，.cpp(13): error C2017: 非法的转义序列
     1>c:\users\anhuishuangqiao\documents\visual studio 2010\projects\，，\，，\，，.cpp(19): fatal error C1004: 发现意外的文件尾
     1>已完成生成项目“C:\Users\anhuishuangqiao\Documents\Visual Studio 2010\Projects\，，\，，\，，.vcxproj”(build 个目标)的操作 - 失败。

生成失败。

已用时间 00:00:00.14
