生成启动时间为 2019/4/4 0:04:01。
     1>项目“C:\Users\anhuishuangqiao\Desktop\作业累加\作业累加\作业累加.vcxproj”在节点 2 上(build 个目标)。
     1>InitializeBuildStatus:
         正在对“Debug\作业累加.unsuccessfulbuild”执行 Touch 任务。
       ClCompile:
         所有输出均为最新。
         E:\visual studio 2010\VC\bin\CL.exe /c /ZI /nologo /W3 /WX- /Od /Oy- /D WIN32 /D _DEBUG /D _CONSOLE /D _UNICODE /D UNICODE /Gm /EHsc /RTC1 /MDd /GS /fp:precise /Zc:wchar_t /Zc:forScope /Yu"StdAfx.h" /Fp"Debug\作业累加.pch" /Fo"Debug\\" /Fd"Debug\vc100.pdb" /Gd /TP /analyze- /errorReport:prompt "作业累加.cpp"
         作业累加.cpp
     1>c:\users\anhuishuangqiao\desktop\作业累加\作业累加\作业累加.cpp(11): warning C4700: 使用了未初始化的局部变量“n”
       ManifestResourceCompile:
         C:\Program Files (x86)\Microsoft SDKs\Windows\v7.0A\bin\rc.exe /nologo /fo"Debug\作业累加.exe.embed.manifest.res" "Debug\作业累加_manifest.rc" 
       Link:
         E:\visual studio 2010\VC\bin\link.exe /ERRORREPORT:PROMPT /OUT:"C:\Users\anhuishuangqiao\Desktop\作业累加\Debug\作业累加.exe" /INCREMENTAL /NOLOGO kernel32.lib user32.lib gdi32.lib winspool.lib comdlg32.lib advapi32.lib shell32.lib ole32.lib oleaut32.lib uuid.lib odbc32.lib odbccp32.lib /MANIFEST /ManifestFile:"Debug\作业累加.exe.intermediate.manifest" /MANIFESTUAC:"level='asInvoker' uiAccess='false'" /DEBUG /PDB:"C:\Users\anhuishuangqiao\Desktop\作业累加\Debug\作业累加.pdb" /SUBSYSTEM:CONSOLE /TLBID:1 /DYNAMICBASE /NXCOMPAT /IMPLIB:"C:\Users\anhuishuangqiao\Desktop\作业累加\Debug\作业累加.lib" /MACHINE:X86 "Debug\作业累加.exe.embed.manifest.res"
         Debug\stdafx.obj
         "Debug\作业累加.obj"
       Manifest:
         C:\Program Files (x86)\Microsoft SDKs\Windows\v7.0A\bin\mt.exe /nologo /verbose /out:"Debug\作业累加.exe.embed.manifest" /manifest "Debug\作业累加.exe.intermediate.manifest"
         C:\Program Files (x86)\Microsoft SDKs\Windows\v7.0A\bin\rc.exe /nologo /fo"Debug\作业累加.exe.embed.manifest.res" "Debug\作业累加_manifest.rc" 
       LinkEmbedManifest:
         E:\visual studio 2010\VC\bin\link.exe /ERRORREPORT:PROMPT /OUT:"C:\Users\anhuishuangqiao\Desktop\作业累加\Debug\作业累加.exe" /INCREMENTAL /NOLOGO kernel32.lib user32.lib gdi32.lib winspool.lib comdlg32.lib advapi32.lib shell32.lib ole32.lib oleaut32.lib uuid.lib odbc32.lib odbccp32.lib /MANIFEST /ManifestFile:"Debug\作业累加.exe.intermediate.manifest" /MANIFESTUAC:"level='asInvoker' uiAccess='false'" /DEBUG /PDB:"C:\Users\anhuishuangqiao\Desktop\作业累加\Debug\作业累加.pdb" /SUBSYSTEM:CONSOLE /TLBID:1 /DYNAMICBASE /NXCOMPAT /IMPLIB:"C:\Users\anhuishuangqiao\Desktop\作业累加\Debug\作业累加.lib" /MACHINE:X86 "Debug\作业累加.exe.embed.manifest.res"
         Debug\stdafx.obj
         "Debug\作业累加.obj"
         作业累加.vcxproj -> C:\Users\anhuishuangqiao\Desktop\作业累加\Debug\作业累加.exe
       FinalizeBuildStatus:
         正在删除文件“Debug\作业累加.unsuccessfulbuild”。
         正在对“Debug\作业累加.lastbuildstate”执行 Touch 任务。
     1>已完成生成项目“C:\Users\anhuishuangqiao\Desktop\作业累加\作业累加\作业累加.vcxproj”(build 个目标)的操作。

生成成功。

已用时间 00:00:01.56
