生成启动时间为 2019/4/3 23:29:55。
     1>项目“c:\Users\anhuishuangqiao\documents\visual studio 2010\Projects\cc\cc\cc.vcxproj”在节点 2 上(build 个目标)。
     1>PrepareForBuild:
         正在创建目录“c:\users\anhuishuangqiao\documents\visual studio 2010\Projects\cc\Release\”。
       InitializeBuildStatus:
         正在创建“Release\cc.unsuccessfulbuild”，因为已指定“AlwaysCreate”。
       ClCompile:
         E:\visual studio 2010\VC\bin\CL.exe /c /Zi /nologo /W3 /WX- /O2 /Oi /Oy- /GL /D WIN32 /D NDEBUG /D _CONSOLE /D _UNICODE /D UNICODE /Gm- /EHsc /MD /GS /Gy /fp:precise /Zc:wchar_t /Zc:forScope /Yc"StdAfx.h" /Fp"Release\cc.pch" /Fo"Release\\" /Fd"Release\vc100.pdb" /Gd /TP /analyze- /errorReport:prompt stdafx.cpp
         stdafx.cpp
         E:\visual studio 2010\VC\bin\CL.exe /c /Zi /nologo /W3 /WX- /O2 /Oi /Oy- /GL /D WIN32 /D NDEBUG /D _CONSOLE /D _UNICODE /D UNICODE /Gm- /EHsc /MD /GS /Gy /fp:precise /Zc:wchar_t /Zc:forScope /Yu"StdAfx.h" /Fp"Release\cc.pch" /Fo"Release\\" /Fd"Release\vc100.pdb" /Gd /TP /analyze- /errorReport:prompt cc.cpp
         cc.cpp
       Link:
         E:\visual studio 2010\VC\bin\link.exe /ERRORREPORT:PROMPT /OUT:"c:\users\anhuishuangqiao\documents\visual studio 2010\Projects\cc\Release\cc.exe" /INCREMENTAL:NO /NOLOGO kernel32.lib user32.lib gdi32.lib winspool.lib comdlg32.lib advapi32.lib shell32.lib ole32.lib oleaut32.lib uuid.lib odbc32.lib odbccp32.lib /MANIFEST /ManifestFile:"Release\cc.exe.intermediate.manifest" /MANIFESTUAC:"level='asInvoker' uiAccess='false'" /DEBUG /PDB:"c:\users\anhuishuangqiao\documents\visual studio 2010\Projects\cc\Release\cc.pdb" /SUBSYSTEM:CONSOLE /OPT:REF /OPT:ICF /LTCG /TLBID:1 /DYNAMICBASE /NXCOMPAT /IMPLIB:"c:\users\anhuishuangqiao\documents\visual studio 2010\Projects\cc\Release\cc.lib" /MACHINE:X86 Release\cc.obj
         Release\stdafx.obj
         正在生成代码
         已完成代码的生成
         cc.vcxproj -> c:\users\anhuishuangqiao\documents\visual studio 2010\Projects\cc\Release\cc.exe
       Manifest:
         C:\Program Files (x86)\Microsoft SDKs\Windows\v7.0A\bin\mt.exe /nologo /verbose /outputresource:"c:\users\anhuishuangqiao\documents\visual studio 2010\Projects\cc\Release\cc.exe;#1" /manifest Release\cc.exe.intermediate.manifest
       FinalizeBuildStatus:
         正在删除文件“Release\cc.unsuccessfulbuild”。
         正在对“Release\cc.lastbuildstate”执行 Touch 任务。
     1>已完成生成项目“c:\Users\anhuishuangqiao\documents\visual studio 2010\Projects\cc\cc\cc.vcxproj”(build 个目标)的操作。

生成成功。

已用时间 00:00:00.77
