生成启动时间为 2019/6/1 22:16:45。
     1>项目“F:\C++\kaoshi\kaoshi\kaoshi.vcxproj”在节点 2 上(build 个目标)。
     1>InitializeBuildStatus:
         正在创建“Release\kaoshi.unsuccessfulbuild”，因为已指定“AlwaysCreate”。
       ClCompile:
         E:\visual studio 2010\VC\bin\CL.exe /c /Zi /nologo /W3 /WX- /O2 /Oi /Oy- /GL /D WIN32 /D NDEBUG /D _CONSOLE /D _UNICODE /D UNICODE /Gm- /EHsc /MD /GS /Gy /fp:precise /Zc:wchar_t /Zc:forScope /Fo"Release\\" /Fd"Release\vc100.pdb" /Gd /TP /analyze- /errorReport:prompt kaoshi.cpp
         kaoshi.cpp
       Link:
         E:\visual studio 2010\VC\bin\link.exe /ERRORREPORT:PROMPT /OUT:"F:\C++\kaoshi\Release\kaoshi.exe" /INCREMENTAL:NO /NOLOGO kernel32.lib user32.lib gdi32.lib winspool.lib comdlg32.lib advapi32.lib shell32.lib ole32.lib oleaut32.lib uuid.lib odbc32.lib odbccp32.lib /MANIFEST /ManifestFile:"Release\kaoshi.exe.intermediate.manifest" /MANIFESTUAC:"level='asInvoker' uiAccess='false'" /DEBUG /PDB:"F:\C++\kaoshi\Release\kaoshi.pdb" /SUBSYSTEM:CONSOLE /OPT:REF /OPT:ICF /LTCG /TLBID:1 /DYNAMICBASE /NXCOMPAT /IMPLIB:"F:\C++\kaoshi\Release\kaoshi.lib" /MACHINE:X86 Release\kaoshi.obj
         Release\stdafx.obj
         正在生成代码
         已完成代码的生成
         kaoshi.vcxproj -> F:\C++\kaoshi\Release\kaoshi.exe
       Manifest:
         C:\Program Files (x86)\Microsoft SDKs\Windows\v7.0A\bin\mt.exe /nologo /verbose /outputresource:"F:\C++\kaoshi\Release\kaoshi.exe;#1" /manifest Release\kaoshi.exe.intermediate.manifest
       FinalizeBuildStatus:
         正在删除文件“Release\kaoshi.unsuccessfulbuild”。
         正在对“Release\kaoshi.lastbuildstate”执行 Touch 任务。
     1>已完成生成项目“F:\C++\kaoshi\kaoshi\kaoshi.vcxproj”(build 个目标)的操作。

生成成功。

已用时间 00:00:00.66
