生成启动时间为 2019/5/14 18:02:28。
     1>项目“F:\C++\10 1\10 1\10 1.vcxproj”在节点 2 上(build 个目标)。
     1>InitializeBuildStatus:
         正在对“Debug\10 1.unsuccessfulbuild”执行 Touch 任务。
       ClCompile:
         E:\visual studio 2010\VC\bin\CL.exe /c /ZI /nologo /W3 /WX- /Od /Oy- /D WIN32 /D _DEBUG /D _CONSOLE /D _UNICODE /D UNICODE /Gm /EHsc /RTC1 /MDd /GS /fp:precise /Zc:wchar_t /Zc:forScope /Fo"Debug\\" /Fd"Debug\vc100.pdb" /Gd /TP /analyze- /errorReport:prompt "10 1.cpp"
         10 1.cpp
       ManifestResourceCompile:
         所有输出均为最新。
       Link:
         E:\visual studio 2010\VC\bin\link.exe /ERRORREPORT:PROMPT /OUT:"F:\C++\10 1\Debug\10 1.exe" /INCREMENTAL /NOLOGO kernel32.lib user32.lib gdi32.lib winspool.lib comdlg32.lib advapi32.lib shell32.lib ole32.lib oleaut32.lib uuid.lib odbc32.lib odbccp32.lib /MANIFEST /ManifestFile:"Debug\10 1.exe.intermediate.manifest" /MANIFESTUAC:"level='asInvoker' uiAccess='false'" /DEBUG /PDB:"F:\C++\10 1\Debug\10 1.pdb" /SUBSYSTEM:CONSOLE /TLBID:1 /DYNAMICBASE /NXCOMPAT /IMPLIB:"F:\C++\10 1\Debug\10 1.lib" /MACHINE:X86 "Debug\10 1.exe.embed.manifest.res"
         "Debug\10 1.obj"
         Debug\stdafx.obj
       Manifest:
         C:\Program Files (x86)\Microsoft SDKs\Windows\v7.0A\bin\mt.exe /nologo /verbose /out:"Debug\10 1.exe.embed.manifest" /manifest "Debug\10 1.exe.intermediate.manifest"
         所有输出均为最新。
       LinkEmbedManifest:
         所有输出均为最新。
         10 1.vcxproj -> F:\C++\10 1\Debug\10 1.exe
       FinalizeBuildStatus:
         正在删除文件“Debug\10 1.unsuccessfulbuild”。
         正在对“Debug\10 1.lastbuildstate”执行 Touch 任务。
     1>已完成生成项目“F:\C++\10 1\10 1\10 1.vcxproj”(build 个目标)的操作。

生成成功。

已用时间 00:00:00.93
